ARM GAS  C:\Users\20614\AppData\Local\Temp\ccBjKVyV.s 			page 1


   1              		.cpu cortex-m7
   2              		.eabi_attribute 28, 1
   3              		.eabi_attribute 20, 1
   4              		.eabi_attribute 21, 1
   5              		.eabi_attribute 23, 3
   6              		.eabi_attribute 24, 1
   7              		.eabi_attribute 25, 1
   8              		.eabi_attribute 26, 1
   9              		.eabi_attribute 30, 1
  10              		.eabi_attribute 34, 1
  11              		.eabi_attribute 18, 4
  12              		.file	"touch_iic.c"
  13              		.text
  14              	.Ltext0:
  15              		.cfi_sections	.debug_frame
  16              		.section	.text.Touch_IIC_GPIO_Config,"ax",%progbits
  17              		.align	1
  18              		.global	Touch_IIC_GPIO_Config
  19              		.arch armv7e-m
  20              		.syntax unified
  21              		.thumb
  22              		.thumb_func
  23              		.fpu fpv5-d16
  25              	Touch_IIC_GPIO_Config:
  26              	.LFB141:
  27              		.file 1 "Core/Src/touch_iic.c"
   1:Core/Src/touch_iic.c **** /***		
   2:Core/Src/touch_iic.c **** >>>>>	文件说明：
   3:Core/Src/touch_iic.c **** 	*
   4:Core/Src/touch_iic.c **** 	*  1.触摸屏相关的IIC函数
   5:Core/Src/touch_iic.c **** 	* 	2.使用模拟IIC
   6:Core/Src/touch_iic.c **** 	*	3.通信速度默认为100KHz
   7:Core/Src/touch_iic.c **** 	*
   8:Core/Src/touch_iic.c **** 	**************************************************************************************************
   9:Core/Src/touch_iic.c **** ***/
  10:Core/Src/touch_iic.c **** 
  11:Core/Src/touch_iic.c **** #include "touch_iic.h"  
  12:Core/Src/touch_iic.c **** 
  13:Core/Src/touch_iic.c **** 
  14:Core/Src/touch_iic.c **** /*****************************************************************************************
  15:Core/Src/touch_iic.c **** *	函 数 名: Touch_IIC_GPIO_Config
  16:Core/Src/touch_iic.c **** *	入口参数: 无
  17:Core/Src/touch_iic.c **** *	返 回 值: 无
  18:Core/Src/touch_iic.c **** *	函数功能: 初始化IIC的GPIO口,推挽输出
  19:Core/Src/touch_iic.c **** *	说    明: 由于IIC通信速度不高，这里的IO口速度配置为2M即可
  20:Core/Src/touch_iic.c **** ******************************************************************************************/
  21:Core/Src/touch_iic.c **** 
  22:Core/Src/touch_iic.c **** void Touch_IIC_GPIO_Config (void)
  23:Core/Src/touch_iic.c **** {
  28              		.loc 1 23 1 view -0
  29              		.cfi_startproc
  30              		@ args = 0, pretend = 0, frame = 40
  31              		@ frame_needed = 0, uses_anonymous_args = 0
  32 0000 2DE9F047 		push	{r4, r5, r6, r7, r8, r9, r10, lr}
  33              	.LCFI0:
  34              		.cfi_def_cfa_offset 32
  35              		.cfi_offset 4, -32
ARM GAS  C:\Users\20614\AppData\Local\Temp\ccBjKVyV.s 			page 2


  36              		.cfi_offset 5, -28
  37              		.cfi_offset 6, -24
  38              		.cfi_offset 7, -20
  39              		.cfi_offset 8, -16
  40              		.cfi_offset 9, -12
  41              		.cfi_offset 10, -8
  42              		.cfi_offset 14, -4
  43 0004 8AB0     		sub	sp, sp, #40
  44              	.LCFI1:
  45              		.cfi_def_cfa_offset 72
  24:Core/Src/touch_iic.c **** 	GPIO_InitTypeDef GPIO_InitStruct = {0};
  46              		.loc 1 24 2 view .LVU1
  47              		.loc 1 24 19 is_stmt 0 view .LVU2
  48 0006 0025     		movs	r5, #0
  49 0008 0595     		str	r5, [sp, #20]
  50 000a 0695     		str	r5, [sp, #24]
  51 000c 0795     		str	r5, [sp, #28]
  52 000e 0895     		str	r5, [sp, #32]
  53 0010 0995     		str	r5, [sp, #36]
  25:Core/Src/touch_iic.c **** 	
  26:Core/Src/touch_iic.c **** 	Touch_IIC_SCL_CLK_ENABLE;	//初始化IO口时钟
  54              		.loc 1 26 2 is_stmt 1 view .LVU3
  55              	.LBB2:
  56              		.loc 1 26 2 view .LVU4
  57              		.loc 1 26 2 view .LVU5
  58 0012 364B     		ldr	r3, .L3
  59 0014 D3F84021 		ldr	r2, [r3, #320]
  60 0018 42F01002 		orr	r2, r2, #16
  61 001c C3F84021 		str	r2, [r3, #320]
  62              		.loc 1 26 2 view .LVU6
  63 0020 D3F84021 		ldr	r2, [r3, #320]
  64 0024 02F01002 		and	r2, r2, #16
  65 0028 0192     		str	r2, [sp, #4]
  66              		.loc 1 26 2 view .LVU7
  67 002a 019A     		ldr	r2, [sp, #4]
  68              	.LBE2:
  69              		.loc 1 26 2 view .LVU8
  27:Core/Src/touch_iic.c **** 	Touch_IIC_SDA_CLK_ENABLE;
  70              		.loc 1 27 2 view .LVU9
  71              	.LBB3:
  72              		.loc 1 27 2 view .LVU10
  73              		.loc 1 27 2 view .LVU11
  74 002c D3F84021 		ldr	r2, [r3, #320]
  75 0030 42F01002 		orr	r2, r2, #16
  76 0034 C3F84021 		str	r2, [r3, #320]
  77              		.loc 1 27 2 view .LVU12
  78 0038 D3F84021 		ldr	r2, [r3, #320]
  79 003c 02F01002 		and	r2, r2, #16
  80 0040 0292     		str	r2, [sp, #8]
  81              		.loc 1 27 2 view .LVU13
  82 0042 029A     		ldr	r2, [sp, #8]
  83              	.LBE3:
  84              		.loc 1 27 2 view .LVU14
  28:Core/Src/touch_iic.c **** 	Touch_INT_CLK_ENABLE;	
  85              		.loc 1 28 2 view .LVU15
  86              	.LBB4:
  87              		.loc 1 28 2 view .LVU16
ARM GAS  C:\Users\20614\AppData\Local\Temp\ccBjKVyV.s 			page 3


  88              		.loc 1 28 2 view .LVU17
  89 0044 D3F84021 		ldr	r2, [r3, #320]
  90 0048 42F01002 		orr	r2, r2, #16
  91 004c C3F84021 		str	r2, [r3, #320]
  92              		.loc 1 28 2 view .LVU18
  93 0050 D3F84021 		ldr	r2, [r3, #320]
  94 0054 02F01002 		and	r2, r2, #16
  95 0058 0392     		str	r2, [sp, #12]
  96              		.loc 1 28 2 view .LVU19
  97 005a 039A     		ldr	r2, [sp, #12]
  98              	.LBE4:
  99              		.loc 1 28 2 view .LVU20
  29:Core/Src/touch_iic.c **** 	Touch_RST_CLK_ENABLE;	
 100              		.loc 1 29 2 view .LVU21
 101              	.LBB5:
 102              		.loc 1 29 2 view .LVU22
 103              		.loc 1 29 2 view .LVU23
 104 005c D3F84021 		ldr	r2, [r3, #320]
 105 0060 42F01002 		orr	r2, r2, #16
 106 0064 C3F84021 		str	r2, [r3, #320]
 107              		.loc 1 29 2 view .LVU24
 108 0068 D3F84031 		ldr	r3, [r3, #320]
 109 006c 03F01003 		and	r3, r3, #16
 110 0070 0493     		str	r3, [sp, #16]
 111              		.loc 1 29 2 view .LVU25
 112 0072 049B     		ldr	r3, [sp, #16]
 113              	.LBE5:
 114              		.loc 1 29 2 view .LVU26
  30:Core/Src/touch_iic.c **** 	
  31:Core/Src/touch_iic.c **** 	GPIO_InitStruct.Pin 			= Touch_IIC_SCL_PIN;				// SCL引脚
 115              		.loc 1 31 2 view .LVU27
 116              		.loc 1 31 25 is_stmt 0 view .LVU28
 117 0074 4FF0200A 		mov	r10, #32
 118 0078 CDF814A0 		str	r10, [sp, #20]
  32:Core/Src/touch_iic.c **** 	GPIO_InitStruct.Mode 		= GPIO_MODE_OUTPUT_OD;			// 开漏输出
 119              		.loc 1 32 2 is_stmt 1 view .LVU29
 120              		.loc 1 32 25 is_stmt 0 view .LVU30
 121 007c 1123     		movs	r3, #17
 122 007e 0693     		str	r3, [sp, #24]
  33:Core/Src/touch_iic.c **** 	GPIO_InitStruct.Pull 		= GPIO_NOPULL;						// 不带上下拉
 123              		.loc 1 33 2 is_stmt 1 view .LVU31
  34:Core/Src/touch_iic.c **** 	GPIO_InitStruct.Speed 		= GPIO_SPEED_FREQ_LOW;			// 速度等级 
 124              		.loc 1 34 2 view .LVU32
  35:Core/Src/touch_iic.c **** 	HAL_GPIO_Init(Touch_IIC_SCL_PORT, &GPIO_InitStruct);
 125              		.loc 1 35 2 view .LVU33
 126 0080 1B4C     		ldr	r4, .L3+4
 127 0082 05A9     		add	r1, sp, #20
 128 0084 2046     		mov	r0, r4
 129 0086 FFF7FEFF 		bl	HAL_GPIO_Init
 130              	.LVL0:
  36:Core/Src/touch_iic.c **** 
  37:Core/Src/touch_iic.c **** 	GPIO_InitStruct.Pin 			= Touch_IIC_SDA_PIN;				// SDA引脚
 131              		.loc 1 37 2 view .LVU34
 132              		.loc 1 37 25 is_stmt 0 view .LVU35
 133 008a 4FF04009 		mov	r9, #64
 134 008e CDF81490 		str	r9, [sp, #20]
  38:Core/Src/touch_iic.c **** 	HAL_GPIO_Init(Touch_IIC_SDA_PORT, &GPIO_InitStruct);		
ARM GAS  C:\Users\20614\AppData\Local\Temp\ccBjKVyV.s 			page 4


 135              		.loc 1 38 2 is_stmt 1 view .LVU36
 136 0092 05A9     		add	r1, sp, #20
 137 0094 2046     		mov	r0, r4
 138 0096 FFF7FEFF 		bl	HAL_GPIO_Init
 139              	.LVL1:
  39:Core/Src/touch_iic.c **** 
  40:Core/Src/touch_iic.c **** 	
  41:Core/Src/touch_iic.c **** 	GPIO_InitStruct.Mode = GPIO_MODE_OUTPUT_PP;      			// 推挽输出
 140              		.loc 1 41 2 view .LVU37
 141              		.loc 1 41 23 is_stmt 0 view .LVU38
 142 009a 0126     		movs	r6, #1
 143 009c 0696     		str	r6, [sp, #24]
  42:Core/Src/touch_iic.c **** 	GPIO_InitStruct.Pull  = GPIO_PULLUP;		 					// 上拉	
 144              		.loc 1 42 2 is_stmt 1 view .LVU39
 145              		.loc 1 42 24 is_stmt 0 view .LVU40
 146 009e 0796     		str	r6, [sp, #28]
  43:Core/Src/touch_iic.c **** 	
  44:Core/Src/touch_iic.c **** 	GPIO_InitStruct.Pin = Touch_INT_PIN; 							//	INT
 147              		.loc 1 44 2 is_stmt 1 view .LVU41
 148              		.loc 1 44 22 is_stmt 0 view .LVU42
 149 00a0 4FF01008 		mov	r8, #16
 150 00a4 CDF81480 		str	r8, [sp, #20]
  45:Core/Src/touch_iic.c **** 	HAL_GPIO_Init(Touch_INT_PORT, &GPIO_InitStruct);				
 151              		.loc 1 45 2 is_stmt 1 view .LVU43
 152 00a8 05A9     		add	r1, sp, #20
 153 00aa 2046     		mov	r0, r4
 154 00ac FFF7FEFF 		bl	HAL_GPIO_Init
 155              	.LVL2:
  46:Core/Src/touch_iic.c **** 
  47:Core/Src/touch_iic.c **** 	GPIO_InitStruct.Pin = Touch_RST_PIN; 							//	RST
 156              		.loc 1 47 2 view .LVU44
 157              		.loc 1 47 22 is_stmt 0 view .LVU45
 158 00b0 0827     		movs	r7, #8
 159 00b2 0597     		str	r7, [sp, #20]
  48:Core/Src/touch_iic.c **** 	HAL_GPIO_Init(Touch_RST_PORT, &GPIO_InitStruct);					   
 160              		.loc 1 48 2 is_stmt 1 view .LVU46
 161 00b4 05A9     		add	r1, sp, #20
 162 00b6 2046     		mov	r0, r4
 163 00b8 FFF7FEFF 		bl	HAL_GPIO_Init
 164              	.LVL3:
  49:Core/Src/touch_iic.c **** 
  50:Core/Src/touch_iic.c **** 	HAL_GPIO_WritePin(Touch_IIC_SCL_PORT, Touch_IIC_SCL_PIN, GPIO_PIN_SET);		// SCL输出高电平
 165              		.loc 1 50 2 view .LVU47
 166 00bc 3246     		mov	r2, r6
 167 00be 5146     		mov	r1, r10
 168 00c0 2046     		mov	r0, r4
 169 00c2 FFF7FEFF 		bl	HAL_GPIO_WritePin
 170              	.LVL4:
  51:Core/Src/touch_iic.c **** 	HAL_GPIO_WritePin(Touch_IIC_SDA_PORT, Touch_IIC_SDA_PIN, GPIO_PIN_SET);    // SDA输出高电平
 171              		.loc 1 51 2 view .LVU48
 172 00c6 3246     		mov	r2, r6
 173 00c8 4946     		mov	r1, r9
 174 00ca 2046     		mov	r0, r4
 175 00cc FFF7FEFF 		bl	HAL_GPIO_WritePin
 176              	.LVL5:
  52:Core/Src/touch_iic.c **** 	HAL_GPIO_WritePin(Touch_INT_PORT, 	  Touch_INT_PIN,     GPIO_PIN_RESET);  // INT输出低电平
 177              		.loc 1 52 2 view .LVU49
ARM GAS  C:\Users\20614\AppData\Local\Temp\ccBjKVyV.s 			page 5


 178 00d0 2A46     		mov	r2, r5
 179 00d2 4146     		mov	r1, r8
 180 00d4 2046     		mov	r0, r4
 181 00d6 FFF7FEFF 		bl	HAL_GPIO_WritePin
 182              	.LVL6:
  53:Core/Src/touch_iic.c **** 	HAL_GPIO_WritePin(Touch_RST_PORT,     Touch_RST_PIN,     GPIO_PIN_SET);    // RST输出高电平
 183              		.loc 1 53 2 view .LVU50
 184 00da 3246     		mov	r2, r6
 185 00dc 3946     		mov	r1, r7
 186 00de 2046     		mov	r0, r4
 187 00e0 FFF7FEFF 		bl	HAL_GPIO_WritePin
 188              	.LVL7:
  54:Core/Src/touch_iic.c **** 
  55:Core/Src/touch_iic.c **** }
 189              		.loc 1 55 1 is_stmt 0 view .LVU51
 190 00e4 0AB0     		add	sp, sp, #40
 191              	.LCFI2:
 192              		.cfi_def_cfa_offset 32
 193              		@ sp needed
 194 00e6 BDE8F087 		pop	{r4, r5, r6, r7, r8, r9, r10, pc}
 195              	.L4:
 196 00ea 00BF     		.align	2
 197              	.L3:
 198 00ec 00440258 		.word	1476543488
 199 00f0 00100258 		.word	1476530176
 200              		.cfi_endproc
 201              	.LFE141:
 203              		.section	.text.Touch_IIC_Delay,"ax",%progbits
 204              		.align	1
 205              		.global	Touch_IIC_Delay
 206              		.syntax unified
 207              		.thumb
 208              		.thumb_func
 209              		.fpu fpv5-d16
 211              	Touch_IIC_Delay:
 212              	.LVL8:
 213              	.LFB142:
  56:Core/Src/touch_iic.c **** 
  57:Core/Src/touch_iic.c **** /*****************************************************************************************
  58:Core/Src/touch_iic.c **** *	函 数 名: Touch_IIC_Delay
  59:Core/Src/touch_iic.c **** *	入口参数: a - 延时时间
  60:Core/Src/touch_iic.c **** *	返 回 值: 无
  61:Core/Src/touch_iic.c **** *	函数功能: 简单延时函数
  62:Core/Src/touch_iic.c **** *	说    明: 为了移植的简便性且对延时精度要求不高，所以不需要使用定时器做延时
  63:Core/Src/touch_iic.c **** ******************************************************************************************/
  64:Core/Src/touch_iic.c **** 
  65:Core/Src/touch_iic.c **** void Touch_IIC_Delay(uint32_t a)
  66:Core/Src/touch_iic.c **** {
 214              		.loc 1 66 1 is_stmt 1 view -0
 215              		.cfi_startproc
 216              		@ args = 0, pretend = 0, frame = 8
 217              		@ frame_needed = 0, uses_anonymous_args = 0
 218              		@ link register save eliminated.
  67:Core/Src/touch_iic.c **** 	volatile uint16_t i;
 219              		.loc 1 67 2 view .LVU53
  68:Core/Src/touch_iic.c **** 	while (a --)				
 220              		.loc 1 68 2 view .LVU54
ARM GAS  C:\Users\20614\AppData\Local\Temp\ccBjKVyV.s 			page 6


 221              		.loc 1 68 8 view .LVU55
 222 0000 0346     		mov	r3, r0
 223              		.loc 1 68 11 is_stmt 0 view .LVU56
 224 0002 0138     		subs	r0, r0, #1
 225              	.LVL9:
 226              		.loc 1 68 8 view .LVU57
 227 0004 B3B1     		cbz	r3, .L13
  66:Core/Src/touch_iic.c **** 	volatile uint16_t i;
 228              		.loc 1 66 1 view .LVU58
 229 0006 82B0     		sub	sp, sp, #8
 230              	.LCFI3:
 231              		.cfi_def_cfa_offset 8
 232 0008 0EE0     		b	.L9
 233              	.L8:
  69:Core/Src/touch_iic.c **** 	{
  70:Core/Src/touch_iic.c **** 		for (i = 0; i < 4; i++);
 234              		.loc 1 70 26 is_stmt 1 discriminator 3 view .LVU59
 235              		.loc 1 70 22 discriminator 3 view .LVU60
 236              		.loc 1 70 23 is_stmt 0 discriminator 3 view .LVU61
 237 000a BDF80630 		ldrh	r3, [sp, #6]
 238 000e 9BB2     		uxth	r3, r3
 239 0010 0133     		adds	r3, r3, #1
 240 0012 9BB2     		uxth	r3, r3
 241 0014 ADF80630 		strh	r3, [sp, #6]	@ movhi
 242              	.L7:
 243              		.loc 1 70 15 is_stmt 1 discriminator 1 view .LVU62
 244              		.loc 1 70 17 is_stmt 0 discriminator 1 view .LVU63
 245 0018 BDF80630 		ldrh	r3, [sp, #6]
 246 001c 9BB2     		uxth	r3, r3
 247              		.loc 1 70 3 discriminator 1 view .LVU64
 248 001e 032B     		cmp	r3, #3
 249 0020 F3D9     		bls	.L8
  68:Core/Src/touch_iic.c **** 	{
 250              		.loc 1 68 8 is_stmt 1 view .LVU65
 251 0022 0346     		mov	r3, r0
  68:Core/Src/touch_iic.c **** 	{
 252              		.loc 1 68 11 is_stmt 0 view .LVU66
 253 0024 0138     		subs	r0, r0, #1
 254              	.LVL10:
  68:Core/Src/touch_iic.c **** 	{
 255              		.loc 1 68 8 view .LVU67
 256 0026 1BB1     		cbz	r3, .L14
 257              	.L9:
 258              		.loc 1 70 3 is_stmt 1 view .LVU68
 259              		.loc 1 70 10 is_stmt 0 view .LVU69
 260 0028 0023     		movs	r3, #0
 261 002a ADF80630 		strh	r3, [sp, #6]	@ movhi
 262              		.loc 1 70 3 view .LVU70
 263 002e F3E7     		b	.L7
 264              	.L14:
  71:Core/Src/touch_iic.c **** 	}
  72:Core/Src/touch_iic.c **** }
 265              		.loc 1 72 1 view .LVU71
 266 0030 02B0     		add	sp, sp, #8
 267              	.LCFI4:
 268              		.cfi_def_cfa_offset 0
 269              		@ sp needed
ARM GAS  C:\Users\20614\AppData\Local\Temp\ccBjKVyV.s 			page 7


 270 0032 7047     		bx	lr
 271              	.L13:
 272              		.loc 1 72 1 view .LVU72
 273 0034 7047     		bx	lr
 274              		.cfi_endproc
 275              	.LFE142:
 277              		.section	.text.Touch_INT_Out,"ax",%progbits
 278              		.align	1
 279              		.global	Touch_INT_Out
 280              		.syntax unified
 281              		.thumb
 282              		.thumb_func
 283              		.fpu fpv5-d16
 285              	Touch_INT_Out:
 286              	.LFB143:
  73:Core/Src/touch_iic.c **** 
  74:Core/Src/touch_iic.c **** /*****************************************************************************************
  75:Core/Src/touch_iic.c **** *	函 数 名: Touch_IIC_INT_Out
  76:Core/Src/touch_iic.c **** *	入口参数: 无
  77:Core/Src/touch_iic.c **** *	返 回 值: 无
  78:Core/Src/touch_iic.c **** *	函数功能: 配置IIC的INT脚为输出模式
  79:Core/Src/touch_iic.c **** *	说    明: 无
  80:Core/Src/touch_iic.c **** ******************************************************************************************/
  81:Core/Src/touch_iic.c **** 
  82:Core/Src/touch_iic.c **** void Touch_INT_Out(void)
  83:Core/Src/touch_iic.c **** {
 287              		.loc 1 83 1 is_stmt 1 view -0
 288              		.cfi_startproc
 289              		@ args = 0, pretend = 0, frame = 24
 290              		@ frame_needed = 0, uses_anonymous_args = 0
 291 0000 00B5     		push	{lr}
 292              	.LCFI5:
 293              		.cfi_def_cfa_offset 4
 294              		.cfi_offset 14, -4
 295 0002 87B0     		sub	sp, sp, #28
 296              	.LCFI6:
 297              		.cfi_def_cfa_offset 32
  84:Core/Src/touch_iic.c **** 	GPIO_InitTypeDef GPIO_InitStruct = {0};
 298              		.loc 1 84 2 view .LVU74
 299              		.loc 1 84 19 is_stmt 0 view .LVU75
 300 0004 0023     		movs	r3, #0
 301 0006 0193     		str	r3, [sp, #4]
 302 0008 0293     		str	r3, [sp, #8]
 303 000a 0393     		str	r3, [sp, #12]
 304 000c 0493     		str	r3, [sp, #16]
 305 000e 0593     		str	r3, [sp, #20]
  85:Core/Src/touch_iic.c **** 	
  86:Core/Src/touch_iic.c **** 	GPIO_InitStruct.Mode  = GPIO_MODE_OUTPUT_PP;      	// 输出模式
 306              		.loc 1 86 2 is_stmt 1 view .LVU76
 307              		.loc 1 86 24 is_stmt 0 view .LVU77
 308 0010 0123     		movs	r3, #1
 309 0012 0293     		str	r3, [sp, #8]
  87:Core/Src/touch_iic.c **** 	GPIO_InitStruct.Pull  = GPIO_PULLUP;		 			// 上拉	
 310              		.loc 1 87 2 is_stmt 1 view .LVU78
 311              		.loc 1 87 24 is_stmt 0 view .LVU79
 312 0014 0393     		str	r3, [sp, #12]
  88:Core/Src/touch_iic.c **** 	GPIO_InitStruct.Speed = GPIO_SPEED_FREQ_LOW;    	// 速度等级
ARM GAS  C:\Users\20614\AppData\Local\Temp\ccBjKVyV.s 			page 8


 313              		.loc 1 88 2 is_stmt 1 view .LVU80
  89:Core/Src/touch_iic.c **** 	GPIO_InitStruct.Pin   = Touch_INT_PIN ;  				// 初始化 INT 引脚
 314              		.loc 1 89 2 view .LVU81
 315              		.loc 1 89 24 is_stmt 0 view .LVU82
 316 0016 1023     		movs	r3, #16
 317 0018 0193     		str	r3, [sp, #4]
  90:Core/Src/touch_iic.c **** 	
  91:Core/Src/touch_iic.c **** 	HAL_GPIO_Init(Touch_INT_PORT, &GPIO_InitStruct);		
 318              		.loc 1 91 2 is_stmt 1 view .LVU83
 319 001a 01A9     		add	r1, sp, #4
 320 001c 0248     		ldr	r0, .L17
 321 001e FFF7FEFF 		bl	HAL_GPIO_Init
 322              	.LVL11:
  92:Core/Src/touch_iic.c **** }
 323              		.loc 1 92 1 is_stmt 0 view .LVU84
 324 0022 07B0     		add	sp, sp, #28
 325              	.LCFI7:
 326              		.cfi_def_cfa_offset 4
 327              		@ sp needed
 328 0024 5DF804FB 		ldr	pc, [sp], #4
 329              	.L18:
 330              		.align	2
 331              	.L17:
 332 0028 00100258 		.word	1476530176
 333              		.cfi_endproc
 334              	.LFE143:
 336              		.section	.text.Touch_INT_In,"ax",%progbits
 337              		.align	1
 338              		.global	Touch_INT_In
 339              		.syntax unified
 340              		.thumb
 341              		.thumb_func
 342              		.fpu fpv5-d16
 344              	Touch_INT_In:
 345              	.LFB144:
  93:Core/Src/touch_iic.c **** 
  94:Core/Src/touch_iic.c **** /*****************************************************************************************
  95:Core/Src/touch_iic.c **** *	函 数 名: Touch_IIC_INT_In
  96:Core/Src/touch_iic.c **** *	入口参数: 无
  97:Core/Src/touch_iic.c **** *	返 回 值: 无
  98:Core/Src/touch_iic.c **** *	函数功能: 配置IIC的INT脚为输入模式
  99:Core/Src/touch_iic.c **** *	说    明: 无
 100:Core/Src/touch_iic.c **** ******************************************************************************************/
 101:Core/Src/touch_iic.c **** 
 102:Core/Src/touch_iic.c **** void Touch_INT_In(void)
 103:Core/Src/touch_iic.c **** {
 346              		.loc 1 103 1 is_stmt 1 view -0
 347              		.cfi_startproc
 348              		@ args = 0, pretend = 0, frame = 24
 349              		@ frame_needed = 0, uses_anonymous_args = 0
 350 0000 00B5     		push	{lr}
 351              	.LCFI8:
 352              		.cfi_def_cfa_offset 4
 353              		.cfi_offset 14, -4
 354 0002 87B0     		sub	sp, sp, #28
 355              	.LCFI9:
 356              		.cfi_def_cfa_offset 32
ARM GAS  C:\Users\20614\AppData\Local\Temp\ccBjKVyV.s 			page 9


 104:Core/Src/touch_iic.c **** 	GPIO_InitTypeDef GPIO_InitStruct = {0};
 357              		.loc 1 104 2 view .LVU86
 358              		.loc 1 104 19 is_stmt 0 view .LVU87
 359 0004 0023     		movs	r3, #0
 360 0006 0193     		str	r3, [sp, #4]
 361 0008 0293     		str	r3, [sp, #8]
 362 000a 0393     		str	r3, [sp, #12]
 363 000c 0493     		str	r3, [sp, #16]
 364 000e 0593     		str	r3, [sp, #20]
 105:Core/Src/touch_iic.c **** 	
 106:Core/Src/touch_iic.c **** 	GPIO_InitStruct.Mode  = GPIO_MODE_INPUT;      		// 输入模式
 365              		.loc 1 106 2 is_stmt 1 view .LVU88
 107:Core/Src/touch_iic.c **** 	GPIO_InitStruct.Pull  = GPIO_NOPULL;		 			// 浮空	
 366              		.loc 1 107 2 view .LVU89
 108:Core/Src/touch_iic.c **** 	GPIO_InitStruct.Speed = GPIO_SPEED_FREQ_LOW;    	// 速度等级
 367              		.loc 1 108 2 view .LVU90
 109:Core/Src/touch_iic.c **** 	GPIO_InitStruct.Pin   = Touch_INT_PIN ;  				// 初始化 INT 引脚
 368              		.loc 1 109 2 view .LVU91
 369              		.loc 1 109 24 is_stmt 0 view .LVU92
 370 0010 1023     		movs	r3, #16
 371 0012 0193     		str	r3, [sp, #4]
 110:Core/Src/touch_iic.c **** 	
 111:Core/Src/touch_iic.c **** 	HAL_GPIO_Init(Touch_INT_PORT, &GPIO_InitStruct);		
 372              		.loc 1 111 2 is_stmt 1 view .LVU93
 373 0014 01A9     		add	r1, sp, #4
 374 0016 0348     		ldr	r0, .L21
 375 0018 FFF7FEFF 		bl	HAL_GPIO_Init
 376              	.LVL12:
 112:Core/Src/touch_iic.c **** 
 113:Core/Src/touch_iic.c **** }
 377              		.loc 1 113 1 is_stmt 0 view .LVU94
 378 001c 07B0     		add	sp, sp, #28
 379              	.LCFI10:
 380              		.cfi_def_cfa_offset 4
 381              		@ sp needed
 382 001e 5DF804FB 		ldr	pc, [sp], #4
 383              	.L22:
 384 0022 00BF     		.align	2
 385              	.L21:
 386 0024 00100258 		.word	1476530176
 387              		.cfi_endproc
 388              	.LFE144:
 390              		.section	.text.Touch_IIC_Start,"ax",%progbits
 391              		.align	1
 392              		.global	Touch_IIC_Start
 393              		.syntax unified
 394              		.thumb
 395              		.thumb_func
 396              		.fpu fpv5-d16
 398              	Touch_IIC_Start:
 399              	.LFB145:
 114:Core/Src/touch_iic.c **** 
 115:Core/Src/touch_iic.c **** /*****************************************************************************************
 116:Core/Src/touch_iic.c **** *	函 数 名: Touch_IIC_Start
 117:Core/Src/touch_iic.c **** *	入口参数: 无
 118:Core/Src/touch_iic.c **** *	返 回 值: 无
 119:Core/Src/touch_iic.c **** *	函数功能: IIC起始信号
ARM GAS  C:\Users\20614\AppData\Local\Temp\ccBjKVyV.s 			page 10


 120:Core/Src/touch_iic.c **** *	说    明: 在SCL处于高电平期间，SDA由高到低跳变为起始信号
 121:Core/Src/touch_iic.c **** ******************************************************************************************/
 122:Core/Src/touch_iic.c **** 
 123:Core/Src/touch_iic.c **** void Touch_IIC_Start(void)
 124:Core/Src/touch_iic.c **** {
 400              		.loc 1 124 1 is_stmt 1 view -0
 401              		.cfi_startproc
 402              		@ args = 0, pretend = 0, frame = 0
 403              		@ frame_needed = 0, uses_anonymous_args = 0
 404 0000 10B5     		push	{r4, lr}
 405              	.LCFI11:
 406              		.cfi_def_cfa_offset 8
 407              		.cfi_offset 4, -8
 408              		.cfi_offset 14, -4
 125:Core/Src/touch_iic.c **** 	Touch_IIC_SDA(1);		
 409              		.loc 1 125 2 view .LVU96
 410              		.loc 1 125 2 view .LVU97
 411 0002 0F4C     		ldr	r4, .L25
 412 0004 0122     		movs	r2, #1
 413 0006 4021     		movs	r1, #64
 414 0008 2046     		mov	r0, r4
 415 000a FFF7FEFF 		bl	HAL_GPIO_WritePin
 416              	.LVL13:
 126:Core/Src/touch_iic.c **** 	Touch_IIC_SCL(1);
 417              		.loc 1 126 2 view .LVU98
 418              		.loc 1 126 2 view .LVU99
 419 000e 0122     		movs	r2, #1
 420 0010 2021     		movs	r1, #32
 421 0012 2046     		mov	r0, r4
 422 0014 FFF7FEFF 		bl	HAL_GPIO_WritePin
 423              	.LVL14:
 127:Core/Src/touch_iic.c **** 	Touch_IIC_Delay(IIC_DelayVaule);
 424              		.loc 1 127 2 view .LVU100
 425 0018 1420     		movs	r0, #20
 426 001a FFF7FEFF 		bl	Touch_IIC_Delay
 427              	.LVL15:
 128:Core/Src/touch_iic.c **** 	
 129:Core/Src/touch_iic.c **** 	Touch_IIC_SDA(0);
 428              		.loc 1 129 2 view .LVU101
 429              		.loc 1 129 2 view .LVU102
 430 001e 0022     		movs	r2, #0
 431 0020 4021     		movs	r1, #64
 432 0022 2046     		mov	r0, r4
 433 0024 FFF7FEFF 		bl	HAL_GPIO_WritePin
 434              	.LVL16:
 130:Core/Src/touch_iic.c **** 	Touch_IIC_Delay(IIC_DelayVaule);
 435              		.loc 1 130 2 view .LVU103
 436 0028 1420     		movs	r0, #20
 437 002a FFF7FEFF 		bl	Touch_IIC_Delay
 438              	.LVL17:
 131:Core/Src/touch_iic.c **** 	Touch_IIC_SCL(0);
 439              		.loc 1 131 2 view .LVU104
 440              		.loc 1 131 2 view .LVU105
 441 002e 0022     		movs	r2, #0
 442 0030 2021     		movs	r1, #32
 443 0032 2046     		mov	r0, r4
 444 0034 FFF7FEFF 		bl	HAL_GPIO_WritePin
ARM GAS  C:\Users\20614\AppData\Local\Temp\ccBjKVyV.s 			page 11


 445              	.LVL18:
 132:Core/Src/touch_iic.c **** 	Touch_IIC_Delay(IIC_DelayVaule);
 446              		.loc 1 132 2 view .LVU106
 447 0038 1420     		movs	r0, #20
 448 003a FFF7FEFF 		bl	Touch_IIC_Delay
 449              	.LVL19:
 133:Core/Src/touch_iic.c **** }
 450              		.loc 1 133 1 is_stmt 0 view .LVU107
 451 003e 10BD     		pop	{r4, pc}
 452              	.L26:
 453              		.align	2
 454              	.L25:
 455 0040 00100258 		.word	1476530176
 456              		.cfi_endproc
 457              	.LFE145:
 459              		.section	.text.Touch_IIC_Stop,"ax",%progbits
 460              		.align	1
 461              		.global	Touch_IIC_Stop
 462              		.syntax unified
 463              		.thumb
 464              		.thumb_func
 465              		.fpu fpv5-d16
 467              	Touch_IIC_Stop:
 468              	.LFB146:
 134:Core/Src/touch_iic.c **** 
 135:Core/Src/touch_iic.c **** /*****************************************************************************************
 136:Core/Src/touch_iic.c **** *	函 数 名: Touch_IIC_Stop
 137:Core/Src/touch_iic.c **** *	入口参数: 无
 138:Core/Src/touch_iic.c **** *	返 回 值: 无
 139:Core/Src/touch_iic.c **** *	函数功能: IIC停止信号
 140:Core/Src/touch_iic.c **** *	说    明: 在SCL处于高电平期间，SDA由低到高跳变为起始信号
 141:Core/Src/touch_iic.c **** ******************************************************************************************/
 142:Core/Src/touch_iic.c **** 
 143:Core/Src/touch_iic.c **** void Touch_IIC_Stop(void)
 144:Core/Src/touch_iic.c **** {
 469              		.loc 1 144 1 is_stmt 1 view -0
 470              		.cfi_startproc
 471              		@ args = 0, pretend = 0, frame = 0
 472              		@ frame_needed = 0, uses_anonymous_args = 0
 473 0000 10B5     		push	{r4, lr}
 474              	.LCFI12:
 475              		.cfi_def_cfa_offset 8
 476              		.cfi_offset 4, -8
 477              		.cfi_offset 14, -4
 145:Core/Src/touch_iic.c **** 	Touch_IIC_SCL(0);
 478              		.loc 1 145 2 view .LVU109
 479              		.loc 1 145 2 view .LVU110
 480 0002 114C     		ldr	r4, .L29
 481 0004 0022     		movs	r2, #0
 482 0006 2021     		movs	r1, #32
 483 0008 2046     		mov	r0, r4
 484 000a FFF7FEFF 		bl	HAL_GPIO_WritePin
 485              	.LVL20:
 146:Core/Src/touch_iic.c **** 	Touch_IIC_Delay(IIC_DelayVaule);
 486              		.loc 1 146 2 view .LVU111
 487 000e 1420     		movs	r0, #20
 488 0010 FFF7FEFF 		bl	Touch_IIC_Delay
ARM GAS  C:\Users\20614\AppData\Local\Temp\ccBjKVyV.s 			page 12


 489              	.LVL21:
 147:Core/Src/touch_iic.c **** 	Touch_IIC_SDA(0);
 490              		.loc 1 147 2 view .LVU112
 491              		.loc 1 147 2 view .LVU113
 492 0014 0022     		movs	r2, #0
 493 0016 4021     		movs	r1, #64
 494 0018 2046     		mov	r0, r4
 495 001a FFF7FEFF 		bl	HAL_GPIO_WritePin
 496              	.LVL22:
 148:Core/Src/touch_iic.c **** 	Touch_IIC_Delay(IIC_DelayVaule);
 497              		.loc 1 148 2 view .LVU114
 498 001e 1420     		movs	r0, #20
 499 0020 FFF7FEFF 		bl	Touch_IIC_Delay
 500              	.LVL23:
 149:Core/Src/touch_iic.c **** 	
 150:Core/Src/touch_iic.c **** 	Touch_IIC_SCL(1);
 501              		.loc 1 150 2 view .LVU115
 502              		.loc 1 150 2 view .LVU116
 503 0024 0122     		movs	r2, #1
 504 0026 2021     		movs	r1, #32
 505 0028 2046     		mov	r0, r4
 506 002a FFF7FEFF 		bl	HAL_GPIO_WritePin
 507              	.LVL24:
 151:Core/Src/touch_iic.c **** 	Touch_IIC_Delay(IIC_DelayVaule);
 508              		.loc 1 151 2 view .LVU117
 509 002e 1420     		movs	r0, #20
 510 0030 FFF7FEFF 		bl	Touch_IIC_Delay
 511              	.LVL25:
 152:Core/Src/touch_iic.c **** 	Touch_IIC_SDA(1);
 512              		.loc 1 152 2 view .LVU118
 513              		.loc 1 152 2 view .LVU119
 514 0034 0122     		movs	r2, #1
 515 0036 4021     		movs	r1, #64
 516 0038 2046     		mov	r0, r4
 517 003a FFF7FEFF 		bl	HAL_GPIO_WritePin
 518              	.LVL26:
 153:Core/Src/touch_iic.c **** 	Touch_IIC_Delay(IIC_DelayVaule);
 519              		.loc 1 153 2 view .LVU120
 520 003e 1420     		movs	r0, #20
 521 0040 FFF7FEFF 		bl	Touch_IIC_Delay
 522              	.LVL27:
 154:Core/Src/touch_iic.c **** }
 523              		.loc 1 154 1 is_stmt 0 view .LVU121
 524 0044 10BD     		pop	{r4, pc}
 525              	.L30:
 526 0046 00BF     		.align	2
 527              	.L29:
 528 0048 00100258 		.word	1476530176
 529              		.cfi_endproc
 530              	.LFE146:
 532              		.section	.text.Touch_IIC_ACK,"ax",%progbits
 533              		.align	1
 534              		.global	Touch_IIC_ACK
 535              		.syntax unified
 536              		.thumb
 537              		.thumb_func
 538              		.fpu fpv5-d16
ARM GAS  C:\Users\20614\AppData\Local\Temp\ccBjKVyV.s 			page 13


 540              	Touch_IIC_ACK:
 541              	.LFB147:
 155:Core/Src/touch_iic.c **** 
 156:Core/Src/touch_iic.c **** /*****************************************************************************************
 157:Core/Src/touch_iic.c **** *	函 数 名: Touch_IIC_ACK
 158:Core/Src/touch_iic.c **** *	入口参数: 无
 159:Core/Src/touch_iic.c **** *	返 回 值: 无
 160:Core/Src/touch_iic.c **** *	函数功能: IIC应答信号
 161:Core/Src/touch_iic.c **** *	说    明: 在SCL为高电平期间，SDA引脚输出为低电平，产生应答信号
 162:Core/Src/touch_iic.c **** ******************************************************************************************/
 163:Core/Src/touch_iic.c **** 
 164:Core/Src/touch_iic.c **** void Touch_IIC_ACK(void)
 165:Core/Src/touch_iic.c **** {
 542              		.loc 1 165 1 is_stmt 1 view -0
 543              		.cfi_startproc
 544              		@ args = 0, pretend = 0, frame = 0
 545              		@ frame_needed = 0, uses_anonymous_args = 0
 546 0000 10B5     		push	{r4, lr}
 547              	.LCFI13:
 548              		.cfi_def_cfa_offset 8
 549              		.cfi_offset 4, -8
 550              		.cfi_offset 14, -4
 166:Core/Src/touch_iic.c **** 	Touch_IIC_SCL(0);
 551              		.loc 1 166 2 view .LVU123
 552              		.loc 1 166 2 view .LVU124
 553 0002 134C     		ldr	r4, .L33
 554 0004 0022     		movs	r2, #0
 555 0006 2021     		movs	r1, #32
 556 0008 2046     		mov	r0, r4
 557 000a FFF7FEFF 		bl	HAL_GPIO_WritePin
 558              	.LVL28:
 167:Core/Src/touch_iic.c **** 	Touch_IIC_Delay(IIC_DelayVaule);
 559              		.loc 1 167 2 view .LVU125
 560 000e 1420     		movs	r0, #20
 561 0010 FFF7FEFF 		bl	Touch_IIC_Delay
 562              	.LVL29:
 168:Core/Src/touch_iic.c **** 	Touch_IIC_SDA(0);
 563              		.loc 1 168 2 view .LVU126
 564              		.loc 1 168 2 view .LVU127
 565 0014 0022     		movs	r2, #0
 566 0016 4021     		movs	r1, #64
 567 0018 2046     		mov	r0, r4
 568 001a FFF7FEFF 		bl	HAL_GPIO_WritePin
 569              	.LVL30:
 169:Core/Src/touch_iic.c **** 	Touch_IIC_Delay(IIC_DelayVaule);	
 570              		.loc 1 169 2 view .LVU128
 571 001e 1420     		movs	r0, #20
 572 0020 FFF7FEFF 		bl	Touch_IIC_Delay
 573              	.LVL31:
 170:Core/Src/touch_iic.c **** 	Touch_IIC_SCL(1);
 574              		.loc 1 170 2 view .LVU129
 575              		.loc 1 170 2 view .LVU130
 576 0024 0122     		movs	r2, #1
 577 0026 2021     		movs	r1, #32
 578 0028 2046     		mov	r0, r4
 579 002a FFF7FEFF 		bl	HAL_GPIO_WritePin
 580              	.LVL32:
ARM GAS  C:\Users\20614\AppData\Local\Temp\ccBjKVyV.s 			page 14


 171:Core/Src/touch_iic.c **** 	Touch_IIC_Delay(IIC_DelayVaule);
 581              		.loc 1 171 2 view .LVU131
 582 002e 1420     		movs	r0, #20
 583 0030 FFF7FEFF 		bl	Touch_IIC_Delay
 584              	.LVL33:
 172:Core/Src/touch_iic.c **** 	
 173:Core/Src/touch_iic.c **** 	Touch_IIC_SCL(0);		// SCL输出低时，SDA应立即拉高，释放总线
 585              		.loc 1 173 2 view .LVU132
 586              		.loc 1 173 2 view .LVU133
 587 0034 0022     		movs	r2, #0
 588 0036 2021     		movs	r1, #32
 589 0038 2046     		mov	r0, r4
 590 003a FFF7FEFF 		bl	HAL_GPIO_WritePin
 591              	.LVL34:
 174:Core/Src/touch_iic.c **** 	Touch_IIC_SDA(1);		
 592              		.loc 1 174 2 view .LVU134
 593              		.loc 1 174 2 view .LVU135
 594 003e 0122     		movs	r2, #1
 595 0040 4021     		movs	r1, #64
 596 0042 2046     		mov	r0, r4
 597 0044 FFF7FEFF 		bl	HAL_GPIO_WritePin
 598              	.LVL35:
 175:Core/Src/touch_iic.c **** 	
 176:Core/Src/touch_iic.c **** 	Touch_IIC_Delay(IIC_DelayVaule);
 599              		.loc 1 176 2 view .LVU136
 600 0048 1420     		movs	r0, #20
 601 004a FFF7FEFF 		bl	Touch_IIC_Delay
 602              	.LVL36:
 177:Core/Src/touch_iic.c **** 
 178:Core/Src/touch_iic.c **** }
 603              		.loc 1 178 1 is_stmt 0 view .LVU137
 604 004e 10BD     		pop	{r4, pc}
 605              	.L34:
 606              		.align	2
 607              	.L33:
 608 0050 00100258 		.word	1476530176
 609              		.cfi_endproc
 610              	.LFE147:
 612              		.section	.text.Touch_IIC_NoACK,"ax",%progbits
 613              		.align	1
 614              		.global	Touch_IIC_NoACK
 615              		.syntax unified
 616              		.thumb
 617              		.thumb_func
 618              		.fpu fpv5-d16
 620              	Touch_IIC_NoACK:
 621              	.LFB148:
 179:Core/Src/touch_iic.c **** 
 180:Core/Src/touch_iic.c **** /*****************************************************************************************
 181:Core/Src/touch_iic.c **** *	函 数 名: Touch_IIC_NoACK
 182:Core/Src/touch_iic.c **** *	入口参数: 无
 183:Core/Src/touch_iic.c **** *	返 回 值: 无
 184:Core/Src/touch_iic.c **** *	函数功能: IIC非应答信号
 185:Core/Src/touch_iic.c **** *	说    明: 在SCL为高电平期间，若SDA引脚为高电平，产生非应答信号
 186:Core/Src/touch_iic.c **** ******************************************************************************************/
 187:Core/Src/touch_iic.c **** 
 188:Core/Src/touch_iic.c **** void Touch_IIC_NoACK(void)
ARM GAS  C:\Users\20614\AppData\Local\Temp\ccBjKVyV.s 			page 15


 189:Core/Src/touch_iic.c **** {
 622              		.loc 1 189 1 is_stmt 1 view -0
 623              		.cfi_startproc
 624              		@ args = 0, pretend = 0, frame = 0
 625              		@ frame_needed = 0, uses_anonymous_args = 0
 626 0000 10B5     		push	{r4, lr}
 627              	.LCFI14:
 628              		.cfi_def_cfa_offset 8
 629              		.cfi_offset 4, -8
 630              		.cfi_offset 14, -4
 190:Core/Src/touch_iic.c **** 	Touch_IIC_SCL(0);	
 631              		.loc 1 190 2 view .LVU139
 632              		.loc 1 190 2 view .LVU140
 633 0002 114C     		ldr	r4, .L37
 634 0004 0022     		movs	r2, #0
 635 0006 2021     		movs	r1, #32
 636 0008 2046     		mov	r0, r4
 637 000a FFF7FEFF 		bl	HAL_GPIO_WritePin
 638              	.LVL37:
 191:Core/Src/touch_iic.c **** 	Touch_IIC_Delay(IIC_DelayVaule);
 639              		.loc 1 191 2 view .LVU141
 640 000e 1420     		movs	r0, #20
 641 0010 FFF7FEFF 		bl	Touch_IIC_Delay
 642              	.LVL38:
 192:Core/Src/touch_iic.c **** 	Touch_IIC_SDA(1);
 643              		.loc 1 192 2 view .LVU142
 644              		.loc 1 192 2 view .LVU143
 645 0014 0122     		movs	r2, #1
 646 0016 4021     		movs	r1, #64
 647 0018 2046     		mov	r0, r4
 648 001a FFF7FEFF 		bl	HAL_GPIO_WritePin
 649              	.LVL39:
 193:Core/Src/touch_iic.c **** 	Touch_IIC_Delay(IIC_DelayVaule);
 650              		.loc 1 193 2 view .LVU144
 651 001e 1420     		movs	r0, #20
 652 0020 FFF7FEFF 		bl	Touch_IIC_Delay
 653              	.LVL40:
 194:Core/Src/touch_iic.c **** 	Touch_IIC_SCL(1);
 654              		.loc 1 194 2 view .LVU145
 655              		.loc 1 194 2 view .LVU146
 656 0024 0122     		movs	r2, #1
 657 0026 2021     		movs	r1, #32
 658 0028 2046     		mov	r0, r4
 659 002a FFF7FEFF 		bl	HAL_GPIO_WritePin
 660              	.LVL41:
 195:Core/Src/touch_iic.c **** 	Touch_IIC_Delay(IIC_DelayVaule);
 661              		.loc 1 195 2 view .LVU147
 662 002e 1420     		movs	r0, #20
 663 0030 FFF7FEFF 		bl	Touch_IIC_Delay
 664              	.LVL42:
 196:Core/Src/touch_iic.c **** 	
 197:Core/Src/touch_iic.c **** 	Touch_IIC_SCL(0);
 665              		.loc 1 197 2 view .LVU148
 666              		.loc 1 197 2 view .LVU149
 667 0034 0022     		movs	r2, #0
 668 0036 2021     		movs	r1, #32
 669 0038 2046     		mov	r0, r4
ARM GAS  C:\Users\20614\AppData\Local\Temp\ccBjKVyV.s 			page 16


 670 003a FFF7FEFF 		bl	HAL_GPIO_WritePin
 671              	.LVL43:
 198:Core/Src/touch_iic.c **** 	Touch_IIC_Delay(IIC_DelayVaule);
 672              		.loc 1 198 2 view .LVU150
 673 003e 1420     		movs	r0, #20
 674 0040 FFF7FEFF 		bl	Touch_IIC_Delay
 675              	.LVL44:
 199:Core/Src/touch_iic.c **** }
 676              		.loc 1 199 1 is_stmt 0 view .LVU151
 677 0044 10BD     		pop	{r4, pc}
 678              	.L38:
 679 0046 00BF     		.align	2
 680              	.L37:
 681 0048 00100258 		.word	1476530176
 682              		.cfi_endproc
 683              	.LFE148:
 685              		.section	.text.Touch_IIC_WaitACK,"ax",%progbits
 686              		.align	1
 687              		.global	Touch_IIC_WaitACK
 688              		.syntax unified
 689              		.thumb
 690              		.thumb_func
 691              		.fpu fpv5-d16
 693              	Touch_IIC_WaitACK:
 694              	.LFB149:
 200:Core/Src/touch_iic.c **** 
 201:Core/Src/touch_iic.c **** /*****************************************************************************************
 202:Core/Src/touch_iic.c **** *	函 数 名: Touch_IIC_WaitACK
 203:Core/Src/touch_iic.c **** *	入口参数: 无
 204:Core/Src/touch_iic.c **** *	返 回 值: 无
 205:Core/Src/touch_iic.c **** *	函数功能: 等待接收设备发出应答信号
 206:Core/Src/touch_iic.c **** *	说    明: 在SCL为高电平期间，若检测到SDA引脚为低电平，则接收设备响应正常
 207:Core/Src/touch_iic.c **** ******************************************************************************************/
 208:Core/Src/touch_iic.c **** 
 209:Core/Src/touch_iic.c **** uint8_t Touch_IIC_WaitACK(void)
 210:Core/Src/touch_iic.c **** {
 695              		.loc 1 210 1 is_stmt 1 view -0
 696              		.cfi_startproc
 697              		@ args = 0, pretend = 0, frame = 0
 698              		@ frame_needed = 0, uses_anonymous_args = 0
 699 0000 10B5     		push	{r4, lr}
 700              	.LCFI15:
 701              		.cfi_def_cfa_offset 8
 702              		.cfi_offset 4, -8
 703              		.cfi_offset 14, -4
 211:Core/Src/touch_iic.c **** 	Touch_IIC_SDA(1);
 704              		.loc 1 211 2 view .LVU153
 705              		.loc 1 211 2 view .LVU154
 706 0002 154C     		ldr	r4, .L43
 707 0004 0122     		movs	r2, #1
 708 0006 4021     		movs	r1, #64
 709 0008 2046     		mov	r0, r4
 710 000a FFF7FEFF 		bl	HAL_GPIO_WritePin
 711              	.LVL45:
 212:Core/Src/touch_iic.c **** 	Touch_IIC_Delay(IIC_DelayVaule);
 712              		.loc 1 212 2 view .LVU155
 713 000e 1420     		movs	r0, #20
ARM GAS  C:\Users\20614\AppData\Local\Temp\ccBjKVyV.s 			page 17


 714 0010 FFF7FEFF 		bl	Touch_IIC_Delay
 715              	.LVL46:
 213:Core/Src/touch_iic.c **** 	Touch_IIC_SCL(1);
 716              		.loc 1 213 2 view .LVU156
 717              		.loc 1 213 2 view .LVU157
 718 0014 0122     		movs	r2, #1
 719 0016 2021     		movs	r1, #32
 720 0018 2046     		mov	r0, r4
 721 001a FFF7FEFF 		bl	HAL_GPIO_WritePin
 722              	.LVL47:
 214:Core/Src/touch_iic.c **** 	Touch_IIC_Delay(IIC_DelayVaule);	
 723              		.loc 1 214 2 view .LVU158
 724 001e 1420     		movs	r0, #20
 725 0020 FFF7FEFF 		bl	Touch_IIC_Delay
 726              	.LVL48:
 215:Core/Src/touch_iic.c **** 	
 216:Core/Src/touch_iic.c **** 	if( HAL_GPIO_ReadPin(Touch_IIC_SDA_PORT,Touch_IIC_SDA_PIN) != 0) //判断设备是否有做出响应		
 727              		.loc 1 216 2 view .LVU159
 728              		.loc 1 216 6 is_stmt 0 view .LVU160
 729 0024 4021     		movs	r1, #64
 730 0026 2046     		mov	r0, r4
 731 0028 FFF7FEFF 		bl	HAL_GPIO_ReadPin
 732              	.LVL49:
 733              		.loc 1 216 4 view .LVU161
 734 002c 48B1     		cbz	r0, .L40
 217:Core/Src/touch_iic.c **** 	{
 218:Core/Src/touch_iic.c **** 		Touch_IIC_SCL(0);	
 735              		.loc 1 218 3 is_stmt 1 discriminator 2 view .LVU162
 736              		.loc 1 218 3 discriminator 2 view .LVU163
 737 002e 0022     		movs	r2, #0
 738 0030 2021     		movs	r1, #32
 739 0032 2046     		mov	r0, r4
 740 0034 FFF7FEFF 		bl	HAL_GPIO_WritePin
 741              	.LVL50:
 219:Core/Src/touch_iic.c **** 		Touch_IIC_Delay( IIC_DelayVaule );		
 742              		.loc 1 219 3 discriminator 2 view .LVU164
 743 0038 1420     		movs	r0, #20
 744 003a FFF7FEFF 		bl	Touch_IIC_Delay
 745              	.LVL51:
 220:Core/Src/touch_iic.c **** 		return ACK_ERR;	//无应答
 746              		.loc 1 220 3 discriminator 2 view .LVU165
 747              		.loc 1 220 10 is_stmt 0 discriminator 2 view .LVU166
 748 003e 0020     		movs	r0, #0
 749              	.L41:
 221:Core/Src/touch_iic.c **** 	}
 222:Core/Src/touch_iic.c **** 	else
 223:Core/Src/touch_iic.c **** 	{
 224:Core/Src/touch_iic.c **** 		Touch_IIC_SCL(0);	
 225:Core/Src/touch_iic.c **** 		Touch_IIC_Delay( IIC_DelayVaule );		
 226:Core/Src/touch_iic.c **** 		return ACK_OK;	//应答正常
 227:Core/Src/touch_iic.c **** 	}
 228:Core/Src/touch_iic.c **** }
 750              		.loc 1 228 1 view .LVU167
 751 0040 10BD     		pop	{r4, pc}
 752              	.L40:
 224:Core/Src/touch_iic.c **** 		Touch_IIC_Delay( IIC_DelayVaule );		
 753              		.loc 1 224 3 is_stmt 1 discriminator 2 view .LVU168
ARM GAS  C:\Users\20614\AppData\Local\Temp\ccBjKVyV.s 			page 18


 224:Core/Src/touch_iic.c **** 		Touch_IIC_Delay( IIC_DelayVaule );		
 754              		.loc 1 224 3 discriminator 2 view .LVU169
 755 0042 0022     		movs	r2, #0
 756 0044 2021     		movs	r1, #32
 757 0046 0448     		ldr	r0, .L43
 758 0048 FFF7FEFF 		bl	HAL_GPIO_WritePin
 759              	.LVL52:
 225:Core/Src/touch_iic.c **** 		return ACK_OK;	//应答正常
 760              		.loc 1 225 3 discriminator 2 view .LVU170
 761 004c 1420     		movs	r0, #20
 762 004e FFF7FEFF 		bl	Touch_IIC_Delay
 763              	.LVL53:
 226:Core/Src/touch_iic.c **** 	}
 764              		.loc 1 226 3 discriminator 2 view .LVU171
 226:Core/Src/touch_iic.c **** 	}
 765              		.loc 1 226 10 is_stmt 0 discriminator 2 view .LVU172
 766 0052 0120     		movs	r0, #1
 767 0054 F4E7     		b	.L41
 768              	.L44:
 769 0056 00BF     		.align	2
 770              	.L43:
 771 0058 00100258 		.word	1476530176
 772              		.cfi_endproc
 773              	.LFE149:
 775              		.section	.text.Touch_IIC_WriteByte,"ax",%progbits
 776              		.align	1
 777              		.global	Touch_IIC_WriteByte
 778              		.syntax unified
 779              		.thumb
 780              		.thumb_func
 781              		.fpu fpv5-d16
 783              	Touch_IIC_WriteByte:
 784              	.LVL54:
 785              	.LFB150:
 229:Core/Src/touch_iic.c **** 
 230:Core/Src/touch_iic.c **** /*****************************************************************************************
 231:Core/Src/touch_iic.c **** *	函 数 名:	Touch_IIC_WriteByte
 232:Core/Src/touch_iic.c **** *	入口参数:	IIC_Data - 要写入的8位数据
 233:Core/Src/touch_iic.c **** *	返 回 值:	ACK_OK  - 设备响应正常
 234:Core/Src/touch_iic.c **** *          	ACK_ERR - 设备响应错误
 235:Core/Src/touch_iic.c **** *	函数功能:	写一字节数据
 236:Core/Src/touch_iic.c **** *	说    明:高位在前
 237:Core/Src/touch_iic.c **** ******************************************************************************************/
 238:Core/Src/touch_iic.c **** 
 239:Core/Src/touch_iic.c **** uint8_t Touch_IIC_WriteByte(uint8_t IIC_Data)
 240:Core/Src/touch_iic.c **** {
 786              		.loc 1 240 1 is_stmt 1 view -0
 787              		.cfi_startproc
 788              		@ args = 0, pretend = 0, frame = 0
 789              		@ frame_needed = 0, uses_anonymous_args = 0
 790              		.loc 1 240 1 is_stmt 0 view .LVU174
 791 0000 70B5     		push	{r4, r5, r6, lr}
 792              	.LCFI16:
 793              		.cfi_def_cfa_offset 16
 794              		.cfi_offset 4, -16
 795              		.cfi_offset 5, -12
 796              		.cfi_offset 6, -8
ARM GAS  C:\Users\20614\AppData\Local\Temp\ccBjKVyV.s 			page 19


 797              		.cfi_offset 14, -4
 798 0002 0546     		mov	r5, r0
 241:Core/Src/touch_iic.c **** 	uint8_t i;
 799              		.loc 1 241 2 is_stmt 1 view .LVU175
 242:Core/Src/touch_iic.c **** 
 243:Core/Src/touch_iic.c **** 	for (i = 0; i < 8; i++)
 800              		.loc 1 243 2 view .LVU176
 801              	.LVL55:
 802              		.loc 1 243 9 is_stmt 0 view .LVU177
 803 0004 0024     		movs	r4, #0
 804              		.loc 1 243 2 view .LVU178
 805 0006 1BE0     		b	.L46
 806              	.LVL56:
 807              	.L54:
 244:Core/Src/touch_iic.c **** 	{
 245:Core/Src/touch_iic.c **** 		Touch_IIC_SDA(IIC_Data & 0x80);
 808              		.loc 1 245 3 is_stmt 1 discriminator 1 view .LVU179
 809 0008 0122     		movs	r2, #1
 810 000a 4021     		movs	r1, #64
 811 000c 1648     		ldr	r0, .L55
 812 000e FFF7FEFF 		bl	HAL_GPIO_WritePin
 813              	.LVL57:
 814              	.L48:
 246:Core/Src/touch_iic.c **** 		
 247:Core/Src/touch_iic.c **** 		Touch_IIC_Delay( IIC_DelayVaule );
 815              		.loc 1 247 3 view .LVU180
 816 0012 1420     		movs	r0, #20
 817 0014 FFF7FEFF 		bl	Touch_IIC_Delay
 818              	.LVL58:
 248:Core/Src/touch_iic.c **** 		Touch_IIC_SCL(1);
 819              		.loc 1 248 3 view .LVU181
 820              		.loc 1 248 3 view .LVU182
 821 0018 134E     		ldr	r6, .L55
 822 001a 0122     		movs	r2, #1
 823 001c 2021     		movs	r1, #32
 824 001e 3046     		mov	r0, r6
 825 0020 FFF7FEFF 		bl	HAL_GPIO_WritePin
 826              	.LVL59:
 249:Core/Src/touch_iic.c **** 		Touch_IIC_Delay( IIC_DelayVaule );
 827              		.loc 1 249 3 view .LVU183
 828 0024 1420     		movs	r0, #20
 829 0026 FFF7FEFF 		bl	Touch_IIC_Delay
 830              	.LVL60:
 250:Core/Src/touch_iic.c **** 		Touch_IIC_SCL(0);		
 831              		.loc 1 250 3 view .LVU184
 832              		.loc 1 250 3 view .LVU185
 833 002a 0022     		movs	r2, #0
 834 002c 2021     		movs	r1, #32
 835 002e 3046     		mov	r0, r6
 836 0030 FFF7FEFF 		bl	HAL_GPIO_WritePin
 837              	.LVL61:
 251:Core/Src/touch_iic.c **** 		if(i == 7)
 838              		.loc 1 251 3 view .LVU186
 839              		.loc 1 251 5 is_stmt 0 view .LVU187
 840 0034 072C     		cmp	r4, #7
 841 0036 0ED0     		beq	.L52
 842              	.L49:
ARM GAS  C:\Users\20614\AppData\Local\Temp\ccBjKVyV.s 			page 20


 252:Core/Src/touch_iic.c **** 		{
 253:Core/Src/touch_iic.c **** 			Touch_IIC_SDA(1);			
 254:Core/Src/touch_iic.c **** 		}
 255:Core/Src/touch_iic.c **** 		IIC_Data <<= 1;
 843              		.loc 1 255 3 is_stmt 1 discriminator 2 view .LVU188
 844              		.loc 1 255 12 is_stmt 0 discriminator 2 view .LVU189
 845 0038 6D00     		lsls	r5, r5, #1
 846              	.LVL62:
 847              		.loc 1 255 12 discriminator 2 view .LVU190
 848 003a EDB2     		uxtb	r5, r5
 849              	.LVL63:
 243:Core/Src/touch_iic.c **** 	{
 850              		.loc 1 243 21 is_stmt 1 discriminator 2 view .LVU191
 243:Core/Src/touch_iic.c **** 	{
 851              		.loc 1 243 22 is_stmt 0 discriminator 2 view .LVU192
 852 003c 0134     		adds	r4, r4, #1
 853              	.LVL64:
 243:Core/Src/touch_iic.c **** 	{
 854              		.loc 1 243 22 discriminator 2 view .LVU193
 855 003e E4B2     		uxtb	r4, r4
 856              	.LVL65:
 857              	.L46:
 243:Core/Src/touch_iic.c **** 	{
 858              		.loc 1 243 14 is_stmt 1 discriminator 1 view .LVU194
 243:Core/Src/touch_iic.c **** 	{
 859              		.loc 1 243 2 is_stmt 0 discriminator 1 view .LVU195
 860 0040 072C     		cmp	r4, #7
 861 0042 0ED8     		bhi	.L53
 245:Core/Src/touch_iic.c **** 		
 862              		.loc 1 245 3 is_stmt 1 view .LVU196
 863 0044 15F0800F 		tst	r5, #128
 864 0048 DED1     		bne	.L54
 245:Core/Src/touch_iic.c **** 		
 865              		.loc 1 245 3 discriminator 2 view .LVU197
 866 004a 0022     		movs	r2, #0
 867 004c 4021     		movs	r1, #64
 868 004e 0648     		ldr	r0, .L55
 869 0050 FFF7FEFF 		bl	HAL_GPIO_WritePin
 870              	.LVL66:
 871 0054 DDE7     		b	.L48
 872              	.L52:
 253:Core/Src/touch_iic.c **** 		}
 873              		.loc 1 253 4 discriminator 1 view .LVU198
 253:Core/Src/touch_iic.c **** 		}
 874              		.loc 1 253 4 discriminator 1 view .LVU199
 875 0056 0122     		movs	r2, #1
 876 0058 4021     		movs	r1, #64
 877 005a 3046     		mov	r0, r6
 878 005c FFF7FEFF 		bl	HAL_GPIO_WritePin
 879              	.LVL67:
 880 0060 EAE7     		b	.L49
 881              	.L53:
 256:Core/Src/touch_iic.c **** 	}
 257:Core/Src/touch_iic.c **** 
 258:Core/Src/touch_iic.c **** 	return Touch_IIC_WaitACK(); //等待设备响应
 882              		.loc 1 258 2 view .LVU200
 883              		.loc 1 258 9 is_stmt 0 view .LVU201
ARM GAS  C:\Users\20614\AppData\Local\Temp\ccBjKVyV.s 			page 21


 884 0062 FFF7FEFF 		bl	Touch_IIC_WaitACK
 885              	.LVL68:
 259:Core/Src/touch_iic.c **** }
 886              		.loc 1 259 1 view .LVU202
 887 0066 70BD     		pop	{r4, r5, r6, pc}
 888              	.LVL69:
 889              	.L56:
 890              		.loc 1 259 1 view .LVU203
 891              		.align	2
 892              	.L55:
 893 0068 00100258 		.word	1476530176
 894              		.cfi_endproc
 895              	.LFE150:
 897              		.section	.text.Touch_IIC_ReadByte,"ax",%progbits
 898              		.align	1
 899              		.global	Touch_IIC_ReadByte
 900              		.syntax unified
 901              		.thumb
 902              		.thumb_func
 903              		.fpu fpv5-d16
 905              	Touch_IIC_ReadByte:
 906              	.LVL70:
 907              	.LFB151:
 260:Core/Src/touch_iic.c **** 
 261:Core/Src/touch_iic.c **** /*****************************************************************************************
 262:Core/Src/touch_iic.c **** *	函 数 名:	Touch_IIC_ReadByte
 263:Core/Src/touch_iic.c **** *	入口参数:	ACK_Mode - 响应模式，输入1则发出应答信号，输入0发出非应答信号
 264:Core/Src/touch_iic.c **** *	返 回 值:	ACK_OK  - 设备响应正常
 265:Core/Src/touch_iic.c **** *          	ACK_ERR - 设备响应错误
 266:Core/Src/touch_iic.c **** *	函数功能:读一字节数据
 267:Core/Src/touch_iic.c **** *	说    明:1.高位在前
 268:Core/Src/touch_iic.c **** *				2.应在主机接收最后一字节数据时发送非应答信号
 269:Core/Src/touch_iic.c **** ******************************************************************************************/
 270:Core/Src/touch_iic.c **** 
 271:Core/Src/touch_iic.c **** uint8_t Touch_IIC_ReadByte(uint8_t ACK_Mode)
 272:Core/Src/touch_iic.c **** {
 908              		.loc 1 272 1 is_stmt 1 view -0
 909              		.cfi_startproc
 910              		@ args = 0, pretend = 0, frame = 0
 911              		@ frame_needed = 0, uses_anonymous_args = 0
 912              		.loc 1 272 1 is_stmt 0 view .LVU205
 913 0000 F8B5     		push	{r3, r4, r5, r6, r7, lr}
 914              	.LCFI17:
 915              		.cfi_def_cfa_offset 24
 916              		.cfi_offset 3, -24
 917              		.cfi_offset 4, -20
 918              		.cfi_offset 5, -16
 919              		.cfi_offset 6, -12
 920              		.cfi_offset 7, -8
 921              		.cfi_offset 14, -4
 922 0002 0746     		mov	r7, r0
 273:Core/Src/touch_iic.c **** 	uint8_t IIC_Data = 0;
 923              		.loc 1 273 2 is_stmt 1 view .LVU206
 924              	.LVL71:
 274:Core/Src/touch_iic.c **** 	uint8_t i = 0;
 925              		.loc 1 274 2 view .LVU207
 275:Core/Src/touch_iic.c **** 	
ARM GAS  C:\Users\20614\AppData\Local\Temp\ccBjKVyV.s 			page 22


 276:Core/Src/touch_iic.c **** 	for (i = 0; i < 8; i++)
 926              		.loc 1 276 2 view .LVU208
 927              		.loc 1 276 9 is_stmt 0 view .LVU209
 928 0004 0025     		movs	r5, #0
 273:Core/Src/touch_iic.c **** 	uint8_t i = 0;
 929              		.loc 1 273 10 view .LVU210
 930 0006 2C46     		mov	r4, r5
 931              		.loc 1 276 2 view .LVU211
 932 0008 1BE0     		b	.L58
 933              	.LVL72:
 934              	.L59:
 277:Core/Src/touch_iic.c **** 	{
 278:Core/Src/touch_iic.c **** 		IIC_Data <<= 1;
 935              		.loc 1 278 3 is_stmt 1 view .LVU212
 936              		.loc 1 278 12 is_stmt 0 view .LVU213
 937 000a 6400     		lsls	r4, r4, #1
 938              	.LVL73:
 939              		.loc 1 278 12 view .LVU214
 940 000c E4B2     		uxtb	r4, r4
 941              	.LVL74:
 279:Core/Src/touch_iic.c **** 		
 280:Core/Src/touch_iic.c **** 		Touch_IIC_SCL(1);
 942              		.loc 1 280 3 is_stmt 1 view .LVU215
 943              		.loc 1 280 3 view .LVU216
 944 000e 124E     		ldr	r6, .L64
 945 0010 0122     		movs	r2, #1
 946 0012 2021     		movs	r1, #32
 947 0014 3046     		mov	r0, r6
 948 0016 FFF7FEFF 		bl	HAL_GPIO_WritePin
 949              	.LVL75:
 281:Core/Src/touch_iic.c **** 		Touch_IIC_Delay( IIC_DelayVaule );
 950              		.loc 1 281 3 view .LVU217
 951 001a 1420     		movs	r0, #20
 952 001c FFF7FEFF 		bl	Touch_IIC_Delay
 953              	.LVL76:
 282:Core/Src/touch_iic.c **** 		IIC_Data |= (HAL_GPIO_ReadPin(Touch_IIC_SDA_PORT,Touch_IIC_SDA_PIN) & 0x01);	
 954              		.loc 1 282 3 view .LVU218
 955              		.loc 1 282 16 is_stmt 0 view .LVU219
 956 0020 4021     		movs	r1, #64
 957 0022 3046     		mov	r0, r6
 958 0024 FFF7FEFF 		bl	HAL_GPIO_ReadPin
 959              	.LVL77:
 960              		.loc 1 282 12 view .LVU220
 961 0028 00F00100 		and	r0, r0, #1
 962 002c 0443     		orrs	r4, r4, r0
 963              	.LVL78:
 283:Core/Src/touch_iic.c **** 		Touch_IIC_SCL(0);
 964              		.loc 1 283 3 is_stmt 1 view .LVU221
 965              		.loc 1 283 3 view .LVU222
 966 002e 0022     		movs	r2, #0
 967 0030 2021     		movs	r1, #32
 968 0032 3046     		mov	r0, r6
 969 0034 FFF7FEFF 		bl	HAL_GPIO_WritePin
 970              	.LVL79:
 284:Core/Src/touch_iic.c **** 		Touch_IIC_Delay( IIC_DelayVaule );
 971              		.loc 1 284 3 view .LVU223
 972 0038 1420     		movs	r0, #20
ARM GAS  C:\Users\20614\AppData\Local\Temp\ccBjKVyV.s 			page 23


 973 003a FFF7FEFF 		bl	Touch_IIC_Delay
 974              	.LVL80:
 276:Core/Src/touch_iic.c **** 	{
 975              		.loc 1 276 21 view .LVU224
 276:Core/Src/touch_iic.c **** 	{
 976              		.loc 1 276 22 is_stmt 0 view .LVU225
 977 003e 0135     		adds	r5, r5, #1
 978              	.LVL81:
 276:Core/Src/touch_iic.c **** 	{
 979              		.loc 1 276 22 view .LVU226
 980 0040 EDB2     		uxtb	r5, r5
 981              	.LVL82:
 982              	.L58:
 276:Core/Src/touch_iic.c **** 	{
 983              		.loc 1 276 14 is_stmt 1 discriminator 1 view .LVU227
 276:Core/Src/touch_iic.c **** 	{
 984              		.loc 1 276 2 is_stmt 0 discriminator 1 view .LVU228
 985 0042 072D     		cmp	r5, #7
 986 0044 E1D9     		bls	.L59
 285:Core/Src/touch_iic.c **** 	}
 286:Core/Src/touch_iic.c **** 	
 287:Core/Src/touch_iic.c **** 	if ( ACK_Mode == 1 )				//	应答信号
 987              		.loc 1 287 2 is_stmt 1 view .LVU229
 988              		.loc 1 287 5 is_stmt 0 view .LVU230
 989 0046 012F     		cmp	r7, #1
 990 0048 03D0     		beq	.L63
 288:Core/Src/touch_iic.c **** 		Touch_IIC_ACK();
 289:Core/Src/touch_iic.c **** 	else
 290:Core/Src/touch_iic.c **** 		Touch_IIC_NoACK();		 	// 非应答信号
 991              		.loc 1 290 3 is_stmt 1 view .LVU231
 992 004a FFF7FEFF 		bl	Touch_IIC_NoACK
 993              	.LVL83:
 994              	.L61:
 291:Core/Src/touch_iic.c **** 	
 292:Core/Src/touch_iic.c **** 	return IIC_Data; 
 995              		.loc 1 292 2 view .LVU232
 293:Core/Src/touch_iic.c **** }
 996              		.loc 1 293 1 is_stmt 0 view .LVU233
 997 004e 2046     		mov	r0, r4
 998 0050 F8BD     		pop	{r3, r4, r5, r6, r7, pc}
 999              	.LVL84:
 1000              	.L63:
 288:Core/Src/touch_iic.c **** 		Touch_IIC_ACK();
 1001              		.loc 1 288 3 is_stmt 1 view .LVU234
 1002 0052 FFF7FEFF 		bl	Touch_IIC_ACK
 1003              	.LVL85:
 1004 0056 FAE7     		b	.L61
 1005              	.L65:
 1006              		.align	2
 1007              	.L64:
 1008 0058 00100258 		.word	1476530176
 1009              		.cfi_endproc
 1010              	.LFE151:
 1012              		.text
 1013              	.Letext0:
 1014              		.file 2 "d:\\10 2021.07\\arm-none-eabi\\include\\machine\\_default_types.h"
 1015              		.file 3 "d:\\10 2021.07\\arm-none-eabi\\include\\sys\\_stdint.h"
ARM GAS  C:\Users\20614\AppData\Local\Temp\ccBjKVyV.s 			page 24


 1016              		.file 4 "Drivers/CMSIS/Device/ST/STM32H7xx/Include/stm32h7b0xx.h"
 1017              		.file 5 "Drivers/STM32H7xx_HAL_Driver/Inc/stm32h7xx_hal_gpio.h"
ARM GAS  C:\Users\20614\AppData\Local\Temp\ccBjKVyV.s 			page 25


DEFINED SYMBOLS
                            *ABS*:00000000 touch_iic.c
C:\Users\20614\AppData\Local\Temp\ccBjKVyV.s:17     .text.Touch_IIC_GPIO_Config:00000000 $t
C:\Users\20614\AppData\Local\Temp\ccBjKVyV.s:25     .text.Touch_IIC_GPIO_Config:00000000 Touch_IIC_GPIO_Config
C:\Users\20614\AppData\Local\Temp\ccBjKVyV.s:198    .text.Touch_IIC_GPIO_Config:000000ec $d
C:\Users\20614\AppData\Local\Temp\ccBjKVyV.s:204    .text.Touch_IIC_Delay:00000000 $t
C:\Users\20614\AppData\Local\Temp\ccBjKVyV.s:211    .text.Touch_IIC_Delay:00000000 Touch_IIC_Delay
C:\Users\20614\AppData\Local\Temp\ccBjKVyV.s:278    .text.Touch_INT_Out:00000000 $t
C:\Users\20614\AppData\Local\Temp\ccBjKVyV.s:285    .text.Touch_INT_Out:00000000 Touch_INT_Out
C:\Users\20614\AppData\Local\Temp\ccBjKVyV.s:332    .text.Touch_INT_Out:00000028 $d
C:\Users\20614\AppData\Local\Temp\ccBjKVyV.s:337    .text.Touch_INT_In:00000000 $t
C:\Users\20614\AppData\Local\Temp\ccBjKVyV.s:344    .text.Touch_INT_In:00000000 Touch_INT_In
C:\Users\20614\AppData\Local\Temp\ccBjKVyV.s:386    .text.Touch_INT_In:00000024 $d
C:\Users\20614\AppData\Local\Temp\ccBjKVyV.s:391    .text.Touch_IIC_Start:00000000 $t
C:\Users\20614\AppData\Local\Temp\ccBjKVyV.s:398    .text.Touch_IIC_Start:00000000 Touch_IIC_Start
C:\Users\20614\AppData\Local\Temp\ccBjKVyV.s:455    .text.Touch_IIC_Start:00000040 $d
C:\Users\20614\AppData\Local\Temp\ccBjKVyV.s:460    .text.Touch_IIC_Stop:00000000 $t
C:\Users\20614\AppData\Local\Temp\ccBjKVyV.s:467    .text.Touch_IIC_Stop:00000000 Touch_IIC_Stop
C:\Users\20614\AppData\Local\Temp\ccBjKVyV.s:528    .text.Touch_IIC_Stop:00000048 $d
C:\Users\20614\AppData\Local\Temp\ccBjKVyV.s:533    .text.Touch_IIC_ACK:00000000 $t
C:\Users\20614\AppData\Local\Temp\ccBjKVyV.s:540    .text.Touch_IIC_ACK:00000000 Touch_IIC_ACK
C:\Users\20614\AppData\Local\Temp\ccBjKVyV.s:608    .text.Touch_IIC_ACK:00000050 $d
C:\Users\20614\AppData\Local\Temp\ccBjKVyV.s:613    .text.Touch_IIC_NoACK:00000000 $t
C:\Users\20614\AppData\Local\Temp\ccBjKVyV.s:620    .text.Touch_IIC_NoACK:00000000 Touch_IIC_NoACK
C:\Users\20614\AppData\Local\Temp\ccBjKVyV.s:681    .text.Touch_IIC_NoACK:00000048 $d
C:\Users\20614\AppData\Local\Temp\ccBjKVyV.s:686    .text.Touch_IIC_WaitACK:00000000 $t
C:\Users\20614\AppData\Local\Temp\ccBjKVyV.s:693    .text.Touch_IIC_WaitACK:00000000 Touch_IIC_WaitACK
C:\Users\20614\AppData\Local\Temp\ccBjKVyV.s:771    .text.Touch_IIC_WaitACK:00000058 $d
C:\Users\20614\AppData\Local\Temp\ccBjKVyV.s:776    .text.Touch_IIC_WriteByte:00000000 $t
C:\Users\20614\AppData\Local\Temp\ccBjKVyV.s:783    .text.Touch_IIC_WriteByte:00000000 Touch_IIC_WriteByte
C:\Users\20614\AppData\Local\Temp\ccBjKVyV.s:893    .text.Touch_IIC_WriteByte:00000068 $d
C:\Users\20614\AppData\Local\Temp\ccBjKVyV.s:898    .text.Touch_IIC_ReadByte:00000000 $t
C:\Users\20614\AppData\Local\Temp\ccBjKVyV.s:905    .text.Touch_IIC_ReadByte:00000000 Touch_IIC_ReadByte
C:\Users\20614\AppData\Local\Temp\ccBjKVyV.s:1008   .text.Touch_IIC_ReadByte:00000058 $d

UNDEFINED SYMBOLS
HAL_GPIO_Init
HAL_GPIO_WritePin
HAL_GPIO_ReadPin
