ARM GAS  C:\Users\20614\AppData\Local\Temp\ccoihZfy.s 			page 1


   1              		.cpu cortex-m7
   2              		.eabi_attribute 28, 1
   3              		.eabi_attribute 20, 1
   4              		.eabi_attribute 21, 1
   5              		.eabi_attribute 23, 3
   6              		.eabi_attribute 24, 1
   7              		.eabi_attribute 25, 1
   8              		.eabi_attribute 26, 1
   9              		.eabi_attribute 30, 1
  10              		.eabi_attribute 34, 1
  11              		.eabi_attribute 18, 4
  12              		.file	"stm32h7xx_hal_msp.c"
  13              		.text
  14              	.Ltext0:
  15              		.cfi_sections	.debug_frame
  16              		.section	.text.HAL_MspInit,"ax",%progbits
  17              		.align	1
  18              		.global	HAL_MspInit
  19              		.arch armv7e-m
  20              		.syntax unified
  21              		.thumb
  22              		.thumb_func
  23              		.fpu fpv5-d16
  25              	HAL_MspInit:
  26              	.LFB144:
  27              		.file 1 "Core/Src/stm32h7xx_hal_msp.c"
   1:Core/Src/stm32h7xx_hal_msp.c **** /* USER CODE BEGIN Header */
   2:Core/Src/stm32h7xx_hal_msp.c **** /**
   3:Core/Src/stm32h7xx_hal_msp.c ****   ******************************************************************************
   4:Core/Src/stm32h7xx_hal_msp.c ****   * @file         stm32h7xx_hal_msp.c
   5:Core/Src/stm32h7xx_hal_msp.c ****   * @brief        This file provides code for the MSP Initialization
   6:Core/Src/stm32h7xx_hal_msp.c ****   *               and de-Initialization codes.
   7:Core/Src/stm32h7xx_hal_msp.c ****   ******************************************************************************
   8:Core/Src/stm32h7xx_hal_msp.c ****   * @attention
   9:Core/Src/stm32h7xx_hal_msp.c ****   *
  10:Core/Src/stm32h7xx_hal_msp.c ****   * <h2><center>&copy; Copyright (c) 2023 STMicroelectronics.
  11:Core/Src/stm32h7xx_hal_msp.c ****   * All rights reserved.</center></h2>
  12:Core/Src/stm32h7xx_hal_msp.c ****   *
  13:Core/Src/stm32h7xx_hal_msp.c ****   * This software component is licensed by ST under BSD 3-Clause license,
  14:Core/Src/stm32h7xx_hal_msp.c ****   * the "License"; You may not use this file except in compliance with the
  15:Core/Src/stm32h7xx_hal_msp.c ****   * License. You may obtain a copy of the License at:
  16:Core/Src/stm32h7xx_hal_msp.c ****   *                        opensource.org/licenses/BSD-3-Clause
  17:Core/Src/stm32h7xx_hal_msp.c ****   *
  18:Core/Src/stm32h7xx_hal_msp.c ****   ******************************************************************************
  19:Core/Src/stm32h7xx_hal_msp.c ****   */
  20:Core/Src/stm32h7xx_hal_msp.c **** /* USER CODE END Header */
  21:Core/Src/stm32h7xx_hal_msp.c **** 
  22:Core/Src/stm32h7xx_hal_msp.c **** /* Includes ------------------------------------------------------------------*/
  23:Core/Src/stm32h7xx_hal_msp.c **** #include "main.h"
  24:Core/Src/stm32h7xx_hal_msp.c **** /* USER CODE BEGIN Includes */
  25:Core/Src/stm32h7xx_hal_msp.c **** 
  26:Core/Src/stm32h7xx_hal_msp.c **** /* USER CODE END Includes */
  27:Core/Src/stm32h7xx_hal_msp.c **** 
  28:Core/Src/stm32h7xx_hal_msp.c **** /* Private typedef -----------------------------------------------------------*/
  29:Core/Src/stm32h7xx_hal_msp.c **** /* USER CODE BEGIN TD */
  30:Core/Src/stm32h7xx_hal_msp.c **** 
  31:Core/Src/stm32h7xx_hal_msp.c **** /* USER CODE END TD */
ARM GAS  C:\Users\20614\AppData\Local\Temp\ccoihZfy.s 			page 2


  32:Core/Src/stm32h7xx_hal_msp.c **** 
  33:Core/Src/stm32h7xx_hal_msp.c **** /* Private define ------------------------------------------------------------*/
  34:Core/Src/stm32h7xx_hal_msp.c **** /* USER CODE BEGIN Define */
  35:Core/Src/stm32h7xx_hal_msp.c **** 
  36:Core/Src/stm32h7xx_hal_msp.c **** /* USER CODE END Define */
  37:Core/Src/stm32h7xx_hal_msp.c **** 
  38:Core/Src/stm32h7xx_hal_msp.c **** /* Private macro -------------------------------------------------------------*/
  39:Core/Src/stm32h7xx_hal_msp.c **** /* USER CODE BEGIN Macro */
  40:Core/Src/stm32h7xx_hal_msp.c **** 
  41:Core/Src/stm32h7xx_hal_msp.c **** /* USER CODE END Macro */
  42:Core/Src/stm32h7xx_hal_msp.c **** 
  43:Core/Src/stm32h7xx_hal_msp.c **** /* Private variables ---------------------------------------------------------*/
  44:Core/Src/stm32h7xx_hal_msp.c **** /* USER CODE BEGIN PV */
  45:Core/Src/stm32h7xx_hal_msp.c **** 
  46:Core/Src/stm32h7xx_hal_msp.c **** /* USER CODE END PV */
  47:Core/Src/stm32h7xx_hal_msp.c **** 
  48:Core/Src/stm32h7xx_hal_msp.c **** /* Private function prototypes -----------------------------------------------*/
  49:Core/Src/stm32h7xx_hal_msp.c **** /* USER CODE BEGIN PFP */
  50:Core/Src/stm32h7xx_hal_msp.c **** 
  51:Core/Src/stm32h7xx_hal_msp.c **** /* USER CODE END PFP */
  52:Core/Src/stm32h7xx_hal_msp.c **** 
  53:Core/Src/stm32h7xx_hal_msp.c **** /* External functions --------------------------------------------------------*/
  54:Core/Src/stm32h7xx_hal_msp.c **** /* USER CODE BEGIN ExternalFunctions */
  55:Core/Src/stm32h7xx_hal_msp.c **** 
  56:Core/Src/stm32h7xx_hal_msp.c **** /* USER CODE END ExternalFunctions */
  57:Core/Src/stm32h7xx_hal_msp.c **** 
  58:Core/Src/stm32h7xx_hal_msp.c **** /* USER CODE BEGIN 0 */
  59:Core/Src/stm32h7xx_hal_msp.c **** 
  60:Core/Src/stm32h7xx_hal_msp.c **** /* USER CODE END 0 */
  61:Core/Src/stm32h7xx_hal_msp.c **** 
  62:Core/Src/stm32h7xx_hal_msp.c **** void HAL_TIM_MspPostInit(TIM_HandleTypeDef *htim);
  63:Core/Src/stm32h7xx_hal_msp.c ****                     /**
  64:Core/Src/stm32h7xx_hal_msp.c ****   * Initializes the Global MSP.
  65:Core/Src/stm32h7xx_hal_msp.c ****   */
  66:Core/Src/stm32h7xx_hal_msp.c **** void HAL_MspInit(void)
  67:Core/Src/stm32h7xx_hal_msp.c **** {
  28              		.loc 1 67 1 view -0
  29              		.cfi_startproc
  30              		@ args = 0, pretend = 0, frame = 8
  31              		@ frame_needed = 0, uses_anonymous_args = 0
  32 0000 00B5     		push	{lr}
  33              	.LCFI0:
  34              		.cfi_def_cfa_offset 4
  35              		.cfi_offset 14, -4
  36 0002 83B0     		sub	sp, sp, #12
  37              	.LCFI1:
  38              		.cfi_def_cfa_offset 16
  68:Core/Src/stm32h7xx_hal_msp.c ****   /* USER CODE BEGIN MspInit 0 */
  69:Core/Src/stm32h7xx_hal_msp.c **** 
  70:Core/Src/stm32h7xx_hal_msp.c ****   /* USER CODE END MspInit 0 */
  71:Core/Src/stm32h7xx_hal_msp.c **** 
  72:Core/Src/stm32h7xx_hal_msp.c ****   __HAL_RCC_SYSCFG_CLK_ENABLE();
  39              		.loc 1 72 3 view .LVU1
  40              	.LBB2:
  41              		.loc 1 72 3 view .LVU2
  42              		.loc 1 72 3 view .LVU3
  43 0004 094B     		ldr	r3, .L3
ARM GAS  C:\Users\20614\AppData\Local\Temp\ccoihZfy.s 			page 3


  44 0006 D3F85421 		ldr	r2, [r3, #340]
  45 000a 42F00202 		orr	r2, r2, #2
  46 000e C3F85421 		str	r2, [r3, #340]
  47              		.loc 1 72 3 view .LVU4
  48 0012 D3F85431 		ldr	r3, [r3, #340]
  49 0016 03F00203 		and	r3, r3, #2
  50 001a 0193     		str	r3, [sp, #4]
  51              		.loc 1 72 3 view .LVU5
  52 001c 019B     		ldr	r3, [sp, #4]
  53              	.LBE2:
  54              		.loc 1 72 3 view .LVU6
  73:Core/Src/stm32h7xx_hal_msp.c **** 
  74:Core/Src/stm32h7xx_hal_msp.c ****   HAL_NVIC_SetPriorityGrouping(NVIC_PRIORITYGROUP_2);
  55              		.loc 1 74 3 view .LVU7
  56 001e 0520     		movs	r0, #5
  57 0020 FFF7FEFF 		bl	HAL_NVIC_SetPriorityGrouping
  58              	.LVL0:
  75:Core/Src/stm32h7xx_hal_msp.c **** 
  76:Core/Src/stm32h7xx_hal_msp.c ****   /* System interrupt init*/
  77:Core/Src/stm32h7xx_hal_msp.c **** 
  78:Core/Src/stm32h7xx_hal_msp.c ****   /* USER CODE BEGIN MspInit 1 */
  79:Core/Src/stm32h7xx_hal_msp.c **** 
  80:Core/Src/stm32h7xx_hal_msp.c ****   /* USER CODE END MspInit 1 */
  81:Core/Src/stm32h7xx_hal_msp.c **** }
  59              		.loc 1 81 1 is_stmt 0 view .LVU8
  60 0024 03B0     		add	sp, sp, #12
  61              	.LCFI2:
  62              		.cfi_def_cfa_offset 4
  63              		@ sp needed
  64 0026 5DF804FB 		ldr	pc, [sp], #4
  65              	.L4:
  66 002a 00BF     		.align	2
  67              	.L3:
  68 002c 00440258 		.word	1476543488
  69              		.cfi_endproc
  70              	.LFE144:
  72              		.section	.text.HAL_DMA2D_MspInit,"ax",%progbits
  73              		.align	1
  74              		.global	HAL_DMA2D_MspInit
  75              		.syntax unified
  76              		.thumb
  77              		.thumb_func
  78              		.fpu fpv5-d16
  80              	HAL_DMA2D_MspInit:
  81              	.LVL1:
  82              	.LFB145:
  82:Core/Src/stm32h7xx_hal_msp.c **** 
  83:Core/Src/stm32h7xx_hal_msp.c **** /**
  84:Core/Src/stm32h7xx_hal_msp.c **** * @brief DMA2D MSP Initialization
  85:Core/Src/stm32h7xx_hal_msp.c **** * This function configures the hardware resources used in this example
  86:Core/Src/stm32h7xx_hal_msp.c **** * @param hdma2d: DMA2D handle pointer
  87:Core/Src/stm32h7xx_hal_msp.c **** * @retval None
  88:Core/Src/stm32h7xx_hal_msp.c **** */
  89:Core/Src/stm32h7xx_hal_msp.c **** void HAL_DMA2D_MspInit(DMA2D_HandleTypeDef* hdma2d)
  90:Core/Src/stm32h7xx_hal_msp.c **** {
  83              		.loc 1 90 1 is_stmt 1 view -0
  84              		.cfi_startproc
ARM GAS  C:\Users\20614\AppData\Local\Temp\ccoihZfy.s 			page 4


  85              		@ args = 0, pretend = 0, frame = 8
  86              		@ frame_needed = 0, uses_anonymous_args = 0
  91:Core/Src/stm32h7xx_hal_msp.c ****   if(hdma2d->Instance==DMA2D)
  87              		.loc 1 91 3 view .LVU10
  88              		.loc 1 91 12 is_stmt 0 view .LVU11
  89 0000 0268     		ldr	r2, [r0]
  90              		.loc 1 91 5 view .LVU12
  91 0002 0F4B     		ldr	r3, .L12
  92 0004 9A42     		cmp	r2, r3
  93 0006 00D0     		beq	.L11
  94 0008 7047     		bx	lr
  95              	.L11:
  90:Core/Src/stm32h7xx_hal_msp.c ****   if(hdma2d->Instance==DMA2D)
  96              		.loc 1 90 1 view .LVU13
  97 000a 00B5     		push	{lr}
  98              	.LCFI3:
  99              		.cfi_def_cfa_offset 4
 100              		.cfi_offset 14, -4
 101 000c 83B0     		sub	sp, sp, #12
 102              	.LCFI4:
 103              		.cfi_def_cfa_offset 16
  92:Core/Src/stm32h7xx_hal_msp.c ****   {
  93:Core/Src/stm32h7xx_hal_msp.c ****   /* USER CODE BEGIN DMA2D_MspInit 0 */
  94:Core/Src/stm32h7xx_hal_msp.c **** 
  95:Core/Src/stm32h7xx_hal_msp.c ****   /* USER CODE END DMA2D_MspInit 0 */
  96:Core/Src/stm32h7xx_hal_msp.c ****     /* Peripheral clock enable */
  97:Core/Src/stm32h7xx_hal_msp.c ****     __HAL_RCC_DMA2D_CLK_ENABLE();
 104              		.loc 1 97 5 is_stmt 1 view .LVU14
 105              	.LBB3:
 106              		.loc 1 97 5 view .LVU15
 107              		.loc 1 97 5 view .LVU16
 108 000e 0D4B     		ldr	r3, .L12+4
 109 0010 D3F83421 		ldr	r2, [r3, #308]
 110 0014 42F01002 		orr	r2, r2, #16
 111 0018 C3F83421 		str	r2, [r3, #308]
 112              		.loc 1 97 5 view .LVU17
 113 001c D3F83431 		ldr	r3, [r3, #308]
 114 0020 03F01003 		and	r3, r3, #16
 115 0024 0193     		str	r3, [sp, #4]
 116              		.loc 1 97 5 view .LVU18
 117 0026 019B     		ldr	r3, [sp, #4]
 118              	.LBE3:
 119              		.loc 1 97 5 view .LVU19
  98:Core/Src/stm32h7xx_hal_msp.c ****     /* DMA2D interrupt Init */
  99:Core/Src/stm32h7xx_hal_msp.c ****     HAL_NVIC_SetPriority(DMA2D_IRQn, 0, 0);
 120              		.loc 1 99 5 view .LVU20
 121 0028 0022     		movs	r2, #0
 122 002a 1146     		mov	r1, r2
 123 002c 5A20     		movs	r0, #90
 124              	.LVL2:
 125              		.loc 1 99 5 is_stmt 0 view .LVU21
 126 002e FFF7FEFF 		bl	HAL_NVIC_SetPriority
 127              	.LVL3:
 100:Core/Src/stm32h7xx_hal_msp.c ****     HAL_NVIC_EnableIRQ(DMA2D_IRQn);
 128              		.loc 1 100 5 is_stmt 1 view .LVU22
 129 0032 5A20     		movs	r0, #90
 130 0034 FFF7FEFF 		bl	HAL_NVIC_EnableIRQ
ARM GAS  C:\Users\20614\AppData\Local\Temp\ccoihZfy.s 			page 5


 131              	.LVL4:
 101:Core/Src/stm32h7xx_hal_msp.c ****   /* USER CODE BEGIN DMA2D_MspInit 1 */
 102:Core/Src/stm32h7xx_hal_msp.c **** 
 103:Core/Src/stm32h7xx_hal_msp.c ****   /* USER CODE END DMA2D_MspInit 1 */
 104:Core/Src/stm32h7xx_hal_msp.c ****   }
 105:Core/Src/stm32h7xx_hal_msp.c **** 
 106:Core/Src/stm32h7xx_hal_msp.c **** }
 132              		.loc 1 106 1 is_stmt 0 view .LVU23
 133 0038 03B0     		add	sp, sp, #12
 134              	.LCFI5:
 135              		.cfi_def_cfa_offset 4
 136              		@ sp needed
 137 003a 5DF804FB 		ldr	pc, [sp], #4
 138              	.L13:
 139 003e 00BF     		.align	2
 140              	.L12:
 141 0040 00100052 		.word	1375735808
 142 0044 00440258 		.word	1476543488
 143              		.cfi_endproc
 144              	.LFE145:
 146              		.section	.text.HAL_DMA2D_MspDeInit,"ax",%progbits
 147              		.align	1
 148              		.global	HAL_DMA2D_MspDeInit
 149              		.syntax unified
 150              		.thumb
 151              		.thumb_func
 152              		.fpu fpv5-d16
 154              	HAL_DMA2D_MspDeInit:
 155              	.LVL5:
 156              	.LFB146:
 107:Core/Src/stm32h7xx_hal_msp.c **** 
 108:Core/Src/stm32h7xx_hal_msp.c **** /**
 109:Core/Src/stm32h7xx_hal_msp.c **** * @brief DMA2D MSP De-Initialization
 110:Core/Src/stm32h7xx_hal_msp.c **** * This function freeze the hardware resources used in this example
 111:Core/Src/stm32h7xx_hal_msp.c **** * @param hdma2d: DMA2D handle pointer
 112:Core/Src/stm32h7xx_hal_msp.c **** * @retval None
 113:Core/Src/stm32h7xx_hal_msp.c **** */
 114:Core/Src/stm32h7xx_hal_msp.c **** void HAL_DMA2D_MspDeInit(DMA2D_HandleTypeDef* hdma2d)
 115:Core/Src/stm32h7xx_hal_msp.c **** {
 157              		.loc 1 115 1 is_stmt 1 view -0
 158              		.cfi_startproc
 159              		@ args = 0, pretend = 0, frame = 0
 160              		@ frame_needed = 0, uses_anonymous_args = 0
 161              		.loc 1 115 1 is_stmt 0 view .LVU25
 162 0000 08B5     		push	{r3, lr}
 163              	.LCFI6:
 164              		.cfi_def_cfa_offset 8
 165              		.cfi_offset 3, -8
 166              		.cfi_offset 14, -4
 116:Core/Src/stm32h7xx_hal_msp.c ****   if(hdma2d->Instance==DMA2D)
 167              		.loc 1 116 3 is_stmt 1 view .LVU26
 168              		.loc 1 116 12 is_stmt 0 view .LVU27
 169 0002 0268     		ldr	r2, [r0]
 170              		.loc 1 116 5 view .LVU28
 171 0004 074B     		ldr	r3, .L18
 172 0006 9A42     		cmp	r2, r3
 173 0008 00D0     		beq	.L17
ARM GAS  C:\Users\20614\AppData\Local\Temp\ccoihZfy.s 			page 6


 174              	.LVL6:
 175              	.L14:
 117:Core/Src/stm32h7xx_hal_msp.c ****   {
 118:Core/Src/stm32h7xx_hal_msp.c ****   /* USER CODE BEGIN DMA2D_MspDeInit 0 */
 119:Core/Src/stm32h7xx_hal_msp.c **** 
 120:Core/Src/stm32h7xx_hal_msp.c ****   /* USER CODE END DMA2D_MspDeInit 0 */
 121:Core/Src/stm32h7xx_hal_msp.c ****     /* Peripheral clock disable */
 122:Core/Src/stm32h7xx_hal_msp.c ****     __HAL_RCC_DMA2D_CLK_DISABLE();
 123:Core/Src/stm32h7xx_hal_msp.c **** 
 124:Core/Src/stm32h7xx_hal_msp.c ****     /* DMA2D interrupt DeInit */
 125:Core/Src/stm32h7xx_hal_msp.c ****     HAL_NVIC_DisableIRQ(DMA2D_IRQn);
 126:Core/Src/stm32h7xx_hal_msp.c ****   /* USER CODE BEGIN DMA2D_MspDeInit 1 */
 127:Core/Src/stm32h7xx_hal_msp.c **** 
 128:Core/Src/stm32h7xx_hal_msp.c ****   /* USER CODE END DMA2D_MspDeInit 1 */
 129:Core/Src/stm32h7xx_hal_msp.c ****   }
 130:Core/Src/stm32h7xx_hal_msp.c **** 
 131:Core/Src/stm32h7xx_hal_msp.c **** }
 176              		.loc 1 131 1 view .LVU29
 177 000a 08BD     		pop	{r3, pc}
 178              	.LVL7:
 179              	.L17:
 122:Core/Src/stm32h7xx_hal_msp.c **** 
 180              		.loc 1 122 5 is_stmt 1 view .LVU30
 181 000c 064A     		ldr	r2, .L18+4
 182 000e D2F83431 		ldr	r3, [r2, #308]
 183 0012 23F01003 		bic	r3, r3, #16
 184 0016 C2F83431 		str	r3, [r2, #308]
 125:Core/Src/stm32h7xx_hal_msp.c ****   /* USER CODE BEGIN DMA2D_MspDeInit 1 */
 185              		.loc 1 125 5 view .LVU31
 186 001a 5A20     		movs	r0, #90
 187              	.LVL8:
 125:Core/Src/stm32h7xx_hal_msp.c ****   /* USER CODE BEGIN DMA2D_MspDeInit 1 */
 188              		.loc 1 125 5 is_stmt 0 view .LVU32
 189 001c FFF7FEFF 		bl	HAL_NVIC_DisableIRQ
 190              	.LVL9:
 191              		.loc 1 131 1 view .LVU33
 192 0020 F3E7     		b	.L14
 193              	.L19:
 194 0022 00BF     		.align	2
 195              	.L18:
 196 0024 00100052 		.word	1375735808
 197 0028 00440258 		.word	1476543488
 198              		.cfi_endproc
 199              	.LFE146:
 201              		.section	.text.HAL_LTDC_MspInit,"ax",%progbits
 202              		.align	1
 203              		.global	HAL_LTDC_MspInit
 204              		.syntax unified
 205              		.thumb
 206              		.thumb_func
 207              		.fpu fpv5-d16
 209              	HAL_LTDC_MspInit:
 210              	.LVL10:
 211              	.LFB147:
 132:Core/Src/stm32h7xx_hal_msp.c **** 
 133:Core/Src/stm32h7xx_hal_msp.c **** /**
 134:Core/Src/stm32h7xx_hal_msp.c **** * @brief LTDC MSP Initialization
ARM GAS  C:\Users\20614\AppData\Local\Temp\ccoihZfy.s 			page 7


 135:Core/Src/stm32h7xx_hal_msp.c **** * This function configures the hardware resources used in this example
 136:Core/Src/stm32h7xx_hal_msp.c **** * @param hltdc: LTDC handle pointer
 137:Core/Src/stm32h7xx_hal_msp.c **** * @retval None
 138:Core/Src/stm32h7xx_hal_msp.c **** */
 139:Core/Src/stm32h7xx_hal_msp.c **** void HAL_LTDC_MspInit(LTDC_HandleTypeDef* hltdc)
 140:Core/Src/stm32h7xx_hal_msp.c **** {
 212              		.loc 1 140 1 is_stmt 1 view -0
 213              		.cfi_startproc
 214              		@ args = 0, pretend = 0, frame = 48
 215              		@ frame_needed = 0, uses_anonymous_args = 0
 216              		.loc 1 140 1 is_stmt 0 view .LVU35
 217 0000 2DE9F041 		push	{r4, r5, r6, r7, r8, lr}
 218              	.LCFI7:
 219              		.cfi_def_cfa_offset 24
 220              		.cfi_offset 4, -24
 221              		.cfi_offset 5, -20
 222              		.cfi_offset 6, -16
 223              		.cfi_offset 7, -12
 224              		.cfi_offset 8, -8
 225              		.cfi_offset 14, -4
 226 0004 8CB0     		sub	sp, sp, #48
 227              	.LCFI8:
 228              		.cfi_def_cfa_offset 72
 141:Core/Src/stm32h7xx_hal_msp.c ****   GPIO_InitTypeDef GPIO_InitStruct = {0};
 229              		.loc 1 141 3 is_stmt 1 view .LVU36
 230              		.loc 1 141 20 is_stmt 0 view .LVU37
 231 0006 0023     		movs	r3, #0
 232 0008 0793     		str	r3, [sp, #28]
 233 000a 0893     		str	r3, [sp, #32]
 234 000c 0993     		str	r3, [sp, #36]
 235 000e 0A93     		str	r3, [sp, #40]
 236 0010 0B93     		str	r3, [sp, #44]
 142:Core/Src/stm32h7xx_hal_msp.c ****   if(hltdc->Instance==LTDC)
 237              		.loc 1 142 3 is_stmt 1 view .LVU38
 238              		.loc 1 142 11 is_stmt 0 view .LVU39
 239 0012 0268     		ldr	r2, [r0]
 240              		.loc 1 142 5 view .LVU40
 241 0014 494B     		ldr	r3, .L24
 242 0016 9A42     		cmp	r2, r3
 243 0018 02D0     		beq	.L23
 244              	.LVL11:
 245              	.L20:
 143:Core/Src/stm32h7xx_hal_msp.c ****   {
 144:Core/Src/stm32h7xx_hal_msp.c ****   /* USER CODE BEGIN LTDC_MspInit 0 */
 145:Core/Src/stm32h7xx_hal_msp.c **** 
 146:Core/Src/stm32h7xx_hal_msp.c ****   /* USER CODE END LTDC_MspInit 0 */
 147:Core/Src/stm32h7xx_hal_msp.c ****     /* Peripheral clock enable */
 148:Core/Src/stm32h7xx_hal_msp.c ****     __HAL_RCC_LTDC_CLK_ENABLE();
 149:Core/Src/stm32h7xx_hal_msp.c **** 
 150:Core/Src/stm32h7xx_hal_msp.c ****     __HAL_RCC_GPIOC_CLK_ENABLE();
 151:Core/Src/stm32h7xx_hal_msp.c ****     __HAL_RCC_GPIOA_CLK_ENABLE();
 152:Core/Src/stm32h7xx_hal_msp.c ****     __HAL_RCC_GPIOB_CLK_ENABLE();
 153:Core/Src/stm32h7xx_hal_msp.c ****     __HAL_RCC_GPIOE_CLK_ENABLE();
 154:Core/Src/stm32h7xx_hal_msp.c ****     __HAL_RCC_GPIOD_CLK_ENABLE();
 155:Core/Src/stm32h7xx_hal_msp.c ****     /**LTDC GPIO Configuration
 156:Core/Src/stm32h7xx_hal_msp.c ****     PC0     ------> LTDC_R5
 157:Core/Src/stm32h7xx_hal_msp.c ****     PA3     ------> LTDC_B5
ARM GAS  C:\Users\20614\AppData\Local\Temp\ccoihZfy.s 			page 8


 158:Core/Src/stm32h7xx_hal_msp.c ****     PA5     ------> LTDC_R4
 159:Core/Src/stm32h7xx_hal_msp.c ****     PA6     ------> LTDC_G2
 160:Core/Src/stm32h7xx_hal_msp.c ****     PA7     ------> LTDC_VSYNC
 161:Core/Src/stm32h7xx_hal_msp.c ****     PB0     ------> LTDC_R3
 162:Core/Src/stm32h7xx_hal_msp.c ****     PB1     ------> LTDC_R6
 163:Core/Src/stm32h7xx_hal_msp.c ****     PE11     ------> LTDC_G3
 164:Core/Src/stm32h7xx_hal_msp.c ****     PE12     ------> LTDC_B4
 165:Core/Src/stm32h7xx_hal_msp.c ****     PE13     ------> LTDC_DE
 166:Core/Src/stm32h7xx_hal_msp.c ****     PE14     ------> LTDC_CLK
 167:Core/Src/stm32h7xx_hal_msp.c ****     PE15     ------> LTDC_R7
 168:Core/Src/stm32h7xx_hal_msp.c ****     PB10     ------> LTDC_G4
 169:Core/Src/stm32h7xx_hal_msp.c ****     PB11     ------> LTDC_G5
 170:Core/Src/stm32h7xx_hal_msp.c ****     PD10     ------> LTDC_B3
 171:Core/Src/stm32h7xx_hal_msp.c ****     PC6     ------> LTDC_HSYNC
 172:Core/Src/stm32h7xx_hal_msp.c ****     PC7     ------> LTDC_G6
 173:Core/Src/stm32h7xx_hal_msp.c ****     PD3     ------> LTDC_G7
 174:Core/Src/stm32h7xx_hal_msp.c ****     PB8     ------> LTDC_B6
 175:Core/Src/stm32h7xx_hal_msp.c ****     PB9     ------> LTDC_B7
 176:Core/Src/stm32h7xx_hal_msp.c ****     */
 177:Core/Src/stm32h7xx_hal_msp.c ****     GPIO_InitStruct.Pin = GPIO_PIN_0|GPIO_PIN_6|GPIO_PIN_7;
 178:Core/Src/stm32h7xx_hal_msp.c ****     GPIO_InitStruct.Mode = GPIO_MODE_AF_PP;
 179:Core/Src/stm32h7xx_hal_msp.c ****     GPIO_InitStruct.Pull = GPIO_NOPULL;
 180:Core/Src/stm32h7xx_hal_msp.c ****     GPIO_InitStruct.Speed = GPIO_SPEED_FREQ_VERY_HIGH;
 181:Core/Src/stm32h7xx_hal_msp.c ****     GPIO_InitStruct.Alternate = GPIO_AF14_LTDC;
 182:Core/Src/stm32h7xx_hal_msp.c ****     HAL_GPIO_Init(GPIOC, &GPIO_InitStruct);
 183:Core/Src/stm32h7xx_hal_msp.c **** 
 184:Core/Src/stm32h7xx_hal_msp.c ****     GPIO_InitStruct.Pin = GPIO_PIN_3|GPIO_PIN_5|GPIO_PIN_6|GPIO_PIN_7;
 185:Core/Src/stm32h7xx_hal_msp.c ****     GPIO_InitStruct.Mode = GPIO_MODE_AF_PP;
 186:Core/Src/stm32h7xx_hal_msp.c ****     GPIO_InitStruct.Pull = GPIO_NOPULL;
 187:Core/Src/stm32h7xx_hal_msp.c ****     GPIO_InitStruct.Speed = GPIO_SPEED_FREQ_VERY_HIGH;
 188:Core/Src/stm32h7xx_hal_msp.c ****     GPIO_InitStruct.Alternate = GPIO_AF14_LTDC;
 189:Core/Src/stm32h7xx_hal_msp.c ****     HAL_GPIO_Init(GPIOA, &GPIO_InitStruct);
 190:Core/Src/stm32h7xx_hal_msp.c **** 
 191:Core/Src/stm32h7xx_hal_msp.c ****     GPIO_InitStruct.Pin = GPIO_PIN_0|GPIO_PIN_1;
 192:Core/Src/stm32h7xx_hal_msp.c ****     GPIO_InitStruct.Mode = GPIO_MODE_AF_PP;
 193:Core/Src/stm32h7xx_hal_msp.c ****     GPIO_InitStruct.Pull = GPIO_NOPULL;
 194:Core/Src/stm32h7xx_hal_msp.c ****     GPIO_InitStruct.Speed = GPIO_SPEED_FREQ_VERY_HIGH;
 195:Core/Src/stm32h7xx_hal_msp.c ****     GPIO_InitStruct.Alternate = GPIO_AF9_LTDC;
 196:Core/Src/stm32h7xx_hal_msp.c ****     HAL_GPIO_Init(GPIOB, &GPIO_InitStruct);
 197:Core/Src/stm32h7xx_hal_msp.c **** 
 198:Core/Src/stm32h7xx_hal_msp.c ****     GPIO_InitStruct.Pin = GPIO_PIN_11|GPIO_PIN_12|GPIO_PIN_13|GPIO_PIN_14
 199:Core/Src/stm32h7xx_hal_msp.c ****                           |GPIO_PIN_15;
 200:Core/Src/stm32h7xx_hal_msp.c ****     GPIO_InitStruct.Mode = GPIO_MODE_AF_PP;
 201:Core/Src/stm32h7xx_hal_msp.c ****     GPIO_InitStruct.Pull = GPIO_NOPULL;
 202:Core/Src/stm32h7xx_hal_msp.c ****     GPIO_InitStruct.Speed = GPIO_SPEED_FREQ_VERY_HIGH;
 203:Core/Src/stm32h7xx_hal_msp.c ****     GPIO_InitStruct.Alternate = GPIO_AF14_LTDC;
 204:Core/Src/stm32h7xx_hal_msp.c ****     HAL_GPIO_Init(GPIOE, &GPIO_InitStruct);
 205:Core/Src/stm32h7xx_hal_msp.c **** 
 206:Core/Src/stm32h7xx_hal_msp.c ****     GPIO_InitStruct.Pin = GPIO_PIN_10|GPIO_PIN_11|GPIO_PIN_8|GPIO_PIN_9;
 207:Core/Src/stm32h7xx_hal_msp.c ****     GPIO_InitStruct.Mode = GPIO_MODE_AF_PP;
 208:Core/Src/stm32h7xx_hal_msp.c ****     GPIO_InitStruct.Pull = GPIO_NOPULL;
 209:Core/Src/stm32h7xx_hal_msp.c ****     GPIO_InitStruct.Speed = GPIO_SPEED_FREQ_VERY_HIGH;
 210:Core/Src/stm32h7xx_hal_msp.c ****     GPIO_InitStruct.Alternate = GPIO_AF14_LTDC;
 211:Core/Src/stm32h7xx_hal_msp.c ****     HAL_GPIO_Init(GPIOB, &GPIO_InitStruct);
 212:Core/Src/stm32h7xx_hal_msp.c **** 
 213:Core/Src/stm32h7xx_hal_msp.c ****     GPIO_InitStruct.Pin = GPIO_PIN_10|GPIO_PIN_3;
 214:Core/Src/stm32h7xx_hal_msp.c ****     GPIO_InitStruct.Mode = GPIO_MODE_AF_PP;
ARM GAS  C:\Users\20614\AppData\Local\Temp\ccoihZfy.s 			page 9


 215:Core/Src/stm32h7xx_hal_msp.c ****     GPIO_InitStruct.Pull = GPIO_NOPULL;
 216:Core/Src/stm32h7xx_hal_msp.c ****     GPIO_InitStruct.Speed = GPIO_SPEED_FREQ_VERY_HIGH;
 217:Core/Src/stm32h7xx_hal_msp.c ****     GPIO_InitStruct.Alternate = GPIO_AF14_LTDC;
 218:Core/Src/stm32h7xx_hal_msp.c ****     HAL_GPIO_Init(GPIOD, &GPIO_InitStruct);
 219:Core/Src/stm32h7xx_hal_msp.c **** 
 220:Core/Src/stm32h7xx_hal_msp.c ****   /* USER CODE BEGIN LTDC_MspInit 1 */
 221:Core/Src/stm32h7xx_hal_msp.c **** 
 222:Core/Src/stm32h7xx_hal_msp.c ****   /* USER CODE END LTDC_MspInit 1 */
 223:Core/Src/stm32h7xx_hal_msp.c ****   }
 224:Core/Src/stm32h7xx_hal_msp.c **** 
 225:Core/Src/stm32h7xx_hal_msp.c **** }
 246              		.loc 1 225 1 view .LVU41
 247 001a 0CB0     		add	sp, sp, #48
 248              	.LCFI9:
 249              		.cfi_remember_state
 250              		.cfi_def_cfa_offset 24
 251              		@ sp needed
 252 001c BDE8F081 		pop	{r4, r5, r6, r7, r8, pc}
 253              	.LVL12:
 254              	.L23:
 255              	.LCFI10:
 256              		.cfi_restore_state
 148:Core/Src/stm32h7xx_hal_msp.c **** 
 257              		.loc 1 148 5 is_stmt 1 view .LVU42
 258              	.LBB4:
 148:Core/Src/stm32h7xx_hal_msp.c **** 
 259              		.loc 1 148 5 view .LVU43
 148:Core/Src/stm32h7xx_hal_msp.c **** 
 260              		.loc 1 148 5 view .LVU44
 261 0020 474B     		ldr	r3, .L24+4
 262 0022 D3F84421 		ldr	r2, [r3, #324]
 263 0026 42F00802 		orr	r2, r2, #8
 264 002a C3F84421 		str	r2, [r3, #324]
 148:Core/Src/stm32h7xx_hal_msp.c **** 
 265              		.loc 1 148 5 view .LVU45
 266 002e D3F84421 		ldr	r2, [r3, #324]
 267 0032 02F00802 		and	r2, r2, #8
 268 0036 0192     		str	r2, [sp, #4]
 148:Core/Src/stm32h7xx_hal_msp.c **** 
 269              		.loc 1 148 5 view .LVU46
 270 0038 019A     		ldr	r2, [sp, #4]
 271              	.LBE4:
 148:Core/Src/stm32h7xx_hal_msp.c **** 
 272              		.loc 1 148 5 view .LVU47
 150:Core/Src/stm32h7xx_hal_msp.c ****     __HAL_RCC_GPIOA_CLK_ENABLE();
 273              		.loc 1 150 5 view .LVU48
 274              	.LBB5:
 150:Core/Src/stm32h7xx_hal_msp.c ****     __HAL_RCC_GPIOA_CLK_ENABLE();
 275              		.loc 1 150 5 view .LVU49
 150:Core/Src/stm32h7xx_hal_msp.c ****     __HAL_RCC_GPIOA_CLK_ENABLE();
 276              		.loc 1 150 5 view .LVU50
 277 003a D3F84021 		ldr	r2, [r3, #320]
 278 003e 42F00402 		orr	r2, r2, #4
 279 0042 C3F84021 		str	r2, [r3, #320]
 150:Core/Src/stm32h7xx_hal_msp.c ****     __HAL_RCC_GPIOA_CLK_ENABLE();
 280              		.loc 1 150 5 view .LVU51
 281 0046 D3F84021 		ldr	r2, [r3, #320]
ARM GAS  C:\Users\20614\AppData\Local\Temp\ccoihZfy.s 			page 10


 282 004a 02F00402 		and	r2, r2, #4
 283 004e 0292     		str	r2, [sp, #8]
 150:Core/Src/stm32h7xx_hal_msp.c ****     __HAL_RCC_GPIOA_CLK_ENABLE();
 284              		.loc 1 150 5 view .LVU52
 285 0050 029A     		ldr	r2, [sp, #8]
 286              	.LBE5:
 150:Core/Src/stm32h7xx_hal_msp.c ****     __HAL_RCC_GPIOA_CLK_ENABLE();
 287              		.loc 1 150 5 view .LVU53
 151:Core/Src/stm32h7xx_hal_msp.c ****     __HAL_RCC_GPIOB_CLK_ENABLE();
 288              		.loc 1 151 5 view .LVU54
 289              	.LBB6:
 151:Core/Src/stm32h7xx_hal_msp.c ****     __HAL_RCC_GPIOB_CLK_ENABLE();
 290              		.loc 1 151 5 view .LVU55
 151:Core/Src/stm32h7xx_hal_msp.c ****     __HAL_RCC_GPIOB_CLK_ENABLE();
 291              		.loc 1 151 5 view .LVU56
 292 0052 D3F84021 		ldr	r2, [r3, #320]
 293 0056 42F00102 		orr	r2, r2, #1
 294 005a C3F84021 		str	r2, [r3, #320]
 151:Core/Src/stm32h7xx_hal_msp.c ****     __HAL_RCC_GPIOB_CLK_ENABLE();
 295              		.loc 1 151 5 view .LVU57
 296 005e D3F84021 		ldr	r2, [r3, #320]
 297 0062 02F00102 		and	r2, r2, #1
 298 0066 0392     		str	r2, [sp, #12]
 151:Core/Src/stm32h7xx_hal_msp.c ****     __HAL_RCC_GPIOB_CLK_ENABLE();
 299              		.loc 1 151 5 view .LVU58
 300 0068 039A     		ldr	r2, [sp, #12]
 301              	.LBE6:
 151:Core/Src/stm32h7xx_hal_msp.c ****     __HAL_RCC_GPIOB_CLK_ENABLE();
 302              		.loc 1 151 5 view .LVU59
 152:Core/Src/stm32h7xx_hal_msp.c ****     __HAL_RCC_GPIOE_CLK_ENABLE();
 303              		.loc 1 152 5 view .LVU60
 304              	.LBB7:
 152:Core/Src/stm32h7xx_hal_msp.c ****     __HAL_RCC_GPIOE_CLK_ENABLE();
 305              		.loc 1 152 5 view .LVU61
 152:Core/Src/stm32h7xx_hal_msp.c ****     __HAL_RCC_GPIOE_CLK_ENABLE();
 306              		.loc 1 152 5 view .LVU62
 307 006a D3F84021 		ldr	r2, [r3, #320]
 308 006e 42F00202 		orr	r2, r2, #2
 309 0072 C3F84021 		str	r2, [r3, #320]
 152:Core/Src/stm32h7xx_hal_msp.c ****     __HAL_RCC_GPIOE_CLK_ENABLE();
 310              		.loc 1 152 5 view .LVU63
 311 0076 D3F84021 		ldr	r2, [r3, #320]
 312 007a 02F00202 		and	r2, r2, #2
 313 007e 0492     		str	r2, [sp, #16]
 152:Core/Src/stm32h7xx_hal_msp.c ****     __HAL_RCC_GPIOE_CLK_ENABLE();
 314              		.loc 1 152 5 view .LVU64
 315 0080 049A     		ldr	r2, [sp, #16]
 316              	.LBE7:
 152:Core/Src/stm32h7xx_hal_msp.c ****     __HAL_RCC_GPIOE_CLK_ENABLE();
 317              		.loc 1 152 5 view .LVU65
 153:Core/Src/stm32h7xx_hal_msp.c ****     __HAL_RCC_GPIOD_CLK_ENABLE();
 318              		.loc 1 153 5 view .LVU66
 319              	.LBB8:
 153:Core/Src/stm32h7xx_hal_msp.c ****     __HAL_RCC_GPIOD_CLK_ENABLE();
 320              		.loc 1 153 5 view .LVU67
 153:Core/Src/stm32h7xx_hal_msp.c ****     __HAL_RCC_GPIOD_CLK_ENABLE();
 321              		.loc 1 153 5 view .LVU68
ARM GAS  C:\Users\20614\AppData\Local\Temp\ccoihZfy.s 			page 11


 322 0082 D3F84021 		ldr	r2, [r3, #320]
 323 0086 42F01002 		orr	r2, r2, #16
 324 008a C3F84021 		str	r2, [r3, #320]
 153:Core/Src/stm32h7xx_hal_msp.c ****     __HAL_RCC_GPIOD_CLK_ENABLE();
 325              		.loc 1 153 5 view .LVU69
 326 008e D3F84021 		ldr	r2, [r3, #320]
 327 0092 02F01002 		and	r2, r2, #16
 328 0096 0592     		str	r2, [sp, #20]
 153:Core/Src/stm32h7xx_hal_msp.c ****     __HAL_RCC_GPIOD_CLK_ENABLE();
 329              		.loc 1 153 5 view .LVU70
 330 0098 059A     		ldr	r2, [sp, #20]
 331              	.LBE8:
 153:Core/Src/stm32h7xx_hal_msp.c ****     __HAL_RCC_GPIOD_CLK_ENABLE();
 332              		.loc 1 153 5 view .LVU71
 154:Core/Src/stm32h7xx_hal_msp.c ****     /**LTDC GPIO Configuration
 333              		.loc 1 154 5 view .LVU72
 334              	.LBB9:
 154:Core/Src/stm32h7xx_hal_msp.c ****     /**LTDC GPIO Configuration
 335              		.loc 1 154 5 view .LVU73
 154:Core/Src/stm32h7xx_hal_msp.c ****     /**LTDC GPIO Configuration
 336              		.loc 1 154 5 view .LVU74
 337 009a D3F84021 		ldr	r2, [r3, #320]
 338 009e 42F00802 		orr	r2, r2, #8
 339 00a2 C3F84021 		str	r2, [r3, #320]
 154:Core/Src/stm32h7xx_hal_msp.c ****     /**LTDC GPIO Configuration
 340              		.loc 1 154 5 view .LVU75
 341 00a6 D3F84031 		ldr	r3, [r3, #320]
 342 00aa 03F00803 		and	r3, r3, #8
 343 00ae 0693     		str	r3, [sp, #24]
 154:Core/Src/stm32h7xx_hal_msp.c ****     /**LTDC GPIO Configuration
 344              		.loc 1 154 5 view .LVU76
 345 00b0 069B     		ldr	r3, [sp, #24]
 346              	.LBE9:
 154:Core/Src/stm32h7xx_hal_msp.c ****     /**LTDC GPIO Configuration
 347              		.loc 1 154 5 view .LVU77
 177:Core/Src/stm32h7xx_hal_msp.c ****     GPIO_InitStruct.Mode = GPIO_MODE_AF_PP;
 348              		.loc 1 177 5 view .LVU78
 177:Core/Src/stm32h7xx_hal_msp.c ****     GPIO_InitStruct.Mode = GPIO_MODE_AF_PP;
 349              		.loc 1 177 25 is_stmt 0 view .LVU79
 350 00b2 C123     		movs	r3, #193
 351 00b4 0793     		str	r3, [sp, #28]
 178:Core/Src/stm32h7xx_hal_msp.c ****     GPIO_InitStruct.Pull = GPIO_NOPULL;
 352              		.loc 1 178 5 is_stmt 1 view .LVU80
 178:Core/Src/stm32h7xx_hal_msp.c ****     GPIO_InitStruct.Pull = GPIO_NOPULL;
 353              		.loc 1 178 26 is_stmt 0 view .LVU81
 354 00b6 0225     		movs	r5, #2
 355 00b8 0895     		str	r5, [sp, #32]
 179:Core/Src/stm32h7xx_hal_msp.c ****     GPIO_InitStruct.Speed = GPIO_SPEED_FREQ_VERY_HIGH;
 356              		.loc 1 179 5 is_stmt 1 view .LVU82
 180:Core/Src/stm32h7xx_hal_msp.c ****     GPIO_InitStruct.Alternate = GPIO_AF14_LTDC;
 357              		.loc 1 180 5 view .LVU83
 180:Core/Src/stm32h7xx_hal_msp.c ****     GPIO_InitStruct.Alternate = GPIO_AF14_LTDC;
 358              		.loc 1 180 27 is_stmt 0 view .LVU84
 359 00ba 0324     		movs	r4, #3
 360 00bc 0A94     		str	r4, [sp, #40]
 181:Core/Src/stm32h7xx_hal_msp.c ****     HAL_GPIO_Init(GPIOC, &GPIO_InitStruct);
 361              		.loc 1 181 5 is_stmt 1 view .LVU85
ARM GAS  C:\Users\20614\AppData\Local\Temp\ccoihZfy.s 			page 12


 181:Core/Src/stm32h7xx_hal_msp.c ****     HAL_GPIO_Init(GPIOC, &GPIO_InitStruct);
 362              		.loc 1 181 31 is_stmt 0 view .LVU86
 363 00be 0E26     		movs	r6, #14
 364 00c0 0B96     		str	r6, [sp, #44]
 182:Core/Src/stm32h7xx_hal_msp.c **** 
 365              		.loc 1 182 5 is_stmt 1 view .LVU87
 366 00c2 07A9     		add	r1, sp, #28
 367 00c4 1F48     		ldr	r0, .L24+8
 368              	.LVL13:
 182:Core/Src/stm32h7xx_hal_msp.c **** 
 369              		.loc 1 182 5 is_stmt 0 view .LVU88
 370 00c6 FFF7FEFF 		bl	HAL_GPIO_Init
 371              	.LVL14:
 184:Core/Src/stm32h7xx_hal_msp.c ****     GPIO_InitStruct.Mode = GPIO_MODE_AF_PP;
 372              		.loc 1 184 5 is_stmt 1 view .LVU89
 184:Core/Src/stm32h7xx_hal_msp.c ****     GPIO_InitStruct.Mode = GPIO_MODE_AF_PP;
 373              		.loc 1 184 25 is_stmt 0 view .LVU90
 374 00ca E823     		movs	r3, #232
 375 00cc 0793     		str	r3, [sp, #28]
 185:Core/Src/stm32h7xx_hal_msp.c ****     GPIO_InitStruct.Pull = GPIO_NOPULL;
 376              		.loc 1 185 5 is_stmt 1 view .LVU91
 185:Core/Src/stm32h7xx_hal_msp.c ****     GPIO_InitStruct.Pull = GPIO_NOPULL;
 377              		.loc 1 185 26 is_stmt 0 view .LVU92
 378 00ce 0895     		str	r5, [sp, #32]
 186:Core/Src/stm32h7xx_hal_msp.c ****     GPIO_InitStruct.Speed = GPIO_SPEED_FREQ_VERY_HIGH;
 379              		.loc 1 186 5 is_stmt 1 view .LVU93
 186:Core/Src/stm32h7xx_hal_msp.c ****     GPIO_InitStruct.Speed = GPIO_SPEED_FREQ_VERY_HIGH;
 380              		.loc 1 186 26 is_stmt 0 view .LVU94
 381 00d0 0027     		movs	r7, #0
 382 00d2 0997     		str	r7, [sp, #36]
 187:Core/Src/stm32h7xx_hal_msp.c ****     GPIO_InitStruct.Alternate = GPIO_AF14_LTDC;
 383              		.loc 1 187 5 is_stmt 1 view .LVU95
 187:Core/Src/stm32h7xx_hal_msp.c ****     GPIO_InitStruct.Alternate = GPIO_AF14_LTDC;
 384              		.loc 1 187 27 is_stmt 0 view .LVU96
 385 00d4 0A94     		str	r4, [sp, #40]
 188:Core/Src/stm32h7xx_hal_msp.c ****     HAL_GPIO_Init(GPIOA, &GPIO_InitStruct);
 386              		.loc 1 188 5 is_stmt 1 view .LVU97
 188:Core/Src/stm32h7xx_hal_msp.c ****     HAL_GPIO_Init(GPIOA, &GPIO_InitStruct);
 387              		.loc 1 188 31 is_stmt 0 view .LVU98
 388 00d6 0B96     		str	r6, [sp, #44]
 189:Core/Src/stm32h7xx_hal_msp.c **** 
 389              		.loc 1 189 5 is_stmt 1 view .LVU99
 390 00d8 07A9     		add	r1, sp, #28
 391 00da 1B48     		ldr	r0, .L24+12
 392 00dc FFF7FEFF 		bl	HAL_GPIO_Init
 393              	.LVL15:
 191:Core/Src/stm32h7xx_hal_msp.c ****     GPIO_InitStruct.Mode = GPIO_MODE_AF_PP;
 394              		.loc 1 191 5 view .LVU100
 191:Core/Src/stm32h7xx_hal_msp.c ****     GPIO_InitStruct.Mode = GPIO_MODE_AF_PP;
 395              		.loc 1 191 25 is_stmt 0 view .LVU101
 396 00e0 0794     		str	r4, [sp, #28]
 192:Core/Src/stm32h7xx_hal_msp.c ****     GPIO_InitStruct.Pull = GPIO_NOPULL;
 397              		.loc 1 192 5 is_stmt 1 view .LVU102
 192:Core/Src/stm32h7xx_hal_msp.c ****     GPIO_InitStruct.Pull = GPIO_NOPULL;
 398              		.loc 1 192 26 is_stmt 0 view .LVU103
 399 00e2 0895     		str	r5, [sp, #32]
 193:Core/Src/stm32h7xx_hal_msp.c ****     GPIO_InitStruct.Speed = GPIO_SPEED_FREQ_VERY_HIGH;
ARM GAS  C:\Users\20614\AppData\Local\Temp\ccoihZfy.s 			page 13


 400              		.loc 1 193 5 is_stmt 1 view .LVU104
 193:Core/Src/stm32h7xx_hal_msp.c ****     GPIO_InitStruct.Speed = GPIO_SPEED_FREQ_VERY_HIGH;
 401              		.loc 1 193 26 is_stmt 0 view .LVU105
 402 00e4 0997     		str	r7, [sp, #36]
 194:Core/Src/stm32h7xx_hal_msp.c ****     GPIO_InitStruct.Alternate = GPIO_AF9_LTDC;
 403              		.loc 1 194 5 is_stmt 1 view .LVU106
 194:Core/Src/stm32h7xx_hal_msp.c ****     GPIO_InitStruct.Alternate = GPIO_AF9_LTDC;
 404              		.loc 1 194 27 is_stmt 0 view .LVU107
 405 00e6 0A94     		str	r4, [sp, #40]
 195:Core/Src/stm32h7xx_hal_msp.c ****     HAL_GPIO_Init(GPIOB, &GPIO_InitStruct);
 406              		.loc 1 195 5 is_stmt 1 view .LVU108
 195:Core/Src/stm32h7xx_hal_msp.c ****     HAL_GPIO_Init(GPIOB, &GPIO_InitStruct);
 407              		.loc 1 195 31 is_stmt 0 view .LVU109
 408 00e8 0923     		movs	r3, #9
 409 00ea 0B93     		str	r3, [sp, #44]
 196:Core/Src/stm32h7xx_hal_msp.c **** 
 410              		.loc 1 196 5 is_stmt 1 view .LVU110
 411 00ec DFF86480 		ldr	r8, .L24+24
 412 00f0 07A9     		add	r1, sp, #28
 413 00f2 4046     		mov	r0, r8
 414 00f4 FFF7FEFF 		bl	HAL_GPIO_Init
 415              	.LVL16:
 198:Core/Src/stm32h7xx_hal_msp.c ****                           |GPIO_PIN_15;
 416              		.loc 1 198 5 view .LVU111
 198:Core/Src/stm32h7xx_hal_msp.c ****                           |GPIO_PIN_15;
 417              		.loc 1 198 25 is_stmt 0 view .LVU112
 418 00f8 4FF47843 		mov	r3, #63488
 419 00fc 0793     		str	r3, [sp, #28]
 200:Core/Src/stm32h7xx_hal_msp.c ****     GPIO_InitStruct.Pull = GPIO_NOPULL;
 420              		.loc 1 200 5 is_stmt 1 view .LVU113
 200:Core/Src/stm32h7xx_hal_msp.c ****     GPIO_InitStruct.Pull = GPIO_NOPULL;
 421              		.loc 1 200 26 is_stmt 0 view .LVU114
 422 00fe 0895     		str	r5, [sp, #32]
 201:Core/Src/stm32h7xx_hal_msp.c ****     GPIO_InitStruct.Speed = GPIO_SPEED_FREQ_VERY_HIGH;
 423              		.loc 1 201 5 is_stmt 1 view .LVU115
 201:Core/Src/stm32h7xx_hal_msp.c ****     GPIO_InitStruct.Speed = GPIO_SPEED_FREQ_VERY_HIGH;
 424              		.loc 1 201 26 is_stmt 0 view .LVU116
 425 0100 0997     		str	r7, [sp, #36]
 202:Core/Src/stm32h7xx_hal_msp.c ****     GPIO_InitStruct.Alternate = GPIO_AF14_LTDC;
 426              		.loc 1 202 5 is_stmt 1 view .LVU117
 202:Core/Src/stm32h7xx_hal_msp.c ****     GPIO_InitStruct.Alternate = GPIO_AF14_LTDC;
 427              		.loc 1 202 27 is_stmt 0 view .LVU118
 428 0102 0A94     		str	r4, [sp, #40]
 203:Core/Src/stm32h7xx_hal_msp.c ****     HAL_GPIO_Init(GPIOE, &GPIO_InitStruct);
 429              		.loc 1 203 5 is_stmt 1 view .LVU119
 203:Core/Src/stm32h7xx_hal_msp.c ****     HAL_GPIO_Init(GPIOE, &GPIO_InitStruct);
 430              		.loc 1 203 31 is_stmt 0 view .LVU120
 431 0104 0B96     		str	r6, [sp, #44]
 204:Core/Src/stm32h7xx_hal_msp.c **** 
 432              		.loc 1 204 5 is_stmt 1 view .LVU121
 433 0106 07A9     		add	r1, sp, #28
 434 0108 1048     		ldr	r0, .L24+16
 435 010a FFF7FEFF 		bl	HAL_GPIO_Init
 436              	.LVL17:
 206:Core/Src/stm32h7xx_hal_msp.c ****     GPIO_InitStruct.Mode = GPIO_MODE_AF_PP;
 437              		.loc 1 206 5 view .LVU122
 206:Core/Src/stm32h7xx_hal_msp.c ****     GPIO_InitStruct.Mode = GPIO_MODE_AF_PP;
ARM GAS  C:\Users\20614\AppData\Local\Temp\ccoihZfy.s 			page 14


 438              		.loc 1 206 25 is_stmt 0 view .LVU123
 439 010e 4FF47063 		mov	r3, #3840
 440 0112 0793     		str	r3, [sp, #28]
 207:Core/Src/stm32h7xx_hal_msp.c ****     GPIO_InitStruct.Pull = GPIO_NOPULL;
 441              		.loc 1 207 5 is_stmt 1 view .LVU124
 207:Core/Src/stm32h7xx_hal_msp.c ****     GPIO_InitStruct.Pull = GPIO_NOPULL;
 442              		.loc 1 207 26 is_stmt 0 view .LVU125
 443 0114 0895     		str	r5, [sp, #32]
 208:Core/Src/stm32h7xx_hal_msp.c ****     GPIO_InitStruct.Speed = GPIO_SPEED_FREQ_VERY_HIGH;
 444              		.loc 1 208 5 is_stmt 1 view .LVU126
 208:Core/Src/stm32h7xx_hal_msp.c ****     GPIO_InitStruct.Speed = GPIO_SPEED_FREQ_VERY_HIGH;
 445              		.loc 1 208 26 is_stmt 0 view .LVU127
 446 0116 0997     		str	r7, [sp, #36]
 209:Core/Src/stm32h7xx_hal_msp.c ****     GPIO_InitStruct.Alternate = GPIO_AF14_LTDC;
 447              		.loc 1 209 5 is_stmt 1 view .LVU128
 209:Core/Src/stm32h7xx_hal_msp.c ****     GPIO_InitStruct.Alternate = GPIO_AF14_LTDC;
 448              		.loc 1 209 27 is_stmt 0 view .LVU129
 449 0118 0A94     		str	r4, [sp, #40]
 210:Core/Src/stm32h7xx_hal_msp.c ****     HAL_GPIO_Init(GPIOB, &GPIO_InitStruct);
 450              		.loc 1 210 5 is_stmt 1 view .LVU130
 210:Core/Src/stm32h7xx_hal_msp.c ****     HAL_GPIO_Init(GPIOB, &GPIO_InitStruct);
 451              		.loc 1 210 31 is_stmt 0 view .LVU131
 452 011a 0B96     		str	r6, [sp, #44]
 211:Core/Src/stm32h7xx_hal_msp.c **** 
 453              		.loc 1 211 5 is_stmt 1 view .LVU132
 454 011c 07A9     		add	r1, sp, #28
 455 011e 4046     		mov	r0, r8
 456 0120 FFF7FEFF 		bl	HAL_GPIO_Init
 457              	.LVL18:
 213:Core/Src/stm32h7xx_hal_msp.c ****     GPIO_InitStruct.Mode = GPIO_MODE_AF_PP;
 458              		.loc 1 213 5 view .LVU133
 213:Core/Src/stm32h7xx_hal_msp.c ****     GPIO_InitStruct.Mode = GPIO_MODE_AF_PP;
 459              		.loc 1 213 25 is_stmt 0 view .LVU134
 460 0124 4FF48163 		mov	r3, #1032
 461 0128 0793     		str	r3, [sp, #28]
 214:Core/Src/stm32h7xx_hal_msp.c ****     GPIO_InitStruct.Pull = GPIO_NOPULL;
 462              		.loc 1 214 5 is_stmt 1 view .LVU135
 214:Core/Src/stm32h7xx_hal_msp.c ****     GPIO_InitStruct.Pull = GPIO_NOPULL;
 463              		.loc 1 214 26 is_stmt 0 view .LVU136
 464 012a 0895     		str	r5, [sp, #32]
 215:Core/Src/stm32h7xx_hal_msp.c ****     GPIO_InitStruct.Speed = GPIO_SPEED_FREQ_VERY_HIGH;
 465              		.loc 1 215 5 is_stmt 1 view .LVU137
 215:Core/Src/stm32h7xx_hal_msp.c ****     GPIO_InitStruct.Speed = GPIO_SPEED_FREQ_VERY_HIGH;
 466              		.loc 1 215 26 is_stmt 0 view .LVU138
 467 012c 0997     		str	r7, [sp, #36]
 216:Core/Src/stm32h7xx_hal_msp.c ****     GPIO_InitStruct.Alternate = GPIO_AF14_LTDC;
 468              		.loc 1 216 5 is_stmt 1 view .LVU139
 216:Core/Src/stm32h7xx_hal_msp.c ****     GPIO_InitStruct.Alternate = GPIO_AF14_LTDC;
 469              		.loc 1 216 27 is_stmt 0 view .LVU140
 470 012e 0A94     		str	r4, [sp, #40]
 217:Core/Src/stm32h7xx_hal_msp.c ****     HAL_GPIO_Init(GPIOD, &GPIO_InitStruct);
 471              		.loc 1 217 5 is_stmt 1 view .LVU141
 217:Core/Src/stm32h7xx_hal_msp.c ****     HAL_GPIO_Init(GPIOD, &GPIO_InitStruct);
 472              		.loc 1 217 31 is_stmt 0 view .LVU142
 473 0130 0B96     		str	r6, [sp, #44]
 218:Core/Src/stm32h7xx_hal_msp.c **** 
 474              		.loc 1 218 5 is_stmt 1 view .LVU143
ARM GAS  C:\Users\20614\AppData\Local\Temp\ccoihZfy.s 			page 15


 475 0132 07A9     		add	r1, sp, #28
 476 0134 0648     		ldr	r0, .L24+20
 477 0136 FFF7FEFF 		bl	HAL_GPIO_Init
 478              	.LVL19:
 479              		.loc 1 225 1 is_stmt 0 view .LVU144
 480 013a 6EE7     		b	.L20
 481              	.L25:
 482              		.align	2
 483              	.L24:
 484 013c 00100050 		.word	1342181376
 485 0140 00440258 		.word	1476543488
 486 0144 00080258 		.word	1476528128
 487 0148 00000258 		.word	1476526080
 488 014c 00100258 		.word	1476530176
 489 0150 000C0258 		.word	1476529152
 490 0154 00040258 		.word	1476527104
 491              		.cfi_endproc
 492              	.LFE147:
 494              		.section	.text.HAL_LTDC_MspDeInit,"ax",%progbits
 495              		.align	1
 496              		.global	HAL_LTDC_MspDeInit
 497              		.syntax unified
 498              		.thumb
 499              		.thumb_func
 500              		.fpu fpv5-d16
 502              	HAL_LTDC_MspDeInit:
 503              	.LVL20:
 504              	.LFB148:
 226:Core/Src/stm32h7xx_hal_msp.c **** 
 227:Core/Src/stm32h7xx_hal_msp.c **** /**
 228:Core/Src/stm32h7xx_hal_msp.c **** * @brief LTDC MSP De-Initialization
 229:Core/Src/stm32h7xx_hal_msp.c **** * This function freeze the hardware resources used in this example
 230:Core/Src/stm32h7xx_hal_msp.c **** * @param hltdc: LTDC handle pointer
 231:Core/Src/stm32h7xx_hal_msp.c **** * @retval None
 232:Core/Src/stm32h7xx_hal_msp.c **** */
 233:Core/Src/stm32h7xx_hal_msp.c **** void HAL_LTDC_MspDeInit(LTDC_HandleTypeDef* hltdc)
 234:Core/Src/stm32h7xx_hal_msp.c **** {
 505              		.loc 1 234 1 is_stmt 1 view -0
 506              		.cfi_startproc
 507              		@ args = 0, pretend = 0, frame = 0
 508              		@ frame_needed = 0, uses_anonymous_args = 0
 509              		.loc 1 234 1 is_stmt 0 view .LVU146
 510 0000 08B5     		push	{r3, lr}
 511              	.LCFI11:
 512              		.cfi_def_cfa_offset 8
 513              		.cfi_offset 3, -8
 514              		.cfi_offset 14, -4
 235:Core/Src/stm32h7xx_hal_msp.c ****   if(hltdc->Instance==LTDC)
 515              		.loc 1 235 3 is_stmt 1 view .LVU147
 516              		.loc 1 235 11 is_stmt 0 view .LVU148
 517 0002 0268     		ldr	r2, [r0]
 518              		.loc 1 235 5 view .LVU149
 519 0004 114B     		ldr	r3, .L30
 520 0006 9A42     		cmp	r2, r3
 521 0008 00D0     		beq	.L29
 522              	.LVL21:
 523              	.L26:
ARM GAS  C:\Users\20614\AppData\Local\Temp\ccoihZfy.s 			page 16


 236:Core/Src/stm32h7xx_hal_msp.c ****   {
 237:Core/Src/stm32h7xx_hal_msp.c ****   /* USER CODE BEGIN LTDC_MspDeInit 0 */
 238:Core/Src/stm32h7xx_hal_msp.c **** 
 239:Core/Src/stm32h7xx_hal_msp.c ****   /* USER CODE END LTDC_MspDeInit 0 */
 240:Core/Src/stm32h7xx_hal_msp.c ****     /* Peripheral clock disable */
 241:Core/Src/stm32h7xx_hal_msp.c ****     __HAL_RCC_LTDC_CLK_DISABLE();
 242:Core/Src/stm32h7xx_hal_msp.c **** 
 243:Core/Src/stm32h7xx_hal_msp.c ****     /**LTDC GPIO Configuration
 244:Core/Src/stm32h7xx_hal_msp.c ****     PC0     ------> LTDC_R5
 245:Core/Src/stm32h7xx_hal_msp.c ****     PA3     ------> LTDC_B5
 246:Core/Src/stm32h7xx_hal_msp.c ****     PA5     ------> LTDC_R4
 247:Core/Src/stm32h7xx_hal_msp.c ****     PA6     ------> LTDC_G2
 248:Core/Src/stm32h7xx_hal_msp.c ****     PA7     ------> LTDC_VSYNC
 249:Core/Src/stm32h7xx_hal_msp.c ****     PB0     ------> LTDC_R3
 250:Core/Src/stm32h7xx_hal_msp.c ****     PB1     ------> LTDC_R6
 251:Core/Src/stm32h7xx_hal_msp.c ****     PE11     ------> LTDC_G3
 252:Core/Src/stm32h7xx_hal_msp.c ****     PE12     ------> LTDC_B4
 253:Core/Src/stm32h7xx_hal_msp.c ****     PE13     ------> LTDC_DE
 254:Core/Src/stm32h7xx_hal_msp.c ****     PE14     ------> LTDC_CLK
 255:Core/Src/stm32h7xx_hal_msp.c ****     PE15     ------> LTDC_R7
 256:Core/Src/stm32h7xx_hal_msp.c ****     PB10     ------> LTDC_G4
 257:Core/Src/stm32h7xx_hal_msp.c ****     PB11     ------> LTDC_G5
 258:Core/Src/stm32h7xx_hal_msp.c ****     PD10     ------> LTDC_B3
 259:Core/Src/stm32h7xx_hal_msp.c ****     PC6     ------> LTDC_HSYNC
 260:Core/Src/stm32h7xx_hal_msp.c ****     PC7     ------> LTDC_G6
 261:Core/Src/stm32h7xx_hal_msp.c ****     PD3     ------> LTDC_G7
 262:Core/Src/stm32h7xx_hal_msp.c ****     PB8     ------> LTDC_B6
 263:Core/Src/stm32h7xx_hal_msp.c ****     PB9     ------> LTDC_B7
 264:Core/Src/stm32h7xx_hal_msp.c ****     */
 265:Core/Src/stm32h7xx_hal_msp.c ****     HAL_GPIO_DeInit(GPIOC, GPIO_PIN_0|GPIO_PIN_6|GPIO_PIN_7);
 266:Core/Src/stm32h7xx_hal_msp.c **** 
 267:Core/Src/stm32h7xx_hal_msp.c ****     HAL_GPIO_DeInit(GPIOA, GPIO_PIN_3|GPIO_PIN_5|GPIO_PIN_6|GPIO_PIN_7);
 268:Core/Src/stm32h7xx_hal_msp.c **** 
 269:Core/Src/stm32h7xx_hal_msp.c ****     HAL_GPIO_DeInit(GPIOB, GPIO_PIN_0|GPIO_PIN_1|GPIO_PIN_10|GPIO_PIN_11
 270:Core/Src/stm32h7xx_hal_msp.c ****                           |GPIO_PIN_8|GPIO_PIN_9);
 271:Core/Src/stm32h7xx_hal_msp.c **** 
 272:Core/Src/stm32h7xx_hal_msp.c ****     HAL_GPIO_DeInit(GPIOE, GPIO_PIN_11|GPIO_PIN_12|GPIO_PIN_13|GPIO_PIN_14
 273:Core/Src/stm32h7xx_hal_msp.c ****                           |GPIO_PIN_15);
 274:Core/Src/stm32h7xx_hal_msp.c **** 
 275:Core/Src/stm32h7xx_hal_msp.c ****     HAL_GPIO_DeInit(GPIOD, GPIO_PIN_10|GPIO_PIN_3);
 276:Core/Src/stm32h7xx_hal_msp.c **** 
 277:Core/Src/stm32h7xx_hal_msp.c ****   /* USER CODE BEGIN LTDC_MspDeInit 1 */
 278:Core/Src/stm32h7xx_hal_msp.c **** 
 279:Core/Src/stm32h7xx_hal_msp.c ****   /* USER CODE END LTDC_MspDeInit 1 */
 280:Core/Src/stm32h7xx_hal_msp.c ****   }
 281:Core/Src/stm32h7xx_hal_msp.c **** 
 282:Core/Src/stm32h7xx_hal_msp.c **** }
 524              		.loc 1 282 1 view .LVU150
 525 000a 08BD     		pop	{r3, pc}
 526              	.LVL22:
 527              	.L29:
 241:Core/Src/stm32h7xx_hal_msp.c **** 
 528              		.loc 1 241 5 is_stmt 1 view .LVU151
 529 000c 104A     		ldr	r2, .L30+4
 530 000e D2F84431 		ldr	r3, [r2, #324]
 531 0012 23F00803 		bic	r3, r3, #8
 532 0016 C2F84431 		str	r3, [r2, #324]
ARM GAS  C:\Users\20614\AppData\Local\Temp\ccoihZfy.s 			page 17


 265:Core/Src/stm32h7xx_hal_msp.c **** 
 533              		.loc 1 265 5 view .LVU152
 534 001a C121     		movs	r1, #193
 535 001c 0D48     		ldr	r0, .L30+8
 536              	.LVL23:
 265:Core/Src/stm32h7xx_hal_msp.c **** 
 537              		.loc 1 265 5 is_stmt 0 view .LVU153
 538 001e FFF7FEFF 		bl	HAL_GPIO_DeInit
 539              	.LVL24:
 267:Core/Src/stm32h7xx_hal_msp.c **** 
 540              		.loc 1 267 5 is_stmt 1 view .LVU154
 541 0022 E821     		movs	r1, #232
 542 0024 0C48     		ldr	r0, .L30+12
 543 0026 FFF7FEFF 		bl	HAL_GPIO_DeInit
 544              	.LVL25:
 269:Core/Src/stm32h7xx_hal_msp.c ****                           |GPIO_PIN_8|GPIO_PIN_9);
 545              		.loc 1 269 5 view .LVU155
 546 002a 40F60371 		movw	r1, #3843
 547 002e 0B48     		ldr	r0, .L30+16
 548 0030 FFF7FEFF 		bl	HAL_GPIO_DeInit
 549              	.LVL26:
 272:Core/Src/stm32h7xx_hal_msp.c ****                           |GPIO_PIN_15);
 550              		.loc 1 272 5 view .LVU156
 551 0034 4FF47841 		mov	r1, #63488
 552 0038 0948     		ldr	r0, .L30+20
 553 003a FFF7FEFF 		bl	HAL_GPIO_DeInit
 554              	.LVL27:
 275:Core/Src/stm32h7xx_hal_msp.c **** 
 555              		.loc 1 275 5 view .LVU157
 556 003e 4FF48161 		mov	r1, #1032
 557 0042 0848     		ldr	r0, .L30+24
 558 0044 FFF7FEFF 		bl	HAL_GPIO_DeInit
 559              	.LVL28:
 560              		.loc 1 282 1 is_stmt 0 view .LVU158
 561 0048 DFE7     		b	.L26
 562              	.L31:
 563 004a 00BF     		.align	2
 564              	.L30:
 565 004c 00100050 		.word	1342181376
 566 0050 00440258 		.word	1476543488
 567 0054 00080258 		.word	1476528128
 568 0058 00000258 		.word	1476526080
 569 005c 00040258 		.word	1476527104
 570 0060 00100258 		.word	1476530176
 571 0064 000C0258 		.word	1476529152
 572              		.cfi_endproc
 573              	.LFE148:
 575              		.section	.text.HAL_TIM_PWM_MspInit,"ax",%progbits
 576              		.align	1
 577              		.global	HAL_TIM_PWM_MspInit
 578              		.syntax unified
 579              		.thumb
 580              		.thumb_func
 581              		.fpu fpv5-d16
 583              	HAL_TIM_PWM_MspInit:
 584              	.LVL29:
 585              	.LFB149:
ARM GAS  C:\Users\20614\AppData\Local\Temp\ccoihZfy.s 			page 18


 283:Core/Src/stm32h7xx_hal_msp.c **** 
 284:Core/Src/stm32h7xx_hal_msp.c **** /**
 285:Core/Src/stm32h7xx_hal_msp.c **** * @brief TIM_PWM MSP Initialization
 286:Core/Src/stm32h7xx_hal_msp.c **** * This function configures the hardware resources used in this example
 287:Core/Src/stm32h7xx_hal_msp.c **** * @param htim_pwm: TIM_PWM handle pointer
 288:Core/Src/stm32h7xx_hal_msp.c **** * @retval None
 289:Core/Src/stm32h7xx_hal_msp.c **** */
 290:Core/Src/stm32h7xx_hal_msp.c **** void HAL_TIM_PWM_MspInit(TIM_HandleTypeDef* htim_pwm)
 291:Core/Src/stm32h7xx_hal_msp.c **** {
 586              		.loc 1 291 1 is_stmt 1 view -0
 587              		.cfi_startproc
 588              		@ args = 0, pretend = 0, frame = 8
 589              		@ frame_needed = 0, uses_anonymous_args = 0
 590              		@ link register save eliminated.
 292:Core/Src/stm32h7xx_hal_msp.c ****   if(htim_pwm->Instance==TIM4)
 591              		.loc 1 292 3 view .LVU160
 592              		.loc 1 292 14 is_stmt 0 view .LVU161
 593 0000 0268     		ldr	r2, [r0]
 594              		.loc 1 292 5 view .LVU162
 595 0002 0A4B     		ldr	r3, .L39
 596 0004 9A42     		cmp	r2, r3
 597 0006 00D0     		beq	.L38
 598 0008 7047     		bx	lr
 599              	.L38:
 291:Core/Src/stm32h7xx_hal_msp.c ****   if(htim_pwm->Instance==TIM4)
 600              		.loc 1 291 1 view .LVU163
 601 000a 82B0     		sub	sp, sp, #8
 602              	.LCFI12:
 603              		.cfi_def_cfa_offset 8
 293:Core/Src/stm32h7xx_hal_msp.c ****   {
 294:Core/Src/stm32h7xx_hal_msp.c ****   /* USER CODE BEGIN TIM4_MspInit 0 */
 295:Core/Src/stm32h7xx_hal_msp.c **** 
 296:Core/Src/stm32h7xx_hal_msp.c ****   /* USER CODE END TIM4_MspInit 0 */
 297:Core/Src/stm32h7xx_hal_msp.c ****     /* Peripheral clock enable */
 298:Core/Src/stm32h7xx_hal_msp.c ****     __HAL_RCC_TIM4_CLK_ENABLE();
 604              		.loc 1 298 5 is_stmt 1 view .LVU164
 605              	.LBB10:
 606              		.loc 1 298 5 view .LVU165
 607              		.loc 1 298 5 view .LVU166
 608 000c 084B     		ldr	r3, .L39+4
 609 000e D3F84821 		ldr	r2, [r3, #328]
 610 0012 42F00402 		orr	r2, r2, #4
 611 0016 C3F84821 		str	r2, [r3, #328]
 612              		.loc 1 298 5 view .LVU167
 613 001a D3F84831 		ldr	r3, [r3, #328]
 614 001e 03F00403 		and	r3, r3, #4
 615 0022 0193     		str	r3, [sp, #4]
 616              		.loc 1 298 5 view .LVU168
 617 0024 019B     		ldr	r3, [sp, #4]
 618              	.LBE10:
 619              		.loc 1 298 5 view .LVU169
 299:Core/Src/stm32h7xx_hal_msp.c ****   /* USER CODE BEGIN TIM4_MspInit 1 */
 300:Core/Src/stm32h7xx_hal_msp.c **** 
 301:Core/Src/stm32h7xx_hal_msp.c ****   /* USER CODE END TIM4_MspInit 1 */
 302:Core/Src/stm32h7xx_hal_msp.c ****   }
 303:Core/Src/stm32h7xx_hal_msp.c **** 
 304:Core/Src/stm32h7xx_hal_msp.c **** }
ARM GAS  C:\Users\20614\AppData\Local\Temp\ccoihZfy.s 			page 19


 620              		.loc 1 304 1 is_stmt 0 view .LVU170
 621 0026 02B0     		add	sp, sp, #8
 622              	.LCFI13:
 623              		.cfi_def_cfa_offset 0
 624              		@ sp needed
 625 0028 7047     		bx	lr
 626              	.L40:
 627 002a 00BF     		.align	2
 628              	.L39:
 629 002c 00080040 		.word	1073743872
 630 0030 00440258 		.word	1476543488
 631              		.cfi_endproc
 632              	.LFE149:
 634              		.section	.text.HAL_TIM_MspPostInit,"ax",%progbits
 635              		.align	1
 636              		.global	HAL_TIM_MspPostInit
 637              		.syntax unified
 638              		.thumb
 639              		.thumb_func
 640              		.fpu fpv5-d16
 642              	HAL_TIM_MspPostInit:
 643              	.LVL30:
 644              	.LFB150:
 305:Core/Src/stm32h7xx_hal_msp.c **** 
 306:Core/Src/stm32h7xx_hal_msp.c **** void HAL_TIM_MspPostInit(TIM_HandleTypeDef* htim)
 307:Core/Src/stm32h7xx_hal_msp.c **** {
 645              		.loc 1 307 1 is_stmt 1 view -0
 646              		.cfi_startproc
 647              		@ args = 0, pretend = 0, frame = 24
 648              		@ frame_needed = 0, uses_anonymous_args = 0
 649              		.loc 1 307 1 is_stmt 0 view .LVU172
 650 0000 00B5     		push	{lr}
 651              	.LCFI14:
 652              		.cfi_def_cfa_offset 4
 653              		.cfi_offset 14, -4
 654 0002 87B0     		sub	sp, sp, #28
 655              	.LCFI15:
 656              		.cfi_def_cfa_offset 32
 308:Core/Src/stm32h7xx_hal_msp.c ****   GPIO_InitTypeDef GPIO_InitStruct = {0};
 657              		.loc 1 308 3 is_stmt 1 view .LVU173
 658              		.loc 1 308 20 is_stmt 0 view .LVU174
 659 0004 0023     		movs	r3, #0
 660 0006 0193     		str	r3, [sp, #4]
 661 0008 0293     		str	r3, [sp, #8]
 662 000a 0393     		str	r3, [sp, #12]
 663 000c 0493     		str	r3, [sp, #16]
 664 000e 0593     		str	r3, [sp, #20]
 309:Core/Src/stm32h7xx_hal_msp.c ****   if(htim->Instance==TIM4)
 665              		.loc 1 309 3 is_stmt 1 view .LVU175
 666              		.loc 1 309 10 is_stmt 0 view .LVU176
 667 0010 0268     		ldr	r2, [r0]
 668              		.loc 1 309 5 view .LVU177
 669 0012 0F4B     		ldr	r3, .L45
 670 0014 9A42     		cmp	r2, r3
 671 0016 02D0     		beq	.L44
 672              	.LVL31:
 673              	.L41:
ARM GAS  C:\Users\20614\AppData\Local\Temp\ccoihZfy.s 			page 20


 310:Core/Src/stm32h7xx_hal_msp.c ****   {
 311:Core/Src/stm32h7xx_hal_msp.c ****   /* USER CODE BEGIN TIM4_MspPostInit 0 */
 312:Core/Src/stm32h7xx_hal_msp.c **** 
 313:Core/Src/stm32h7xx_hal_msp.c ****   /* USER CODE END TIM4_MspPostInit 0 */
 314:Core/Src/stm32h7xx_hal_msp.c **** 
 315:Core/Src/stm32h7xx_hal_msp.c ****     __HAL_RCC_GPIOD_CLK_ENABLE();
 316:Core/Src/stm32h7xx_hal_msp.c ****     /**TIM4 GPIO Configuration
 317:Core/Src/stm32h7xx_hal_msp.c ****     PD15     ------> TIM4_CH4
 318:Core/Src/stm32h7xx_hal_msp.c ****     */
 319:Core/Src/stm32h7xx_hal_msp.c ****     GPIO_InitStruct.Pin = GPIO_PIN_15;
 320:Core/Src/stm32h7xx_hal_msp.c ****     GPIO_InitStruct.Mode = GPIO_MODE_AF_PP;
 321:Core/Src/stm32h7xx_hal_msp.c ****     GPIO_InitStruct.Pull = GPIO_NOPULL;
 322:Core/Src/stm32h7xx_hal_msp.c ****     GPIO_InitStruct.Speed = GPIO_SPEED_FREQ_LOW;
 323:Core/Src/stm32h7xx_hal_msp.c ****     GPIO_InitStruct.Alternate = GPIO_AF2_TIM4;
 324:Core/Src/stm32h7xx_hal_msp.c ****     HAL_GPIO_Init(GPIOD, &GPIO_InitStruct);
 325:Core/Src/stm32h7xx_hal_msp.c **** 
 326:Core/Src/stm32h7xx_hal_msp.c ****   /* USER CODE BEGIN TIM4_MspPostInit 1 */
 327:Core/Src/stm32h7xx_hal_msp.c **** 
 328:Core/Src/stm32h7xx_hal_msp.c ****   /* USER CODE END TIM4_MspPostInit 1 */
 329:Core/Src/stm32h7xx_hal_msp.c ****   }
 330:Core/Src/stm32h7xx_hal_msp.c **** 
 331:Core/Src/stm32h7xx_hal_msp.c **** }
 674              		.loc 1 331 1 view .LVU178
 675 0018 07B0     		add	sp, sp, #28
 676              	.LCFI16:
 677              		.cfi_remember_state
 678              		.cfi_def_cfa_offset 4
 679              		@ sp needed
 680 001a 5DF804FB 		ldr	pc, [sp], #4
 681              	.LVL32:
 682              	.L44:
 683              	.LCFI17:
 684              		.cfi_restore_state
 315:Core/Src/stm32h7xx_hal_msp.c ****     /**TIM4 GPIO Configuration
 685              		.loc 1 315 5 is_stmt 1 view .LVU179
 686              	.LBB11:
 315:Core/Src/stm32h7xx_hal_msp.c ****     /**TIM4 GPIO Configuration
 687              		.loc 1 315 5 view .LVU180
 315:Core/Src/stm32h7xx_hal_msp.c ****     /**TIM4 GPIO Configuration
 688              		.loc 1 315 5 view .LVU181
 689 001e 0D4B     		ldr	r3, .L45+4
 690 0020 D3F84021 		ldr	r2, [r3, #320]
 691 0024 42F00802 		orr	r2, r2, #8
 692 0028 C3F84021 		str	r2, [r3, #320]
 315:Core/Src/stm32h7xx_hal_msp.c ****     /**TIM4 GPIO Configuration
 693              		.loc 1 315 5 view .LVU182
 694 002c D3F84031 		ldr	r3, [r3, #320]
 695 0030 03F00803 		and	r3, r3, #8
 696 0034 0093     		str	r3, [sp]
 315:Core/Src/stm32h7xx_hal_msp.c ****     /**TIM4 GPIO Configuration
 697              		.loc 1 315 5 view .LVU183
 698 0036 009B     		ldr	r3, [sp]
 699              	.LBE11:
 315:Core/Src/stm32h7xx_hal_msp.c ****     /**TIM4 GPIO Configuration
 700              		.loc 1 315 5 view .LVU184
 319:Core/Src/stm32h7xx_hal_msp.c ****     GPIO_InitStruct.Mode = GPIO_MODE_AF_PP;
 701              		.loc 1 319 5 view .LVU185
ARM GAS  C:\Users\20614\AppData\Local\Temp\ccoihZfy.s 			page 21


 319:Core/Src/stm32h7xx_hal_msp.c ****     GPIO_InitStruct.Mode = GPIO_MODE_AF_PP;
 702              		.loc 1 319 25 is_stmt 0 view .LVU186
 703 0038 4FF40043 		mov	r3, #32768
 704 003c 0193     		str	r3, [sp, #4]
 320:Core/Src/stm32h7xx_hal_msp.c ****     GPIO_InitStruct.Pull = GPIO_NOPULL;
 705              		.loc 1 320 5 is_stmt 1 view .LVU187
 320:Core/Src/stm32h7xx_hal_msp.c ****     GPIO_InitStruct.Pull = GPIO_NOPULL;
 706              		.loc 1 320 26 is_stmt 0 view .LVU188
 707 003e 0223     		movs	r3, #2
 708 0040 0293     		str	r3, [sp, #8]
 321:Core/Src/stm32h7xx_hal_msp.c ****     GPIO_InitStruct.Speed = GPIO_SPEED_FREQ_LOW;
 709              		.loc 1 321 5 is_stmt 1 view .LVU189
 322:Core/Src/stm32h7xx_hal_msp.c ****     GPIO_InitStruct.Alternate = GPIO_AF2_TIM4;
 710              		.loc 1 322 5 view .LVU190
 323:Core/Src/stm32h7xx_hal_msp.c ****     HAL_GPIO_Init(GPIOD, &GPIO_InitStruct);
 711              		.loc 1 323 5 view .LVU191
 323:Core/Src/stm32h7xx_hal_msp.c ****     HAL_GPIO_Init(GPIOD, &GPIO_InitStruct);
 712              		.loc 1 323 31 is_stmt 0 view .LVU192
 713 0042 0593     		str	r3, [sp, #20]
 324:Core/Src/stm32h7xx_hal_msp.c **** 
 714              		.loc 1 324 5 is_stmt 1 view .LVU193
 715 0044 01A9     		add	r1, sp, #4
 716 0046 0448     		ldr	r0, .L45+8
 717              	.LVL33:
 324:Core/Src/stm32h7xx_hal_msp.c **** 
 718              		.loc 1 324 5 is_stmt 0 view .LVU194
 719 0048 FFF7FEFF 		bl	HAL_GPIO_Init
 720              	.LVL34:
 721              		.loc 1 331 1 view .LVU195
 722 004c E4E7     		b	.L41
 723              	.L46:
 724 004e 00BF     		.align	2
 725              	.L45:
 726 0050 00080040 		.word	1073743872
 727 0054 00440258 		.word	1476543488
 728 0058 000C0258 		.word	1476529152
 729              		.cfi_endproc
 730              	.LFE150:
 732              		.section	.text.HAL_TIM_PWM_MspDeInit,"ax",%progbits
 733              		.align	1
 734              		.global	HAL_TIM_PWM_MspDeInit
 735              		.syntax unified
 736              		.thumb
 737              		.thumb_func
 738              		.fpu fpv5-d16
 740              	HAL_TIM_PWM_MspDeInit:
 741              	.LVL35:
 742              	.LFB151:
 332:Core/Src/stm32h7xx_hal_msp.c **** /**
 333:Core/Src/stm32h7xx_hal_msp.c **** * @brief TIM_PWM MSP De-Initialization
 334:Core/Src/stm32h7xx_hal_msp.c **** * This function freeze the hardware resources used in this example
 335:Core/Src/stm32h7xx_hal_msp.c **** * @param htim_pwm: TIM_PWM handle pointer
 336:Core/Src/stm32h7xx_hal_msp.c **** * @retval None
 337:Core/Src/stm32h7xx_hal_msp.c **** */
 338:Core/Src/stm32h7xx_hal_msp.c **** void HAL_TIM_PWM_MspDeInit(TIM_HandleTypeDef* htim_pwm)
 339:Core/Src/stm32h7xx_hal_msp.c **** {
 743              		.loc 1 339 1 is_stmt 1 view -0
ARM GAS  C:\Users\20614\AppData\Local\Temp\ccoihZfy.s 			page 22


 744              		.cfi_startproc
 745              		@ args = 0, pretend = 0, frame = 0
 746              		@ frame_needed = 0, uses_anonymous_args = 0
 747              		@ link register save eliminated.
 340:Core/Src/stm32h7xx_hal_msp.c ****   if(htim_pwm->Instance==TIM4)
 748              		.loc 1 340 3 view .LVU197
 749              		.loc 1 340 14 is_stmt 0 view .LVU198
 750 0000 0268     		ldr	r2, [r0]
 751              		.loc 1 340 5 view .LVU199
 752 0002 064B     		ldr	r3, .L50
 753 0004 9A42     		cmp	r2, r3
 754 0006 00D0     		beq	.L49
 755              	.L47:
 341:Core/Src/stm32h7xx_hal_msp.c ****   {
 342:Core/Src/stm32h7xx_hal_msp.c ****   /* USER CODE BEGIN TIM4_MspDeInit 0 */
 343:Core/Src/stm32h7xx_hal_msp.c **** 
 344:Core/Src/stm32h7xx_hal_msp.c ****   /* USER CODE END TIM4_MspDeInit 0 */
 345:Core/Src/stm32h7xx_hal_msp.c ****     /* Peripheral clock disable */
 346:Core/Src/stm32h7xx_hal_msp.c ****     __HAL_RCC_TIM4_CLK_DISABLE();
 347:Core/Src/stm32h7xx_hal_msp.c ****   /* USER CODE BEGIN TIM4_MspDeInit 1 */
 348:Core/Src/stm32h7xx_hal_msp.c **** 
 349:Core/Src/stm32h7xx_hal_msp.c ****   /* USER CODE END TIM4_MspDeInit 1 */
 350:Core/Src/stm32h7xx_hal_msp.c ****   }
 351:Core/Src/stm32h7xx_hal_msp.c **** 
 352:Core/Src/stm32h7xx_hal_msp.c **** }
 756              		.loc 1 352 1 view .LVU200
 757 0008 7047     		bx	lr
 758              	.L49:
 346:Core/Src/stm32h7xx_hal_msp.c ****   /* USER CODE BEGIN TIM4_MspDeInit 1 */
 759              		.loc 1 346 5 is_stmt 1 view .LVU201
 760 000a 054A     		ldr	r2, .L50+4
 761 000c D2F84831 		ldr	r3, [r2, #328]
 762 0010 23F00403 		bic	r3, r3, #4
 763 0014 C2F84831 		str	r3, [r2, #328]
 764              		.loc 1 352 1 is_stmt 0 view .LVU202
 765 0018 F6E7     		b	.L47
 766              	.L51:
 767 001a 00BF     		.align	2
 768              	.L50:
 769 001c 00080040 		.word	1073743872
 770 0020 00440258 		.word	1476543488
 771              		.cfi_endproc
 772              	.LFE151:
 774              		.section	.text.HAL_UART_MspInit,"ax",%progbits
 775              		.align	1
 776              		.global	HAL_UART_MspInit
 777              		.syntax unified
 778              		.thumb
 779              		.thumb_func
 780              		.fpu fpv5-d16
 782              	HAL_UART_MspInit:
 783              	.LVL36:
 784              	.LFB152:
 353:Core/Src/stm32h7xx_hal_msp.c **** 
 354:Core/Src/stm32h7xx_hal_msp.c **** /**
 355:Core/Src/stm32h7xx_hal_msp.c **** * @brief UART MSP Initialization
 356:Core/Src/stm32h7xx_hal_msp.c **** * This function configures the hardware resources used in this example
ARM GAS  C:\Users\20614\AppData\Local\Temp\ccoihZfy.s 			page 23


 357:Core/Src/stm32h7xx_hal_msp.c **** * @param huart: UART handle pointer
 358:Core/Src/stm32h7xx_hal_msp.c **** * @retval None
 359:Core/Src/stm32h7xx_hal_msp.c **** */
 360:Core/Src/stm32h7xx_hal_msp.c **** void HAL_UART_MspInit(UART_HandleTypeDef* huart)
 361:Core/Src/stm32h7xx_hal_msp.c **** {
 785              		.loc 1 361 1 is_stmt 1 view -0
 786              		.cfi_startproc
 787              		@ args = 0, pretend = 0, frame = 32
 788              		@ frame_needed = 0, uses_anonymous_args = 0
 789              		.loc 1 361 1 is_stmt 0 view .LVU204
 790 0000 10B5     		push	{r4, lr}
 791              	.LCFI18:
 792              		.cfi_def_cfa_offset 8
 793              		.cfi_offset 4, -8
 794              		.cfi_offset 14, -4
 795 0002 88B0     		sub	sp, sp, #32
 796              	.LCFI19:
 797              		.cfi_def_cfa_offset 40
 362:Core/Src/stm32h7xx_hal_msp.c ****   GPIO_InitTypeDef GPIO_InitStruct = {0};
 798              		.loc 1 362 3 is_stmt 1 view .LVU205
 799              		.loc 1 362 20 is_stmt 0 view .LVU206
 800 0004 0023     		movs	r3, #0
 801 0006 0393     		str	r3, [sp, #12]
 802 0008 0493     		str	r3, [sp, #16]
 803 000a 0593     		str	r3, [sp, #20]
 804 000c 0693     		str	r3, [sp, #24]
 805 000e 0793     		str	r3, [sp, #28]
 363:Core/Src/stm32h7xx_hal_msp.c ****   if(huart->Instance==USART1)
 806              		.loc 1 363 3 is_stmt 1 view .LVU207
 807              		.loc 1 363 11 is_stmt 0 view .LVU208
 808 0010 0268     		ldr	r2, [r0]
 809              		.loc 1 363 5 view .LVU209
 810 0012 03F18043 		add	r3, r3, #1073741824
 811 0016 03F58833 		add	r3, r3, #69632
 812 001a 9A42     		cmp	r2, r3
 813 001c 01D0     		beq	.L55
 814              	.LVL37:
 815              	.L52:
 364:Core/Src/stm32h7xx_hal_msp.c ****   {
 365:Core/Src/stm32h7xx_hal_msp.c ****   /* USER CODE BEGIN USART1_MspInit 0 */
 366:Core/Src/stm32h7xx_hal_msp.c **** 
 367:Core/Src/stm32h7xx_hal_msp.c ****   /* USER CODE END USART1_MspInit 0 */
 368:Core/Src/stm32h7xx_hal_msp.c ****     /* Peripheral clock enable */
 369:Core/Src/stm32h7xx_hal_msp.c ****     __HAL_RCC_USART1_CLK_ENABLE();
 370:Core/Src/stm32h7xx_hal_msp.c **** 
 371:Core/Src/stm32h7xx_hal_msp.c ****     __HAL_RCC_GPIOA_CLK_ENABLE();
 372:Core/Src/stm32h7xx_hal_msp.c ****     /**USART1 GPIO Configuration
 373:Core/Src/stm32h7xx_hal_msp.c ****     PA9     ------> USART1_TX
 374:Core/Src/stm32h7xx_hal_msp.c ****     PA10     ------> USART1_RX
 375:Core/Src/stm32h7xx_hal_msp.c ****     */
 376:Core/Src/stm32h7xx_hal_msp.c ****     GPIO_InitStruct.Pin = GPIO_PIN_9|GPIO_PIN_10;
 377:Core/Src/stm32h7xx_hal_msp.c ****     GPIO_InitStruct.Mode = GPIO_MODE_AF_PP;
 378:Core/Src/stm32h7xx_hal_msp.c ****     GPIO_InitStruct.Pull = GPIO_NOPULL;
 379:Core/Src/stm32h7xx_hal_msp.c ****     GPIO_InitStruct.Speed = GPIO_SPEED_FREQ_LOW;
 380:Core/Src/stm32h7xx_hal_msp.c ****     GPIO_InitStruct.Alternate = GPIO_AF7_USART1;
 381:Core/Src/stm32h7xx_hal_msp.c ****     HAL_GPIO_Init(GPIOA, &GPIO_InitStruct);
 382:Core/Src/stm32h7xx_hal_msp.c **** 
ARM GAS  C:\Users\20614\AppData\Local\Temp\ccoihZfy.s 			page 24


 383:Core/Src/stm32h7xx_hal_msp.c ****     /* USART1 interrupt Init */
 384:Core/Src/stm32h7xx_hal_msp.c ****     HAL_NVIC_SetPriority(USART1_IRQn, 0, 2);
 385:Core/Src/stm32h7xx_hal_msp.c ****     HAL_NVIC_EnableIRQ(USART1_IRQn);
 386:Core/Src/stm32h7xx_hal_msp.c ****   /* USER CODE BEGIN USART1_MspInit 1 */
 387:Core/Src/stm32h7xx_hal_msp.c **** 
 388:Core/Src/stm32h7xx_hal_msp.c ****   /* USER CODE END USART1_MspInit 1 */
 389:Core/Src/stm32h7xx_hal_msp.c ****   }
 390:Core/Src/stm32h7xx_hal_msp.c **** 
 391:Core/Src/stm32h7xx_hal_msp.c **** }
 816              		.loc 1 391 1 view .LVU210
 817 001e 08B0     		add	sp, sp, #32
 818              	.LCFI20:
 819              		.cfi_remember_state
 820              		.cfi_def_cfa_offset 8
 821              		@ sp needed
 822 0020 10BD     		pop	{r4, pc}
 823              	.LVL38:
 824              	.L55:
 825              	.LCFI21:
 826              		.cfi_restore_state
 369:Core/Src/stm32h7xx_hal_msp.c **** 
 827              		.loc 1 369 5 is_stmt 1 view .LVU211
 828              	.LBB12:
 369:Core/Src/stm32h7xx_hal_msp.c **** 
 829              		.loc 1 369 5 view .LVU212
 369:Core/Src/stm32h7xx_hal_msp.c **** 
 830              		.loc 1 369 5 view .LVU213
 831 0022 164B     		ldr	r3, .L56
 832 0024 D3F85021 		ldr	r2, [r3, #336]
 833 0028 42F01002 		orr	r2, r2, #16
 834 002c C3F85021 		str	r2, [r3, #336]
 369:Core/Src/stm32h7xx_hal_msp.c **** 
 835              		.loc 1 369 5 view .LVU214
 836 0030 D3F85021 		ldr	r2, [r3, #336]
 837 0034 02F01002 		and	r2, r2, #16
 838 0038 0192     		str	r2, [sp, #4]
 369:Core/Src/stm32h7xx_hal_msp.c **** 
 839              		.loc 1 369 5 view .LVU215
 840 003a 019A     		ldr	r2, [sp, #4]
 841              	.LBE12:
 369:Core/Src/stm32h7xx_hal_msp.c **** 
 842              		.loc 1 369 5 view .LVU216
 371:Core/Src/stm32h7xx_hal_msp.c ****     /**USART1 GPIO Configuration
 843              		.loc 1 371 5 view .LVU217
 844              	.LBB13:
 371:Core/Src/stm32h7xx_hal_msp.c ****     /**USART1 GPIO Configuration
 845              		.loc 1 371 5 view .LVU218
 371:Core/Src/stm32h7xx_hal_msp.c ****     /**USART1 GPIO Configuration
 846              		.loc 1 371 5 view .LVU219
 847 003c D3F84021 		ldr	r2, [r3, #320]
 848 0040 42F00102 		orr	r2, r2, #1
 849 0044 C3F84021 		str	r2, [r3, #320]
 371:Core/Src/stm32h7xx_hal_msp.c ****     /**USART1 GPIO Configuration
 850              		.loc 1 371 5 view .LVU220
 851 0048 D3F84031 		ldr	r3, [r3, #320]
 852 004c 03F00103 		and	r3, r3, #1
 853 0050 0293     		str	r3, [sp, #8]
ARM GAS  C:\Users\20614\AppData\Local\Temp\ccoihZfy.s 			page 25


 371:Core/Src/stm32h7xx_hal_msp.c ****     /**USART1 GPIO Configuration
 854              		.loc 1 371 5 view .LVU221
 855 0052 029B     		ldr	r3, [sp, #8]
 856              	.LBE13:
 371:Core/Src/stm32h7xx_hal_msp.c ****     /**USART1 GPIO Configuration
 857              		.loc 1 371 5 view .LVU222
 376:Core/Src/stm32h7xx_hal_msp.c ****     GPIO_InitStruct.Mode = GPIO_MODE_AF_PP;
 858              		.loc 1 376 5 view .LVU223
 376:Core/Src/stm32h7xx_hal_msp.c ****     GPIO_InitStruct.Mode = GPIO_MODE_AF_PP;
 859              		.loc 1 376 25 is_stmt 0 view .LVU224
 860 0054 4FF4C063 		mov	r3, #1536
 861 0058 0393     		str	r3, [sp, #12]
 377:Core/Src/stm32h7xx_hal_msp.c ****     GPIO_InitStruct.Pull = GPIO_NOPULL;
 862              		.loc 1 377 5 is_stmt 1 view .LVU225
 377:Core/Src/stm32h7xx_hal_msp.c ****     GPIO_InitStruct.Pull = GPIO_NOPULL;
 863              		.loc 1 377 26 is_stmt 0 view .LVU226
 864 005a 0224     		movs	r4, #2
 865 005c 0494     		str	r4, [sp, #16]
 378:Core/Src/stm32h7xx_hal_msp.c ****     GPIO_InitStruct.Speed = GPIO_SPEED_FREQ_LOW;
 866              		.loc 1 378 5 is_stmt 1 view .LVU227
 379:Core/Src/stm32h7xx_hal_msp.c ****     GPIO_InitStruct.Alternate = GPIO_AF7_USART1;
 867              		.loc 1 379 5 view .LVU228
 380:Core/Src/stm32h7xx_hal_msp.c ****     HAL_GPIO_Init(GPIOA, &GPIO_InitStruct);
 868              		.loc 1 380 5 view .LVU229
 380:Core/Src/stm32h7xx_hal_msp.c ****     HAL_GPIO_Init(GPIOA, &GPIO_InitStruct);
 869              		.loc 1 380 31 is_stmt 0 view .LVU230
 870 005e 0723     		movs	r3, #7
 871 0060 0793     		str	r3, [sp, #28]
 381:Core/Src/stm32h7xx_hal_msp.c **** 
 872              		.loc 1 381 5 is_stmt 1 view .LVU231
 873 0062 03A9     		add	r1, sp, #12
 874 0064 0648     		ldr	r0, .L56+4
 875              	.LVL39:
 381:Core/Src/stm32h7xx_hal_msp.c **** 
 876              		.loc 1 381 5 is_stmt 0 view .LVU232
 877 0066 FFF7FEFF 		bl	HAL_GPIO_Init
 878              	.LVL40:
 384:Core/Src/stm32h7xx_hal_msp.c ****     HAL_NVIC_EnableIRQ(USART1_IRQn);
 879              		.loc 1 384 5 is_stmt 1 view .LVU233
 880 006a 2246     		mov	r2, r4
 881 006c 0021     		movs	r1, #0
 882 006e 2520     		movs	r0, #37
 883 0070 FFF7FEFF 		bl	HAL_NVIC_SetPriority
 884              	.LVL41:
 385:Core/Src/stm32h7xx_hal_msp.c ****   /* USER CODE BEGIN USART1_MspInit 1 */
 885              		.loc 1 385 5 view .LVU234
 886 0074 2520     		movs	r0, #37
 887 0076 FFF7FEFF 		bl	HAL_NVIC_EnableIRQ
 888              	.LVL42:
 889              		.loc 1 391 1 is_stmt 0 view .LVU235
 890 007a D0E7     		b	.L52
 891              	.L57:
 892              		.align	2
 893              	.L56:
 894 007c 00440258 		.word	1476543488
 895 0080 00000258 		.word	1476526080
 896              		.cfi_endproc
ARM GAS  C:\Users\20614\AppData\Local\Temp\ccoihZfy.s 			page 26


 897              	.LFE152:
 899              		.section	.text.HAL_UART_MspDeInit,"ax",%progbits
 900              		.align	1
 901              		.global	HAL_UART_MspDeInit
 902              		.syntax unified
 903              		.thumb
 904              		.thumb_func
 905              		.fpu fpv5-d16
 907              	HAL_UART_MspDeInit:
 908              	.LVL43:
 909              	.LFB153:
 392:Core/Src/stm32h7xx_hal_msp.c **** 
 393:Core/Src/stm32h7xx_hal_msp.c **** /**
 394:Core/Src/stm32h7xx_hal_msp.c **** * @brief UART MSP De-Initialization
 395:Core/Src/stm32h7xx_hal_msp.c **** * This function freeze the hardware resources used in this example
 396:Core/Src/stm32h7xx_hal_msp.c **** * @param huart: UART handle pointer
 397:Core/Src/stm32h7xx_hal_msp.c **** * @retval None
 398:Core/Src/stm32h7xx_hal_msp.c **** */
 399:Core/Src/stm32h7xx_hal_msp.c **** void HAL_UART_MspDeInit(UART_HandleTypeDef* huart)
 400:Core/Src/stm32h7xx_hal_msp.c **** {
 910              		.loc 1 400 1 is_stmt 1 view -0
 911              		.cfi_startproc
 912              		@ args = 0, pretend = 0, frame = 0
 913              		@ frame_needed = 0, uses_anonymous_args = 0
 914              		.loc 1 400 1 is_stmt 0 view .LVU237
 915 0000 08B5     		push	{r3, lr}
 916              	.LCFI22:
 917              		.cfi_def_cfa_offset 8
 918              		.cfi_offset 3, -8
 919              		.cfi_offset 14, -4
 401:Core/Src/stm32h7xx_hal_msp.c ****   if(huart->Instance==USART1)
 920              		.loc 1 401 3 is_stmt 1 view .LVU238
 921              		.loc 1 401 11 is_stmt 0 view .LVU239
 922 0002 0268     		ldr	r2, [r0]
 923              		.loc 1 401 5 view .LVU240
 924 0004 094B     		ldr	r3, .L62
 925 0006 9A42     		cmp	r2, r3
 926 0008 00D0     		beq	.L61
 927              	.LVL44:
 928              	.L58:
 402:Core/Src/stm32h7xx_hal_msp.c ****   {
 403:Core/Src/stm32h7xx_hal_msp.c ****   /* USER CODE BEGIN USART1_MspDeInit 0 */
 404:Core/Src/stm32h7xx_hal_msp.c **** 
 405:Core/Src/stm32h7xx_hal_msp.c ****   /* USER CODE END USART1_MspDeInit 0 */
 406:Core/Src/stm32h7xx_hal_msp.c ****     /* Peripheral clock disable */
 407:Core/Src/stm32h7xx_hal_msp.c ****     __HAL_RCC_USART1_CLK_DISABLE();
 408:Core/Src/stm32h7xx_hal_msp.c **** 
 409:Core/Src/stm32h7xx_hal_msp.c ****     /**USART1 GPIO Configuration
 410:Core/Src/stm32h7xx_hal_msp.c ****     PA9     ------> USART1_TX
 411:Core/Src/stm32h7xx_hal_msp.c ****     PA10     ------> USART1_RX
 412:Core/Src/stm32h7xx_hal_msp.c ****     */
 413:Core/Src/stm32h7xx_hal_msp.c ****     HAL_GPIO_DeInit(GPIOA, GPIO_PIN_9|GPIO_PIN_10);
 414:Core/Src/stm32h7xx_hal_msp.c **** 
 415:Core/Src/stm32h7xx_hal_msp.c ****     /* USART1 interrupt DeInit */
 416:Core/Src/stm32h7xx_hal_msp.c ****     HAL_NVIC_DisableIRQ(USART1_IRQn);
 417:Core/Src/stm32h7xx_hal_msp.c ****   /* USER CODE BEGIN USART1_MspDeInit 1 */
 418:Core/Src/stm32h7xx_hal_msp.c **** 
ARM GAS  C:\Users\20614\AppData\Local\Temp\ccoihZfy.s 			page 27


 419:Core/Src/stm32h7xx_hal_msp.c ****   /* USER CODE END USART1_MspDeInit 1 */
 420:Core/Src/stm32h7xx_hal_msp.c ****   }
 421:Core/Src/stm32h7xx_hal_msp.c **** 
 422:Core/Src/stm32h7xx_hal_msp.c **** }
 929              		.loc 1 422 1 view .LVU241
 930 000a 08BD     		pop	{r3, pc}
 931              	.LVL45:
 932              	.L61:
 407:Core/Src/stm32h7xx_hal_msp.c **** 
 933              		.loc 1 407 5 is_stmt 1 view .LVU242
 934 000c 084A     		ldr	r2, .L62+4
 935 000e D2F85031 		ldr	r3, [r2, #336]
 936 0012 23F01003 		bic	r3, r3, #16
 937 0016 C2F85031 		str	r3, [r2, #336]
 413:Core/Src/stm32h7xx_hal_msp.c **** 
 938              		.loc 1 413 5 view .LVU243
 939 001a 4FF4C061 		mov	r1, #1536
 940 001e 0548     		ldr	r0, .L62+8
 941              	.LVL46:
 413:Core/Src/stm32h7xx_hal_msp.c **** 
 942              		.loc 1 413 5 is_stmt 0 view .LVU244
 943 0020 FFF7FEFF 		bl	HAL_GPIO_DeInit
 944              	.LVL47:
 416:Core/Src/stm32h7xx_hal_msp.c ****   /* USER CODE BEGIN USART1_MspDeInit 1 */
 945              		.loc 1 416 5 is_stmt 1 view .LVU245
 946 0024 2520     		movs	r0, #37
 947 0026 FFF7FEFF 		bl	HAL_NVIC_DisableIRQ
 948              	.LVL48:
 949              		.loc 1 422 1 is_stmt 0 view .LVU246
 950 002a EEE7     		b	.L58
 951              	.L63:
 952              		.align	2
 953              	.L62:
 954 002c 00100140 		.word	1073811456
 955 0030 00440258 		.word	1476543488
 956 0034 00000258 		.word	1476526080
 957              		.cfi_endproc
 958              	.LFE153:
 960              		.text
 961              	.Letext0:
 962              		.file 2 "d:\\10 2021.07\\arm-none-eabi\\include\\machine\\_default_types.h"
 963              		.file 3 "d:\\10 2021.07\\arm-none-eabi\\include\\sys\\_stdint.h"
 964              		.file 4 "Drivers/CMSIS/Device/ST/STM32H7xx/Include/stm32h7b0xx.h"
 965              		.file 5 "Drivers/STM32H7xx_HAL_Driver/Inc/stm32h7xx_hal_def.h"
 966              		.file 6 "Drivers/STM32H7xx_HAL_Driver/Inc/stm32h7xx_hal_gpio.h"
 967              		.file 7 "Drivers/STM32H7xx_HAL_Driver/Inc/stm32h7xx_hal_dma.h"
 968              		.file 8 "Drivers/STM32H7xx_HAL_Driver/Inc/stm32h7xx_hal_dma2d.h"
 969              		.file 9 "Drivers/STM32H7xx_HAL_Driver/Inc/stm32h7xx_hal_ltdc.h"
 970              		.file 10 "Drivers/STM32H7xx_HAL_Driver/Inc/stm32h7xx_hal_tim.h"
 971              		.file 11 "Drivers/STM32H7xx_HAL_Driver/Inc/stm32h7xx_hal_uart.h"
 972              		.file 12 "Drivers/STM32H7xx_HAL_Driver/Inc/stm32h7xx_hal_cortex.h"
ARM GAS  C:\Users\20614\AppData\Local\Temp\ccoihZfy.s 			page 28


DEFINED SYMBOLS
                            *ABS*:00000000 stm32h7xx_hal_msp.c
C:\Users\20614\AppData\Local\Temp\ccoihZfy.s:17     .text.HAL_MspInit:00000000 $t
C:\Users\20614\AppData\Local\Temp\ccoihZfy.s:25     .text.HAL_MspInit:00000000 HAL_MspInit
C:\Users\20614\AppData\Local\Temp\ccoihZfy.s:68     .text.HAL_MspInit:0000002c $d
C:\Users\20614\AppData\Local\Temp\ccoihZfy.s:73     .text.HAL_DMA2D_MspInit:00000000 $t
C:\Users\20614\AppData\Local\Temp\ccoihZfy.s:80     .text.HAL_DMA2D_MspInit:00000000 HAL_DMA2D_MspInit
C:\Users\20614\AppData\Local\Temp\ccoihZfy.s:141    .text.HAL_DMA2D_MspInit:00000040 $d
C:\Users\20614\AppData\Local\Temp\ccoihZfy.s:147    .text.HAL_DMA2D_MspDeInit:00000000 $t
C:\Users\20614\AppData\Local\Temp\ccoihZfy.s:154    .text.HAL_DMA2D_MspDeInit:00000000 HAL_DMA2D_MspDeInit
C:\Users\20614\AppData\Local\Temp\ccoihZfy.s:196    .text.HAL_DMA2D_MspDeInit:00000024 $d
C:\Users\20614\AppData\Local\Temp\ccoihZfy.s:202    .text.HAL_LTDC_MspInit:00000000 $t
C:\Users\20614\AppData\Local\Temp\ccoihZfy.s:209    .text.HAL_LTDC_MspInit:00000000 HAL_LTDC_MspInit
C:\Users\20614\AppData\Local\Temp\ccoihZfy.s:484    .text.HAL_LTDC_MspInit:0000013c $d
C:\Users\20614\AppData\Local\Temp\ccoihZfy.s:495    .text.HAL_LTDC_MspDeInit:00000000 $t
C:\Users\20614\AppData\Local\Temp\ccoihZfy.s:502    .text.HAL_LTDC_MspDeInit:00000000 HAL_LTDC_MspDeInit
C:\Users\20614\AppData\Local\Temp\ccoihZfy.s:565    .text.HAL_LTDC_MspDeInit:0000004c $d
C:\Users\20614\AppData\Local\Temp\ccoihZfy.s:576    .text.HAL_TIM_PWM_MspInit:00000000 $t
C:\Users\20614\AppData\Local\Temp\ccoihZfy.s:583    .text.HAL_TIM_PWM_MspInit:00000000 HAL_TIM_PWM_MspInit
C:\Users\20614\AppData\Local\Temp\ccoihZfy.s:629    .text.HAL_TIM_PWM_MspInit:0000002c $d
C:\Users\20614\AppData\Local\Temp\ccoihZfy.s:635    .text.HAL_TIM_MspPostInit:00000000 $t
C:\Users\20614\AppData\Local\Temp\ccoihZfy.s:642    .text.HAL_TIM_MspPostInit:00000000 HAL_TIM_MspPostInit
C:\Users\20614\AppData\Local\Temp\ccoihZfy.s:726    .text.HAL_TIM_MspPostInit:00000050 $d
C:\Users\20614\AppData\Local\Temp\ccoihZfy.s:733    .text.HAL_TIM_PWM_MspDeInit:00000000 $t
C:\Users\20614\AppData\Local\Temp\ccoihZfy.s:740    .text.HAL_TIM_PWM_MspDeInit:00000000 HAL_TIM_PWM_MspDeInit
C:\Users\20614\AppData\Local\Temp\ccoihZfy.s:769    .text.HAL_TIM_PWM_MspDeInit:0000001c $d
C:\Users\20614\AppData\Local\Temp\ccoihZfy.s:775    .text.HAL_UART_MspInit:00000000 $t
C:\Users\20614\AppData\Local\Temp\ccoihZfy.s:782    .text.HAL_UART_MspInit:00000000 HAL_UART_MspInit
C:\Users\20614\AppData\Local\Temp\ccoihZfy.s:894    .text.HAL_UART_MspInit:0000007c $d
C:\Users\20614\AppData\Local\Temp\ccoihZfy.s:900    .text.HAL_UART_MspDeInit:00000000 $t
C:\Users\20614\AppData\Local\Temp\ccoihZfy.s:907    .text.HAL_UART_MspDeInit:00000000 HAL_UART_MspDeInit
C:\Users\20614\AppData\Local\Temp\ccoihZfy.s:954    .text.HAL_UART_MspDeInit:0000002c $d

UNDEFINED SYMBOLS
HAL_NVIC_SetPriorityGrouping
HAL_NVIC_SetPriority
HAL_NVIC_EnableIRQ
HAL_NVIC_DisableIRQ
HAL_GPIO_Init
HAL_GPIO_DeInit
