ARM GAS  C:\Users\20614\AppData\Local\Temp\ccfc94Pk.s 			page 1


   1              		.cpu cortex-m7
   2              		.eabi_attribute 28, 1
   3              		.eabi_attribute 20, 1
   4              		.eabi_attribute 21, 1
   5              		.eabi_attribute 23, 3
   6              		.eabi_attribute 24, 1
   7              		.eabi_attribute 25, 1
   8              		.eabi_attribute 26, 1
   9              		.eabi_attribute 30, 1
  10              		.eabi_attribute 34, 1
  11              		.eabi_attribute 18, 4
  12              		.file	"stm32h7xx_it.c"
  13              		.text
  14              	.Ltext0:
  15              		.cfi_sections	.debug_frame
  16              		.section	.text.NMI_Handler,"ax",%progbits
  17              		.align	1
  18              		.global	NMI_Handler
  19              		.arch armv7e-m
  20              		.syntax unified
  21              		.thumb
  22              		.thumb_func
  23              		.fpu fpv5-d16
  25              	NMI_Handler:
  26              	.LFB144:
  27              		.file 1 "Core/Src/stm32h7xx_it.c"
   1:Core/Src/stm32h7xx_it.c **** /* USER CODE BEGIN Header */
   2:Core/Src/stm32h7xx_it.c **** /**
   3:Core/Src/stm32h7xx_it.c ****  ******************************************************************************
   4:Core/Src/stm32h7xx_it.c ****  * @file    stm32h7xx_it.c
   5:Core/Src/stm32h7xx_it.c ****  * @brief   Interrupt Service Routines.
   6:Core/Src/stm32h7xx_it.c ****  ******************************************************************************
   7:Core/Src/stm32h7xx_it.c ****  * @attention
   8:Core/Src/stm32h7xx_it.c ****  *
   9:Core/Src/stm32h7xx_it.c ****  * <h2><center>&copy; Copyright (c) 2023 STMicroelectronics.
  10:Core/Src/stm32h7xx_it.c ****  * All rights reserved.</center></h2>
  11:Core/Src/stm32h7xx_it.c ****  *
  12:Core/Src/stm32h7xx_it.c ****  * This software component is licensed by ST under BSD 3-Clause license,
  13:Core/Src/stm32h7xx_it.c ****  * the "License"; You may not use this file except in compliance with the
  14:Core/Src/stm32h7xx_it.c ****  * License. You may obtain a copy of the License at:
  15:Core/Src/stm32h7xx_it.c ****  *                        opensource.org/licenses/BSD-3-Clause
  16:Core/Src/stm32h7xx_it.c ****  *
  17:Core/Src/stm32h7xx_it.c ****  ******************************************************************************
  18:Core/Src/stm32h7xx_it.c ****  */
  19:Core/Src/stm32h7xx_it.c **** /* USER CODE END Header */
  20:Core/Src/stm32h7xx_it.c **** 
  21:Core/Src/stm32h7xx_it.c **** /* Includes ------------------------------------------------------------------*/
  22:Core/Src/stm32h7xx_it.c **** #include "main.h"
  23:Core/Src/stm32h7xx_it.c **** #include "stm32h7xx_it.h"
  24:Core/Src/stm32h7xx_it.c **** /* Private includes ----------------------------------------------------------*/
  25:Core/Src/stm32h7xx_it.c **** /* USER CODE BEGIN Includes */
  26:Core/Src/stm32h7xx_it.c **** /* USER CODE END Includes */
  27:Core/Src/stm32h7xx_it.c **** 
  28:Core/Src/stm32h7xx_it.c **** /* Private typedef -----------------------------------------------------------*/
  29:Core/Src/stm32h7xx_it.c **** /* USER CODE BEGIN TD */
  30:Core/Src/stm32h7xx_it.c **** 
  31:Core/Src/stm32h7xx_it.c **** /* USER CODE END TD */
ARM GAS  C:\Users\20614\AppData\Local\Temp\ccfc94Pk.s 			page 2


  32:Core/Src/stm32h7xx_it.c **** 
  33:Core/Src/stm32h7xx_it.c **** /* Private define ------------------------------------------------------------*/
  34:Core/Src/stm32h7xx_it.c **** /* USER CODE BEGIN PD */
  35:Core/Src/stm32h7xx_it.c **** 
  36:Core/Src/stm32h7xx_it.c **** /* USER CODE END PD */
  37:Core/Src/stm32h7xx_it.c **** 
  38:Core/Src/stm32h7xx_it.c **** /* Private macro -------------------------------------------------------------*/
  39:Core/Src/stm32h7xx_it.c **** /* USER CODE BEGIN PM */
  40:Core/Src/stm32h7xx_it.c **** 
  41:Core/Src/stm32h7xx_it.c **** /* USER CODE END PM */
  42:Core/Src/stm32h7xx_it.c **** 
  43:Core/Src/stm32h7xx_it.c **** /* Private variables ---------------------------------------------------------*/
  44:Core/Src/stm32h7xx_it.c **** /* USER CODE BEGIN PV */
  45:Core/Src/stm32h7xx_it.c **** 
  46:Core/Src/stm32h7xx_it.c **** /* USER CODE END PV */
  47:Core/Src/stm32h7xx_it.c **** 
  48:Core/Src/stm32h7xx_it.c **** /* Private function prototypes -----------------------------------------------*/
  49:Core/Src/stm32h7xx_it.c **** /* USER CODE BEGIN PFP */
  50:Core/Src/stm32h7xx_it.c **** 
  51:Core/Src/stm32h7xx_it.c **** /* USER CODE END PFP */
  52:Core/Src/stm32h7xx_it.c **** 
  53:Core/Src/stm32h7xx_it.c **** /* Private user code ---------------------------------------------------------*/
  54:Core/Src/stm32h7xx_it.c **** /* USER CODE BEGIN 0 */
  55:Core/Src/stm32h7xx_it.c **** 
  56:Core/Src/stm32h7xx_it.c **** /* USER CODE END 0 */
  57:Core/Src/stm32h7xx_it.c **** 
  58:Core/Src/stm32h7xx_it.c **** /* External variables --------------------------------------------------------*/
  59:Core/Src/stm32h7xx_it.c **** extern UART_HandleTypeDef huart1;
  60:Core/Src/stm32h7xx_it.c **** /* USER CODE BEGIN EV */
  61:Core/Src/stm32h7xx_it.c **** 
  62:Core/Src/stm32h7xx_it.c **** /* USER CODE END EV */
  63:Core/Src/stm32h7xx_it.c **** 
  64:Core/Src/stm32h7xx_it.c **** /******************************************************************************/
  65:Core/Src/stm32h7xx_it.c **** /*           Cortex Processor Interruption and Exception Handlers          */
  66:Core/Src/stm32h7xx_it.c **** /******************************************************************************/
  67:Core/Src/stm32h7xx_it.c **** /**
  68:Core/Src/stm32h7xx_it.c ****  * @brief This function handles Non maskable interrupt.
  69:Core/Src/stm32h7xx_it.c ****  */
  70:Core/Src/stm32h7xx_it.c **** void NMI_Handler(void)
  71:Core/Src/stm32h7xx_it.c **** {
  28              		.loc 1 71 1 view -0
  29              		.cfi_startproc
  30              		@ Volatile: function does not return.
  31              		@ args = 0, pretend = 0, frame = 0
  32              		@ frame_needed = 0, uses_anonymous_args = 0
  33              		@ link register save eliminated.
  34              	.L2:
  72:Core/Src/stm32h7xx_it.c ****   /* USER CODE BEGIN NonMaskableInt_IRQn 0 */
  73:Core/Src/stm32h7xx_it.c **** 
  74:Core/Src/stm32h7xx_it.c ****   /* USER CODE END NonMaskableInt_IRQn 0 */
  75:Core/Src/stm32h7xx_it.c ****   /* USER CODE BEGIN NonMaskableInt_IRQn 1 */
  76:Core/Src/stm32h7xx_it.c ****   while (1)
  35              		.loc 1 76 3 discriminator 1 view .LVU1
  77:Core/Src/stm32h7xx_it.c ****   {
  78:Core/Src/stm32h7xx_it.c ****   }
  36              		.loc 1 78 3 discriminator 1 view .LVU2
  76:Core/Src/stm32h7xx_it.c ****   {
ARM GAS  C:\Users\20614\AppData\Local\Temp\ccfc94Pk.s 			page 3


  37              		.loc 1 76 9 discriminator 1 view .LVU3
  38 0000 FEE7     		b	.L2
  39              		.cfi_endproc
  40              	.LFE144:
  42              		.section	.text.HardFault_Handler,"ax",%progbits
  43              		.align	1
  44              		.global	HardFault_Handler
  45              		.syntax unified
  46              		.thumb
  47              		.thumb_func
  48              		.fpu fpv5-d16
  50              	HardFault_Handler:
  51              	.LFB145:
  79:Core/Src/stm32h7xx_it.c ****   /* USER CODE END NonMaskableInt_IRQn 1 */
  80:Core/Src/stm32h7xx_it.c **** }
  81:Core/Src/stm32h7xx_it.c **** 
  82:Core/Src/stm32h7xx_it.c **** /**
  83:Core/Src/stm32h7xx_it.c ****  * @brief This function handles Hard fault interrupt.
  84:Core/Src/stm32h7xx_it.c ****  */
  85:Core/Src/stm32h7xx_it.c **** void HardFault_Handler(void)
  86:Core/Src/stm32h7xx_it.c **** {
  52              		.loc 1 86 1 view -0
  53              		.cfi_startproc
  54              		@ Volatile: function does not return.
  55              		@ args = 0, pretend = 0, frame = 0
  56              		@ frame_needed = 0, uses_anonymous_args = 0
  57              		@ link register save eliminated.
  58              	.L4:
  87:Core/Src/stm32h7xx_it.c ****   /* USER CODE BEGIN HardFault_IRQn 0 */
  88:Core/Src/stm32h7xx_it.c **** 
  89:Core/Src/stm32h7xx_it.c ****   /* USER CODE END HardFault_IRQn 0 */
  90:Core/Src/stm32h7xx_it.c ****   while (1)
  59              		.loc 1 90 3 discriminator 1 view .LVU5
  91:Core/Src/stm32h7xx_it.c ****   {
  92:Core/Src/stm32h7xx_it.c ****     /* USER CODE BEGIN W1_HardFault_IRQn 0 */
  93:Core/Src/stm32h7xx_it.c ****     /* USER CODE END W1_HardFault_IRQn 0 */
  94:Core/Src/stm32h7xx_it.c ****   }
  60              		.loc 1 94 3 discriminator 1 view .LVU6
  90:Core/Src/stm32h7xx_it.c ****   {
  61              		.loc 1 90 9 discriminator 1 view .LVU7
  62 0000 FEE7     		b	.L4
  63              		.cfi_endproc
  64              	.LFE145:
  66              		.section	.text.MemManage_Handler,"ax",%progbits
  67              		.align	1
  68              		.global	MemManage_Handler
  69              		.syntax unified
  70              		.thumb
  71              		.thumb_func
  72              		.fpu fpv5-d16
  74              	MemManage_Handler:
  75              	.LFB146:
  95:Core/Src/stm32h7xx_it.c **** }
  96:Core/Src/stm32h7xx_it.c **** 
  97:Core/Src/stm32h7xx_it.c **** /**
  98:Core/Src/stm32h7xx_it.c ****  * @brief This function handles Memory management fault.
  99:Core/Src/stm32h7xx_it.c ****  */
ARM GAS  C:\Users\20614\AppData\Local\Temp\ccfc94Pk.s 			page 4


 100:Core/Src/stm32h7xx_it.c **** void MemManage_Handler(void)
 101:Core/Src/stm32h7xx_it.c **** {
  76              		.loc 1 101 1 view -0
  77              		.cfi_startproc
  78              		@ Volatile: function does not return.
  79              		@ args = 0, pretend = 0, frame = 0
  80              		@ frame_needed = 0, uses_anonymous_args = 0
  81              		@ link register save eliminated.
  82              	.L6:
 102:Core/Src/stm32h7xx_it.c ****   /* USER CODE BEGIN MemoryManagement_IRQn 0 */
 103:Core/Src/stm32h7xx_it.c **** 
 104:Core/Src/stm32h7xx_it.c ****   /* USER CODE END MemoryManagement_IRQn 0 */
 105:Core/Src/stm32h7xx_it.c ****   while (1)
  83              		.loc 1 105 3 discriminator 1 view .LVU9
 106:Core/Src/stm32h7xx_it.c ****   {
 107:Core/Src/stm32h7xx_it.c ****     /* USER CODE BEGIN W1_MemoryManagement_IRQn 0 */
 108:Core/Src/stm32h7xx_it.c ****     /* USER CODE END W1_MemoryManagement_IRQn 0 */
 109:Core/Src/stm32h7xx_it.c ****   }
  84              		.loc 1 109 3 discriminator 1 view .LVU10
 105:Core/Src/stm32h7xx_it.c ****   {
  85              		.loc 1 105 9 discriminator 1 view .LVU11
  86 0000 FEE7     		b	.L6
  87              		.cfi_endproc
  88              	.LFE146:
  90              		.section	.text.BusFault_Handler,"ax",%progbits
  91              		.align	1
  92              		.global	BusFault_Handler
  93              		.syntax unified
  94              		.thumb
  95              		.thumb_func
  96              		.fpu fpv5-d16
  98              	BusFault_Handler:
  99              	.LFB147:
 110:Core/Src/stm32h7xx_it.c **** }
 111:Core/Src/stm32h7xx_it.c **** 
 112:Core/Src/stm32h7xx_it.c **** /**
 113:Core/Src/stm32h7xx_it.c ****  * @brief This function handles Pre-fetch fault, memory access fault.
 114:Core/Src/stm32h7xx_it.c ****  */
 115:Core/Src/stm32h7xx_it.c **** void BusFault_Handler(void)
 116:Core/Src/stm32h7xx_it.c **** {
 100              		.loc 1 116 1 view -0
 101              		.cfi_startproc
 102              		@ Volatile: function does not return.
 103              		@ args = 0, pretend = 0, frame = 0
 104              		@ frame_needed = 0, uses_anonymous_args = 0
 105              		@ link register save eliminated.
 106              	.L8:
 117:Core/Src/stm32h7xx_it.c ****   /* USER CODE BEGIN BusFault_IRQn 0 */
 118:Core/Src/stm32h7xx_it.c **** 
 119:Core/Src/stm32h7xx_it.c ****   /* USER CODE END BusFault_IRQn 0 */
 120:Core/Src/stm32h7xx_it.c ****   while (1)
 107              		.loc 1 120 3 discriminator 1 view .LVU13
 121:Core/Src/stm32h7xx_it.c ****   {
 122:Core/Src/stm32h7xx_it.c ****     /* USER CODE BEGIN W1_BusFault_IRQn 0 */
 123:Core/Src/stm32h7xx_it.c ****     /* USER CODE END W1_BusFault_IRQn 0 */
 124:Core/Src/stm32h7xx_it.c ****   }
 108              		.loc 1 124 3 discriminator 1 view .LVU14
ARM GAS  C:\Users\20614\AppData\Local\Temp\ccfc94Pk.s 			page 5


 120:Core/Src/stm32h7xx_it.c ****   {
 109              		.loc 1 120 9 discriminator 1 view .LVU15
 110 0000 FEE7     		b	.L8
 111              		.cfi_endproc
 112              	.LFE147:
 114              		.section	.text.UsageFault_Handler,"ax",%progbits
 115              		.align	1
 116              		.global	UsageFault_Handler
 117              		.syntax unified
 118              		.thumb
 119              		.thumb_func
 120              		.fpu fpv5-d16
 122              	UsageFault_Handler:
 123              	.LFB148:
 125:Core/Src/stm32h7xx_it.c **** }
 126:Core/Src/stm32h7xx_it.c **** 
 127:Core/Src/stm32h7xx_it.c **** /**
 128:Core/Src/stm32h7xx_it.c ****  * @brief This function handles Undefined instruction or illegal state.
 129:Core/Src/stm32h7xx_it.c ****  */
 130:Core/Src/stm32h7xx_it.c **** void UsageFault_Handler(void)
 131:Core/Src/stm32h7xx_it.c **** {
 124              		.loc 1 131 1 view -0
 125              		.cfi_startproc
 126              		@ Volatile: function does not return.
 127              		@ args = 0, pretend = 0, frame = 0
 128              		@ frame_needed = 0, uses_anonymous_args = 0
 129              		@ link register save eliminated.
 130              	.L10:
 132:Core/Src/stm32h7xx_it.c ****   /* USER CODE BEGIN UsageFault_IRQn 0 */
 133:Core/Src/stm32h7xx_it.c **** 
 134:Core/Src/stm32h7xx_it.c ****   /* USER CODE END UsageFault_IRQn 0 */
 135:Core/Src/stm32h7xx_it.c ****   while (1)
 131              		.loc 1 135 3 discriminator 1 view .LVU17
 136:Core/Src/stm32h7xx_it.c ****   {
 137:Core/Src/stm32h7xx_it.c ****     /* USER CODE BEGIN W1_UsageFault_IRQn 0 */
 138:Core/Src/stm32h7xx_it.c ****     /* USER CODE END W1_UsageFault_IRQn 0 */
 139:Core/Src/stm32h7xx_it.c ****   }
 132              		.loc 1 139 3 discriminator 1 view .LVU18
 135:Core/Src/stm32h7xx_it.c ****   {
 133              		.loc 1 135 9 discriminator 1 view .LVU19
 134 0000 FEE7     		b	.L10
 135              		.cfi_endproc
 136              	.LFE148:
 138              		.section	.text.SVC_Handler,"ax",%progbits
 139              		.align	1
 140              		.global	SVC_Handler
 141              		.syntax unified
 142              		.thumb
 143              		.thumb_func
 144              		.fpu fpv5-d16
 146              	SVC_Handler:
 147              	.LFB149:
 140:Core/Src/stm32h7xx_it.c **** }
 141:Core/Src/stm32h7xx_it.c **** 
 142:Core/Src/stm32h7xx_it.c **** /**
 143:Core/Src/stm32h7xx_it.c ****  * @brief This function handles System service call via SWI instruction.
 144:Core/Src/stm32h7xx_it.c ****  */
ARM GAS  C:\Users\20614\AppData\Local\Temp\ccfc94Pk.s 			page 6


 145:Core/Src/stm32h7xx_it.c **** void SVC_Handler(void)
 146:Core/Src/stm32h7xx_it.c **** {
 148              		.loc 1 146 1 view -0
 149              		.cfi_startproc
 150              		@ args = 0, pretend = 0, frame = 0
 151              		@ frame_needed = 0, uses_anonymous_args = 0
 152              		@ link register save eliminated.
 147:Core/Src/stm32h7xx_it.c ****   /* USER CODE BEGIN SVCall_IRQn 0 */
 148:Core/Src/stm32h7xx_it.c **** 
 149:Core/Src/stm32h7xx_it.c ****   /* USER CODE END SVCall_IRQn 0 */
 150:Core/Src/stm32h7xx_it.c ****   /* USER CODE BEGIN SVCall_IRQn 1 */
 151:Core/Src/stm32h7xx_it.c **** 
 152:Core/Src/stm32h7xx_it.c ****   /* USER CODE END SVCall_IRQn 1 */
 153:Core/Src/stm32h7xx_it.c **** }
 153              		.loc 1 153 1 view .LVU21
 154 0000 7047     		bx	lr
 155              		.cfi_endproc
 156              	.LFE149:
 158              		.section	.text.DebugMon_Handler,"ax",%progbits
 159              		.align	1
 160              		.global	DebugMon_Handler
 161              		.syntax unified
 162              		.thumb
 163              		.thumb_func
 164              		.fpu fpv5-d16
 166              	DebugMon_Handler:
 167              	.LFB150:
 154:Core/Src/stm32h7xx_it.c **** 
 155:Core/Src/stm32h7xx_it.c **** /**
 156:Core/Src/stm32h7xx_it.c ****  * @brief This function handles Debug monitor.
 157:Core/Src/stm32h7xx_it.c ****  */
 158:Core/Src/stm32h7xx_it.c **** void DebugMon_Handler(void)
 159:Core/Src/stm32h7xx_it.c **** {
 168              		.loc 1 159 1 view -0
 169              		.cfi_startproc
 170              		@ args = 0, pretend = 0, frame = 0
 171              		@ frame_needed = 0, uses_anonymous_args = 0
 172              		@ link register save eliminated.
 160:Core/Src/stm32h7xx_it.c ****   /* USER CODE BEGIN DebugMonitor_IRQn 0 */
 161:Core/Src/stm32h7xx_it.c **** 
 162:Core/Src/stm32h7xx_it.c ****   /* USER CODE END DebugMonitor_IRQn 0 */
 163:Core/Src/stm32h7xx_it.c ****   /* USER CODE BEGIN DebugMonitor_IRQn 1 */
 164:Core/Src/stm32h7xx_it.c **** 
 165:Core/Src/stm32h7xx_it.c ****   /* USER CODE END DebugMonitor_IRQn 1 */
 166:Core/Src/stm32h7xx_it.c **** }
 173              		.loc 1 166 1 view .LVU23
 174 0000 7047     		bx	lr
 175              		.cfi_endproc
 176              	.LFE150:
 178              		.section	.text.PendSV_Handler,"ax",%progbits
 179              		.align	1
 180              		.global	PendSV_Handler
 181              		.syntax unified
 182              		.thumb
 183              		.thumb_func
 184              		.fpu fpv5-d16
 186              	PendSV_Handler:
ARM GAS  C:\Users\20614\AppData\Local\Temp\ccfc94Pk.s 			page 7


 187              	.LFB151:
 167:Core/Src/stm32h7xx_it.c **** 
 168:Core/Src/stm32h7xx_it.c **** /**
 169:Core/Src/stm32h7xx_it.c ****  * @brief This function handles Pendable request for system service.
 170:Core/Src/stm32h7xx_it.c ****  */
 171:Core/Src/stm32h7xx_it.c **** void PendSV_Handler(void)
 172:Core/Src/stm32h7xx_it.c **** {
 188              		.loc 1 172 1 view -0
 189              		.cfi_startproc
 190              		@ args = 0, pretend = 0, frame = 0
 191              		@ frame_needed = 0, uses_anonymous_args = 0
 192              		@ link register save eliminated.
 173:Core/Src/stm32h7xx_it.c ****   /* USER CODE BEGIN PendSV_IRQn 0 */
 174:Core/Src/stm32h7xx_it.c **** 
 175:Core/Src/stm32h7xx_it.c ****   /* USER CODE END PendSV_IRQn 0 */
 176:Core/Src/stm32h7xx_it.c ****   /* USER CODE BEGIN PendSV_IRQn 1 */
 177:Core/Src/stm32h7xx_it.c **** 
 178:Core/Src/stm32h7xx_it.c ****   /* USER CODE END PendSV_IRQn 1 */
 179:Core/Src/stm32h7xx_it.c **** }
 193              		.loc 1 179 1 view .LVU25
 194 0000 7047     		bx	lr
 195              		.cfi_endproc
 196              	.LFE151:
 198              		.section	.text.SysTick_Handler,"ax",%progbits
 199              		.align	1
 200              		.global	SysTick_Handler
 201              		.syntax unified
 202              		.thumb
 203              		.thumb_func
 204              		.fpu fpv5-d16
 206              	SysTick_Handler:
 207              	.LFB152:
 180:Core/Src/stm32h7xx_it.c **** 
 181:Core/Src/stm32h7xx_it.c **** /**
 182:Core/Src/stm32h7xx_it.c ****  * @brief This function handles System tick timer.
 183:Core/Src/stm32h7xx_it.c ****  */
 184:Core/Src/stm32h7xx_it.c **** void SysTick_Handler(void)
 185:Core/Src/stm32h7xx_it.c **** {
 208              		.loc 1 185 1 view -0
 209              		.cfi_startproc
 210              		@ args = 0, pretend = 0, frame = 0
 211              		@ frame_needed = 0, uses_anonymous_args = 0
 212 0000 08B5     		push	{r3, lr}
 213              	.LCFI0:
 214              		.cfi_def_cfa_offset 8
 215              		.cfi_offset 3, -8
 216              		.cfi_offset 14, -4
 186:Core/Src/stm32h7xx_it.c ****   /* USER CODE BEGIN SysTick_IRQn 0 */
 187:Core/Src/stm32h7xx_it.c ****   GPIOC->ODR ^= GPIO_PIN_1;
 217              		.loc 1 187 3 view .LVU27
 218              		.loc 1 187 14 is_stmt 0 view .LVU28
 219 0002 044A     		ldr	r2, .L16
 220 0004 5369     		ldr	r3, [r2, #20]
 221 0006 83F00203 		eor	r3, r3, #2
 222 000a 5361     		str	r3, [r2, #20]
 188:Core/Src/stm32h7xx_it.c ****   /* USER CODE END SysTick_IRQn 0 */
 189:Core/Src/stm32h7xx_it.c ****   HAL_IncTick();
ARM GAS  C:\Users\20614\AppData\Local\Temp\ccfc94Pk.s 			page 8


 223              		.loc 1 189 3 is_stmt 1 view .LVU29
 224 000c FFF7FEFF 		bl	HAL_IncTick
 225              	.LVL0:
 190:Core/Src/stm32h7xx_it.c ****   /* USER CODE BEGIN SysTick_IRQn 1 */
 191:Core/Src/stm32h7xx_it.c **** 
 192:Core/Src/stm32h7xx_it.c ****   /* USER CODE END SysTick_IRQn 1 */
 193:Core/Src/stm32h7xx_it.c **** }
 226              		.loc 1 193 1 is_stmt 0 view .LVU30
 227 0010 08BD     		pop	{r3, pc}
 228              	.L17:
 229 0012 00BF     		.align	2
 230              	.L16:
 231 0014 00080258 		.word	1476528128
 232              		.cfi_endproc
 233              	.LFE152:
 235              		.section	.text.USART1_IRQHandler,"ax",%progbits
 236              		.align	1
 237              		.global	USART1_IRQHandler
 238              		.syntax unified
 239              		.thumb
 240              		.thumb_func
 241              		.fpu fpv5-d16
 243              	USART1_IRQHandler:
 244              	.LFB153:
 194:Core/Src/stm32h7xx_it.c **** 
 195:Core/Src/stm32h7xx_it.c **** /******************************************************************************/
 196:Core/Src/stm32h7xx_it.c **** /* STM32H7xx Peripheral Interrupt Handlers                                    */
 197:Core/Src/stm32h7xx_it.c **** /* Add here the Interrupt Handlers for the used peripherals.                  */
 198:Core/Src/stm32h7xx_it.c **** /* For the available peripheral interrupt handler names,                      */
 199:Core/Src/stm32h7xx_it.c **** /* please refer to the startup file (startup_stm32h7xx.s).                    */
 200:Core/Src/stm32h7xx_it.c **** /******************************************************************************/
 201:Core/Src/stm32h7xx_it.c **** 
 202:Core/Src/stm32h7xx_it.c **** /**
 203:Core/Src/stm32h7xx_it.c ****  * @brief This function handles USART1 global interrupt.
 204:Core/Src/stm32h7xx_it.c ****  */
 205:Core/Src/stm32h7xx_it.c **** void USART1_IRQHandler(void)
 206:Core/Src/stm32h7xx_it.c **** {
 245              		.loc 1 206 1 is_stmt 1 view -0
 246              		.cfi_startproc
 247              		@ args = 0, pretend = 0, frame = 0
 248              		@ frame_needed = 0, uses_anonymous_args = 0
 249 0000 08B5     		push	{r3, lr}
 250              	.LCFI1:
 251              		.cfi_def_cfa_offset 8
 252              		.cfi_offset 3, -8
 253              		.cfi_offset 14, -4
 207:Core/Src/stm32h7xx_it.c ****   /* USER CODE BEGIN USART1_IRQn 0 */
 208:Core/Src/stm32h7xx_it.c **** 
 209:Core/Src/stm32h7xx_it.c ****   /* USER CODE END USART1_IRQn 0 */
 210:Core/Src/stm32h7xx_it.c ****   HAL_UART_IRQHandler(&huart1);
 254              		.loc 1 210 3 view .LVU32
 255 0002 0248     		ldr	r0, .L20
 256 0004 FFF7FEFF 		bl	HAL_UART_IRQHandler
 257              	.LVL1:
 211:Core/Src/stm32h7xx_it.c ****   /* USER CODE BEGIN USART1_IRQn 1 */
 212:Core/Src/stm32h7xx_it.c **** 
 213:Core/Src/stm32h7xx_it.c ****   /* USER CODE END USART1_IRQn 1 */
ARM GAS  C:\Users\20614\AppData\Local\Temp\ccfc94Pk.s 			page 9


 214:Core/Src/stm32h7xx_it.c **** }
 258              		.loc 1 214 1 is_stmt 0 view .LVU33
 259 0008 08BD     		pop	{r3, pc}
 260              	.L21:
 261 000a 00BF     		.align	2
 262              	.L20:
 263 000c 00000000 		.word	huart1
 264              		.cfi_endproc
 265              	.LFE153:
 267              		.section	.text.EXTI15_10_IRQHandler,"ax",%progbits
 268              		.align	1
 269              		.global	EXTI15_10_IRQHandler
 270              		.syntax unified
 271              		.thumb
 272              		.thumb_func
 273              		.fpu fpv5-d16
 275              	EXTI15_10_IRQHandler:
 276              	.LFB154:
 215:Core/Src/stm32h7xx_it.c **** 
 216:Core/Src/stm32h7xx_it.c **** /**
 217:Core/Src/stm32h7xx_it.c ****  * @brief This function handles EXTI line[15:10] interrupts.
 218:Core/Src/stm32h7xx_it.c ****  */
 219:Core/Src/stm32h7xx_it.c **** void EXTI15_10_IRQHandler(void)
 220:Core/Src/stm32h7xx_it.c **** {
 277              		.loc 1 220 1 is_stmt 1 view -0
 278              		.cfi_startproc
 279              		@ args = 0, pretend = 0, frame = 0
 280              		@ frame_needed = 0, uses_anonymous_args = 0
 281 0000 08B5     		push	{r3, lr}
 282              	.LCFI2:
 283              		.cfi_def_cfa_offset 8
 284              		.cfi_offset 3, -8
 285              		.cfi_offset 14, -4
 221:Core/Src/stm32h7xx_it.c ****   /* USER CODE BEGIN EXTI15_10_IRQn 0 */
 222:Core/Src/stm32h7xx_it.c ****   if (HAL_GPIO_ReadPin(GPIOC, GPIO_PIN_13) == 0)
 286              		.loc 1 222 3 view .LVU35
 287              		.loc 1 222 7 is_stmt 0 view .LVU36
 288 0002 4FF40051 		mov	r1, #8192
 289 0006 0F48     		ldr	r0, .L27
 290 0008 FFF7FEFF 		bl	HAL_GPIO_ReadPin
 291              	.LVL2:
 292              		.loc 1 222 6 view .LVU37
 293 000c 20B1     		cbz	r0, .L26
 294              	.L23:
 223:Core/Src/stm32h7xx_it.c ****   {
 224:Core/Src/stm32h7xx_it.c ****     HAL_Delay(10);
 225:Core/Src/stm32h7xx_it.c ****     if (HAL_GPIO_ReadPin(GPIOC, GPIO_PIN_13) == 0)
 226:Core/Src/stm32h7xx_it.c ****     {
 227:Core/Src/stm32h7xx_it.c ****       while (HAL_GPIO_ReadPin(GPIOC, GPIO_PIN_13) == 0)
 228:Core/Src/stm32h7xx_it.c ****         ;
 229:Core/Src/stm32h7xx_it.c ****       HAL_GPIO_TogglePin(GPIOC, GPIO_PIN_1);
 230:Core/Src/stm32h7xx_it.c ****     }
 231:Core/Src/stm32h7xx_it.c ****   }
 232:Core/Src/stm32h7xx_it.c ****   /* USER CODE END EXTI15_10_IRQn 0 */
 233:Core/Src/stm32h7xx_it.c ****   HAL_GPIO_EXTI_IRQHandler(GPIO_PIN_13);
 295              		.loc 1 233 3 is_stmt 1 view .LVU38
 296 000e 4FF40050 		mov	r0, #8192
ARM GAS  C:\Users\20614\AppData\Local\Temp\ccfc94Pk.s 			page 10


 297 0012 FFF7FEFF 		bl	HAL_GPIO_EXTI_IRQHandler
 298              	.LVL3:
 234:Core/Src/stm32h7xx_it.c ****   /* USER CODE BEGIN EXTI15_10_IRQn 1 */
 235:Core/Src/stm32h7xx_it.c **** 
 236:Core/Src/stm32h7xx_it.c ****   /* USER CODE END EXTI15_10_IRQn 1 */
 237:Core/Src/stm32h7xx_it.c **** }
 299              		.loc 1 237 1 is_stmt 0 view .LVU39
 300 0016 08BD     		pop	{r3, pc}
 301              	.L26:
 224:Core/Src/stm32h7xx_it.c ****     if (HAL_GPIO_ReadPin(GPIOC, GPIO_PIN_13) == 0)
 302              		.loc 1 224 5 is_stmt 1 view .LVU40
 303 0018 0A20     		movs	r0, #10
 304 001a FFF7FEFF 		bl	HAL_Delay
 305              	.LVL4:
 225:Core/Src/stm32h7xx_it.c ****     {
 306              		.loc 1 225 5 view .LVU41
 225:Core/Src/stm32h7xx_it.c ****     {
 307              		.loc 1 225 9 is_stmt 0 view .LVU42
 308 001e 4FF40051 		mov	r1, #8192
 309 0022 0848     		ldr	r0, .L27
 310 0024 FFF7FEFF 		bl	HAL_GPIO_ReadPin
 311              	.LVL5:
 225:Core/Src/stm32h7xx_it.c ****     {
 312              		.loc 1 225 8 view .LVU43
 313 0028 0028     		cmp	r0, #0
 314 002a F0D1     		bne	.L23
 315              	.L24:
 228:Core/Src/stm32h7xx_it.c ****       HAL_GPIO_TogglePin(GPIOC, GPIO_PIN_1);
 316              		.loc 1 228 9 is_stmt 1 discriminator 1 view .LVU44
 227:Core/Src/stm32h7xx_it.c ****         ;
 317              		.loc 1 227 13 discriminator 1 view .LVU45
 227:Core/Src/stm32h7xx_it.c ****         ;
 318              		.loc 1 227 14 is_stmt 0 discriminator 1 view .LVU46
 319 002c 4FF40051 		mov	r1, #8192
 320 0030 0448     		ldr	r0, .L27
 321 0032 FFF7FEFF 		bl	HAL_GPIO_ReadPin
 322              	.LVL6:
 227:Core/Src/stm32h7xx_it.c ****         ;
 323              		.loc 1 227 13 discriminator 1 view .LVU47
 324 0036 0028     		cmp	r0, #0
 325 0038 F8D0     		beq	.L24
 229:Core/Src/stm32h7xx_it.c ****     }
 326              		.loc 1 229 7 is_stmt 1 view .LVU48
 327 003a 0221     		movs	r1, #2
 328 003c 0148     		ldr	r0, .L27
 329 003e FFF7FEFF 		bl	HAL_GPIO_TogglePin
 330              	.LVL7:
 331 0042 E4E7     		b	.L23
 332              	.L28:
 333              		.align	2
 334              	.L27:
 335 0044 00080258 		.word	1476528128
 336              		.cfi_endproc
 337              	.LFE154:
 339              		.text
 340              	.Letext0:
 341              		.file 2 "d:\\10 2021.07\\arm-none-eabi\\include\\machine\\_default_types.h"
ARM GAS  C:\Users\20614\AppData\Local\Temp\ccfc94Pk.s 			page 11


 342              		.file 3 "d:\\10 2021.07\\arm-none-eabi\\include\\sys\\_stdint.h"
 343              		.file 4 "Drivers/CMSIS/Device/ST/STM32H7xx/Include/stm32h7b0xx.h"
 344              		.file 5 "Drivers/STM32H7xx_HAL_Driver/Inc/stm32h7xx_hal_def.h"
 345              		.file 6 "Drivers/STM32H7xx_HAL_Driver/Inc/stm32h7xx_hal_dma.h"
 346              		.file 7 "Drivers/STM32H7xx_HAL_Driver/Inc/stm32h7xx_hal_uart.h"
 347              		.file 8 "Drivers/STM32H7xx_HAL_Driver/Inc/stm32h7xx_hal_gpio.h"
 348              		.file 9 "Drivers/STM32H7xx_HAL_Driver/Inc/stm32h7xx_hal.h"
ARM GAS  C:\Users\20614\AppData\Local\Temp\ccfc94Pk.s 			page 12


DEFINED SYMBOLS
                            *ABS*:00000000 stm32h7xx_it.c
C:\Users\20614\AppData\Local\Temp\ccfc94Pk.s:17     .text.NMI_Handler:00000000 $t
C:\Users\20614\AppData\Local\Temp\ccfc94Pk.s:25     .text.NMI_Handler:00000000 NMI_Handler
C:\Users\20614\AppData\Local\Temp\ccfc94Pk.s:43     .text.HardFault_Handler:00000000 $t
C:\Users\20614\AppData\Local\Temp\ccfc94Pk.s:50     .text.HardFault_Handler:00000000 HardFault_Handler
C:\Users\20614\AppData\Local\Temp\ccfc94Pk.s:67     .text.MemManage_Handler:00000000 $t
C:\Users\20614\AppData\Local\Temp\ccfc94Pk.s:74     .text.MemManage_Handler:00000000 MemManage_Handler
C:\Users\20614\AppData\Local\Temp\ccfc94Pk.s:91     .text.BusFault_Handler:00000000 $t
C:\Users\20614\AppData\Local\Temp\ccfc94Pk.s:98     .text.BusFault_Handler:00000000 BusFault_Handler
C:\Users\20614\AppData\Local\Temp\ccfc94Pk.s:115    .text.UsageFault_Handler:00000000 $t
C:\Users\20614\AppData\Local\Temp\ccfc94Pk.s:122    .text.UsageFault_Handler:00000000 UsageFault_Handler
C:\Users\20614\AppData\Local\Temp\ccfc94Pk.s:139    .text.SVC_Handler:00000000 $t
C:\Users\20614\AppData\Local\Temp\ccfc94Pk.s:146    .text.SVC_Handler:00000000 SVC_Handler
C:\Users\20614\AppData\Local\Temp\ccfc94Pk.s:159    .text.DebugMon_Handler:00000000 $t
C:\Users\20614\AppData\Local\Temp\ccfc94Pk.s:166    .text.DebugMon_Handler:00000000 DebugMon_Handler
C:\Users\20614\AppData\Local\Temp\ccfc94Pk.s:179    .text.PendSV_Handler:00000000 $t
C:\Users\20614\AppData\Local\Temp\ccfc94Pk.s:186    .text.PendSV_Handler:00000000 PendSV_Handler
C:\Users\20614\AppData\Local\Temp\ccfc94Pk.s:199    .text.SysTick_Handler:00000000 $t
C:\Users\20614\AppData\Local\Temp\ccfc94Pk.s:206    .text.SysTick_Handler:00000000 SysTick_Handler
C:\Users\20614\AppData\Local\Temp\ccfc94Pk.s:231    .text.SysTick_Handler:00000014 $d
C:\Users\20614\AppData\Local\Temp\ccfc94Pk.s:236    .text.USART1_IRQHandler:00000000 $t
C:\Users\20614\AppData\Local\Temp\ccfc94Pk.s:243    .text.USART1_IRQHandler:00000000 USART1_IRQHandler
C:\Users\20614\AppData\Local\Temp\ccfc94Pk.s:263    .text.USART1_IRQHandler:0000000c $d
C:\Users\20614\AppData\Local\Temp\ccfc94Pk.s:268    .text.EXTI15_10_IRQHandler:00000000 $t
C:\Users\20614\AppData\Local\Temp\ccfc94Pk.s:275    .text.EXTI15_10_IRQHandler:00000000 EXTI15_10_IRQHandler
C:\Users\20614\AppData\Local\Temp\ccfc94Pk.s:335    .text.EXTI15_10_IRQHandler:00000044 $d

UNDEFINED SYMBOLS
HAL_IncTick
HAL_UART_IRQHandler
huart1
HAL_GPIO_ReadPin
HAL_GPIO_EXTI_IRQHandler
HAL_Delay
HAL_GPIO_TogglePin
