ARM GAS  C:\Users\20614\AppData\Local\Temp\ccWvIzsZ.s 			page 1


   1              		.cpu cortex-m4
   2              		.eabi_attribute 27, 1
   3              		.eabi_attribute 28, 1
   4              		.eabi_attribute 20, 1
   5              		.eabi_attribute 21, 1
   6              		.eabi_attribute 23, 3
   7              		.eabi_attribute 24, 1
   8              		.eabi_attribute 25, 1
   9              		.eabi_attribute 26, 1
  10              		.eabi_attribute 30, 1
  11              		.eabi_attribute 34, 1
  12              		.eabi_attribute 18, 4
  13              		.file	"stm32f4xx_it.c"
  14              		.text
  15              	.Ltext0:
  16              		.cfi_sections	.debug_frame
  17              		.section	.text.NMI_Handler,"ax",%progbits
  18              		.align	1
  19              		.global	NMI_Handler
  20              		.arch armv7e-m
  21              		.syntax unified
  22              		.thumb
  23              		.thumb_func
  24              		.fpu fpv4-sp-d16
  26              	NMI_Handler:
  27              	.LFB133:
  28              		.file 1 "Core/Src/stm32f4xx_it.c"
   1:Core/Src/stm32f4xx_it.c **** /* USER CODE BEGIN Header */
   2:Core/Src/stm32f4xx_it.c **** /**
   3:Core/Src/stm32f4xx_it.c ****   ******************************************************************************
   4:Core/Src/stm32f4xx_it.c ****   * @file    stm32f4xx_it.c
   5:Core/Src/stm32f4xx_it.c ****   * @brief   Interrupt Service Routines.
   6:Core/Src/stm32f4xx_it.c ****   ******************************************************************************
   7:Core/Src/stm32f4xx_it.c ****   * @attention
   8:Core/Src/stm32f4xx_it.c ****   *
   9:Core/Src/stm32f4xx_it.c ****   * <h2><center>&copy; Copyright (c) 2023 STMicroelectronics.
  10:Core/Src/stm32f4xx_it.c ****   * All rights reserved.</center></h2>
  11:Core/Src/stm32f4xx_it.c ****   *
  12:Core/Src/stm32f4xx_it.c ****   * This software component is licensed by ST under BSD 3-Clause license,
  13:Core/Src/stm32f4xx_it.c ****   * the "License"; You may not use this file except in compliance with the
  14:Core/Src/stm32f4xx_it.c ****   * License. You may obtain a copy of the License at:
  15:Core/Src/stm32f4xx_it.c ****   *                        opensource.org/licenses/BSD-3-Clause
  16:Core/Src/stm32f4xx_it.c ****   *
  17:Core/Src/stm32f4xx_it.c ****   ******************************************************************************
  18:Core/Src/stm32f4xx_it.c ****   */
  19:Core/Src/stm32f4xx_it.c **** /* USER CODE END Header */
  20:Core/Src/stm32f4xx_it.c **** 
  21:Core/Src/stm32f4xx_it.c **** /* Includes ------------------------------------------------------------------*/
  22:Core/Src/stm32f4xx_it.c **** #include "main.h"
  23:Core/Src/stm32f4xx_it.c **** #include "stm32f4xx_it.h"
  24:Core/Src/stm32f4xx_it.c **** /* Private includes ----------------------------------------------------------*/
  25:Core/Src/stm32f4xx_it.c **** /* USER CODE BEGIN Includes */
  26:Core/Src/stm32f4xx_it.c **** #include <stdio.h>
  27:Core/Src/stm32f4xx_it.c **** /* USER CODE END Includes */
  28:Core/Src/stm32f4xx_it.c **** 
  29:Core/Src/stm32f4xx_it.c **** /* Private typedef -----------------------------------------------------------*/
  30:Core/Src/stm32f4xx_it.c **** /* USER CODE BEGIN TD */
ARM GAS  C:\Users\20614\AppData\Local\Temp\ccWvIzsZ.s 			page 2


  31:Core/Src/stm32f4xx_it.c **** 
  32:Core/Src/stm32f4xx_it.c **** /* USER CODE END TD */
  33:Core/Src/stm32f4xx_it.c **** 
  34:Core/Src/stm32f4xx_it.c **** /* Private define ------------------------------------------------------------*/
  35:Core/Src/stm32f4xx_it.c **** /* USER CODE BEGIN PD */
  36:Core/Src/stm32f4xx_it.c **** 
  37:Core/Src/stm32f4xx_it.c **** /* USER CODE END PD */
  38:Core/Src/stm32f4xx_it.c **** 
  39:Core/Src/stm32f4xx_it.c **** /* Private macro -------------------------------------------------------------*/
  40:Core/Src/stm32f4xx_it.c **** /* USER CODE BEGIN PM */
  41:Core/Src/stm32f4xx_it.c **** 
  42:Core/Src/stm32f4xx_it.c **** /* USER CODE END PM */
  43:Core/Src/stm32f4xx_it.c **** 
  44:Core/Src/stm32f4xx_it.c **** /* Private variables ---------------------------------------------------------*/
  45:Core/Src/stm32f4xx_it.c **** /* USER CODE BEGIN PV */
  46:Core/Src/stm32f4xx_it.c **** 
  47:Core/Src/stm32f4xx_it.c **** /* USER CODE END PV */
  48:Core/Src/stm32f4xx_it.c **** 
  49:Core/Src/stm32f4xx_it.c **** /* Private function prototypes -----------------------------------------------*/
  50:Core/Src/stm32f4xx_it.c **** /* USER CODE BEGIN PFP */
  51:Core/Src/stm32f4xx_it.c **** 
  52:Core/Src/stm32f4xx_it.c **** /* USER CODE END PFP */
  53:Core/Src/stm32f4xx_it.c **** 
  54:Core/Src/stm32f4xx_it.c **** /* Private user code ---------------------------------------------------------*/
  55:Core/Src/stm32f4xx_it.c **** /* USER CODE BEGIN 0 */
  56:Core/Src/stm32f4xx_it.c **** 
  57:Core/Src/stm32f4xx_it.c **** /* USER CODE END 0 */
  58:Core/Src/stm32f4xx_it.c **** 
  59:Core/Src/stm32f4xx_it.c **** /* External variables --------------------------------------------------------*/
  60:Core/Src/stm32f4xx_it.c **** extern TIM_HandleTypeDef htim2;
  61:Core/Src/stm32f4xx_it.c **** extern TIM_HandleTypeDef htim3;
  62:Core/Src/stm32f4xx_it.c **** extern TIM_HandleTypeDef htim4;
  63:Core/Src/stm32f4xx_it.c **** extern TIM_HandleTypeDef htim5;
  64:Core/Src/stm32f4xx_it.c **** extern TIM_HandleTypeDef htim6;
  65:Core/Src/stm32f4xx_it.c **** extern UART_HandleTypeDef huart1;
  66:Core/Src/stm32f4xx_it.c **** /* USER CODE BEGIN EV */
  67:Core/Src/stm32f4xx_it.c **** 
  68:Core/Src/stm32f4xx_it.c **** /* USER CODE END EV */
  69:Core/Src/stm32f4xx_it.c **** 
  70:Core/Src/stm32f4xx_it.c **** /******************************************************************************/
  71:Core/Src/stm32f4xx_it.c **** /*           Cortex-M4 Processor Interruption and Exception Handlers          */
  72:Core/Src/stm32f4xx_it.c **** /******************************************************************************/
  73:Core/Src/stm32f4xx_it.c **** /**
  74:Core/Src/stm32f4xx_it.c ****   * @brief This function handles Non maskable interrupt.
  75:Core/Src/stm32f4xx_it.c ****   */
  76:Core/Src/stm32f4xx_it.c **** void NMI_Handler(void)
  77:Core/Src/stm32f4xx_it.c **** {
  29              		.loc 1 77 1 view -0
  30              		.cfi_startproc
  31              		@ Volatile: function does not return.
  32              		@ args = 0, pretend = 0, frame = 0
  33              		@ frame_needed = 0, uses_anonymous_args = 0
  34              		@ link register save eliminated.
  35              	.L2:
  78:Core/Src/stm32f4xx_it.c ****   /* USER CODE BEGIN NonMaskableInt_IRQn 0 */
  79:Core/Src/stm32f4xx_it.c **** 
  80:Core/Src/stm32f4xx_it.c ****   /* USER CODE END NonMaskableInt_IRQn 0 */
ARM GAS  C:\Users\20614\AppData\Local\Temp\ccWvIzsZ.s 			page 3


  81:Core/Src/stm32f4xx_it.c ****   /* USER CODE BEGIN NonMaskableInt_IRQn 1 */
  82:Core/Src/stm32f4xx_it.c ****   while (1)
  36              		.loc 1 82 3 discriminator 1 view .LVU1
  83:Core/Src/stm32f4xx_it.c ****   {
  84:Core/Src/stm32f4xx_it.c ****   }
  37              		.loc 1 84 3 discriminator 1 view .LVU2
  82:Core/Src/stm32f4xx_it.c ****   {
  38              		.loc 1 82 9 discriminator 1 view .LVU3
  39 0000 FEE7     		b	.L2
  40              		.cfi_endproc
  41              	.LFE133:
  43              		.section	.text.HardFault_Handler,"ax",%progbits
  44              		.align	1
  45              		.global	HardFault_Handler
  46              		.syntax unified
  47              		.thumb
  48              		.thumb_func
  49              		.fpu fpv4-sp-d16
  51              	HardFault_Handler:
  52              	.LFB134:
  85:Core/Src/stm32f4xx_it.c ****   /* USER CODE END NonMaskableInt_IRQn 1 */
  86:Core/Src/stm32f4xx_it.c **** }
  87:Core/Src/stm32f4xx_it.c **** 
  88:Core/Src/stm32f4xx_it.c **** /**
  89:Core/Src/stm32f4xx_it.c ****   * @brief This function handles Hard fault interrupt.
  90:Core/Src/stm32f4xx_it.c ****   */
  91:Core/Src/stm32f4xx_it.c **** void HardFault_Handler(void)
  92:Core/Src/stm32f4xx_it.c **** {
  53              		.loc 1 92 1 view -0
  54              		.cfi_startproc
  55              		@ Volatile: function does not return.
  56              		@ args = 0, pretend = 0, frame = 0
  57              		@ frame_needed = 0, uses_anonymous_args = 0
  58              		@ link register save eliminated.
  59              	.L4:
  93:Core/Src/stm32f4xx_it.c ****   /* USER CODE BEGIN HardFault_IRQn 0 */
  94:Core/Src/stm32f4xx_it.c **** 
  95:Core/Src/stm32f4xx_it.c ****   /* USER CODE END HardFault_IRQn 0 */
  96:Core/Src/stm32f4xx_it.c ****   while (1)
  60              		.loc 1 96 3 discriminator 1 view .LVU5
  97:Core/Src/stm32f4xx_it.c ****   {
  98:Core/Src/stm32f4xx_it.c ****     /* USER CODE BEGIN W1_HardFault_IRQn 0 */
  99:Core/Src/stm32f4xx_it.c ****     /* USER CODE END W1_HardFault_IRQn 0 */
 100:Core/Src/stm32f4xx_it.c ****   }
  61              		.loc 1 100 3 discriminator 1 view .LVU6
  96:Core/Src/stm32f4xx_it.c ****   {
  62              		.loc 1 96 9 discriminator 1 view .LVU7
  63 0000 FEE7     		b	.L4
  64              		.cfi_endproc
  65              	.LFE134:
  67              		.section	.text.MemManage_Handler,"ax",%progbits
  68              		.align	1
  69              		.global	MemManage_Handler
  70              		.syntax unified
  71              		.thumb
  72              		.thumb_func
  73              		.fpu fpv4-sp-d16
ARM GAS  C:\Users\20614\AppData\Local\Temp\ccWvIzsZ.s 			page 4


  75              	MemManage_Handler:
  76              	.LFB135:
 101:Core/Src/stm32f4xx_it.c **** }
 102:Core/Src/stm32f4xx_it.c **** 
 103:Core/Src/stm32f4xx_it.c **** /**
 104:Core/Src/stm32f4xx_it.c ****   * @brief This function handles Memory management fault.
 105:Core/Src/stm32f4xx_it.c ****   */
 106:Core/Src/stm32f4xx_it.c **** void MemManage_Handler(void)
 107:Core/Src/stm32f4xx_it.c **** {
  77              		.loc 1 107 1 view -0
  78              		.cfi_startproc
  79              		@ Volatile: function does not return.
  80              		@ args = 0, pretend = 0, frame = 0
  81              		@ frame_needed = 0, uses_anonymous_args = 0
  82              		@ link register save eliminated.
  83              	.L6:
 108:Core/Src/stm32f4xx_it.c ****   /* USER CODE BEGIN MemoryManagement_IRQn 0 */
 109:Core/Src/stm32f4xx_it.c **** 
 110:Core/Src/stm32f4xx_it.c ****   /* USER CODE END MemoryManagement_IRQn 0 */
 111:Core/Src/stm32f4xx_it.c ****   while (1)
  84              		.loc 1 111 3 discriminator 1 view .LVU9
 112:Core/Src/stm32f4xx_it.c ****   {
 113:Core/Src/stm32f4xx_it.c ****     /* USER CODE BEGIN W1_MemoryManagement_IRQn 0 */
 114:Core/Src/stm32f4xx_it.c ****     /* USER CODE END W1_MemoryManagement_IRQn 0 */
 115:Core/Src/stm32f4xx_it.c ****   }
  85              		.loc 1 115 3 discriminator 1 view .LVU10
 111:Core/Src/stm32f4xx_it.c ****   {
  86              		.loc 1 111 9 discriminator 1 view .LVU11
  87 0000 FEE7     		b	.L6
  88              		.cfi_endproc
  89              	.LFE135:
  91              		.section	.text.BusFault_Handler,"ax",%progbits
  92              		.align	1
  93              		.global	BusFault_Handler
  94              		.syntax unified
  95              		.thumb
  96              		.thumb_func
  97              		.fpu fpv4-sp-d16
  99              	BusFault_Handler:
 100              	.LFB136:
 116:Core/Src/stm32f4xx_it.c **** }
 117:Core/Src/stm32f4xx_it.c **** 
 118:Core/Src/stm32f4xx_it.c **** /**
 119:Core/Src/stm32f4xx_it.c ****   * @brief This function handles Pre-fetch fault, memory access fault.
 120:Core/Src/stm32f4xx_it.c ****   */
 121:Core/Src/stm32f4xx_it.c **** void BusFault_Handler(void)
 122:Core/Src/stm32f4xx_it.c **** {
 101              		.loc 1 122 1 view -0
 102              		.cfi_startproc
 103              		@ Volatile: function does not return.
 104              		@ args = 0, pretend = 0, frame = 0
 105              		@ frame_needed = 0, uses_anonymous_args = 0
 106              		@ link register save eliminated.
 107              	.L8:
 123:Core/Src/stm32f4xx_it.c ****   /* USER CODE BEGIN BusFault_IRQn 0 */
 124:Core/Src/stm32f4xx_it.c **** 
 125:Core/Src/stm32f4xx_it.c ****   /* USER CODE END BusFault_IRQn 0 */
ARM GAS  C:\Users\20614\AppData\Local\Temp\ccWvIzsZ.s 			page 5


 126:Core/Src/stm32f4xx_it.c ****   while (1)
 108              		.loc 1 126 3 discriminator 1 view .LVU13
 127:Core/Src/stm32f4xx_it.c ****   {
 128:Core/Src/stm32f4xx_it.c ****     /* USER CODE BEGIN W1_BusFault_IRQn 0 */
 129:Core/Src/stm32f4xx_it.c ****     /* USER CODE END W1_BusFault_IRQn 0 */
 130:Core/Src/stm32f4xx_it.c ****   }
 109              		.loc 1 130 3 discriminator 1 view .LVU14
 126:Core/Src/stm32f4xx_it.c ****   {
 110              		.loc 1 126 9 discriminator 1 view .LVU15
 111 0000 FEE7     		b	.L8
 112              		.cfi_endproc
 113              	.LFE136:
 115              		.section	.text.UsageFault_Handler,"ax",%progbits
 116              		.align	1
 117              		.global	UsageFault_Handler
 118              		.syntax unified
 119              		.thumb
 120              		.thumb_func
 121              		.fpu fpv4-sp-d16
 123              	UsageFault_Handler:
 124              	.LFB137:
 131:Core/Src/stm32f4xx_it.c **** }
 132:Core/Src/stm32f4xx_it.c **** 
 133:Core/Src/stm32f4xx_it.c **** /**
 134:Core/Src/stm32f4xx_it.c ****   * @brief This function handles Undefined instruction or illegal state.
 135:Core/Src/stm32f4xx_it.c ****   */
 136:Core/Src/stm32f4xx_it.c **** void UsageFault_Handler(void)
 137:Core/Src/stm32f4xx_it.c **** {
 125              		.loc 1 137 1 view -0
 126              		.cfi_startproc
 127              		@ Volatile: function does not return.
 128              		@ args = 0, pretend = 0, frame = 0
 129              		@ frame_needed = 0, uses_anonymous_args = 0
 130              		@ link register save eliminated.
 131              	.L10:
 138:Core/Src/stm32f4xx_it.c ****   /* USER CODE BEGIN UsageFault_IRQn 0 */
 139:Core/Src/stm32f4xx_it.c **** 
 140:Core/Src/stm32f4xx_it.c ****   /* USER CODE END UsageFault_IRQn 0 */
 141:Core/Src/stm32f4xx_it.c ****   while (1)
 132              		.loc 1 141 3 discriminator 1 view .LVU17
 142:Core/Src/stm32f4xx_it.c ****   {
 143:Core/Src/stm32f4xx_it.c ****     /* USER CODE BEGIN W1_UsageFault_IRQn 0 */
 144:Core/Src/stm32f4xx_it.c ****     /* USER CODE END W1_UsageFault_IRQn 0 */
 145:Core/Src/stm32f4xx_it.c ****   }
 133              		.loc 1 145 3 discriminator 1 view .LVU18
 141:Core/Src/stm32f4xx_it.c ****   {
 134              		.loc 1 141 9 discriminator 1 view .LVU19
 135 0000 FEE7     		b	.L10
 136              		.cfi_endproc
 137              	.LFE137:
 139              		.section	.text.SVC_Handler,"ax",%progbits
 140              		.align	1
 141              		.global	SVC_Handler
 142              		.syntax unified
 143              		.thumb
 144              		.thumb_func
 145              		.fpu fpv4-sp-d16
ARM GAS  C:\Users\20614\AppData\Local\Temp\ccWvIzsZ.s 			page 6


 147              	SVC_Handler:
 148              	.LFB138:
 146:Core/Src/stm32f4xx_it.c **** }
 147:Core/Src/stm32f4xx_it.c **** 
 148:Core/Src/stm32f4xx_it.c **** /**
 149:Core/Src/stm32f4xx_it.c ****   * @brief This function handles System service call via SWI instruction.
 150:Core/Src/stm32f4xx_it.c ****   */
 151:Core/Src/stm32f4xx_it.c **** void SVC_Handler(void)
 152:Core/Src/stm32f4xx_it.c **** {
 149              		.loc 1 152 1 view -0
 150              		.cfi_startproc
 151              		@ args = 0, pretend = 0, frame = 0
 152              		@ frame_needed = 0, uses_anonymous_args = 0
 153              		@ link register save eliminated.
 153:Core/Src/stm32f4xx_it.c ****   /* USER CODE BEGIN SVCall_IRQn 0 */
 154:Core/Src/stm32f4xx_it.c **** 
 155:Core/Src/stm32f4xx_it.c ****   /* USER CODE END SVCall_IRQn 0 */
 156:Core/Src/stm32f4xx_it.c ****   /* USER CODE BEGIN SVCall_IRQn 1 */
 157:Core/Src/stm32f4xx_it.c **** 
 158:Core/Src/stm32f4xx_it.c ****   /* USER CODE END SVCall_IRQn 1 */
 159:Core/Src/stm32f4xx_it.c **** }
 154              		.loc 1 159 1 view .LVU21
 155 0000 7047     		bx	lr
 156              		.cfi_endproc
 157              	.LFE138:
 159              		.section	.text.DebugMon_Handler,"ax",%progbits
 160              		.align	1
 161              		.global	DebugMon_Handler
 162              		.syntax unified
 163              		.thumb
 164              		.thumb_func
 165              		.fpu fpv4-sp-d16
 167              	DebugMon_Handler:
 168              	.LFB139:
 160:Core/Src/stm32f4xx_it.c **** 
 161:Core/Src/stm32f4xx_it.c **** /**
 162:Core/Src/stm32f4xx_it.c ****   * @brief This function handles Debug monitor.
 163:Core/Src/stm32f4xx_it.c ****   */
 164:Core/Src/stm32f4xx_it.c **** void DebugMon_Handler(void)
 165:Core/Src/stm32f4xx_it.c **** {
 169              		.loc 1 165 1 view -0
 170              		.cfi_startproc
 171              		@ args = 0, pretend = 0, frame = 0
 172              		@ frame_needed = 0, uses_anonymous_args = 0
 173              		@ link register save eliminated.
 166:Core/Src/stm32f4xx_it.c ****   /* USER CODE BEGIN DebugMonitor_IRQn 0 */
 167:Core/Src/stm32f4xx_it.c **** 
 168:Core/Src/stm32f4xx_it.c ****   /* USER CODE END DebugMonitor_IRQn 0 */
 169:Core/Src/stm32f4xx_it.c ****   /* USER CODE BEGIN DebugMonitor_IRQn 1 */
 170:Core/Src/stm32f4xx_it.c **** 
 171:Core/Src/stm32f4xx_it.c ****   /* USER CODE END DebugMonitor_IRQn 1 */
 172:Core/Src/stm32f4xx_it.c **** }
 174              		.loc 1 172 1 view .LVU23
 175 0000 7047     		bx	lr
 176              		.cfi_endproc
 177              	.LFE139:
 179              		.section	.text.PendSV_Handler,"ax",%progbits
ARM GAS  C:\Users\20614\AppData\Local\Temp\ccWvIzsZ.s 			page 7


 180              		.align	1
 181              		.global	PendSV_Handler
 182              		.syntax unified
 183              		.thumb
 184              		.thumb_func
 185              		.fpu fpv4-sp-d16
 187              	PendSV_Handler:
 188              	.LFB140:
 173:Core/Src/stm32f4xx_it.c **** 
 174:Core/Src/stm32f4xx_it.c **** /**
 175:Core/Src/stm32f4xx_it.c ****   * @brief This function handles Pendable request for system service.
 176:Core/Src/stm32f4xx_it.c ****   */
 177:Core/Src/stm32f4xx_it.c **** void PendSV_Handler(void)
 178:Core/Src/stm32f4xx_it.c **** {
 189              		.loc 1 178 1 view -0
 190              		.cfi_startproc
 191              		@ args = 0, pretend = 0, frame = 0
 192              		@ frame_needed = 0, uses_anonymous_args = 0
 193              		@ link register save eliminated.
 179:Core/Src/stm32f4xx_it.c ****   /* USER CODE BEGIN PendSV_IRQn 0 */
 180:Core/Src/stm32f4xx_it.c **** 
 181:Core/Src/stm32f4xx_it.c ****   /* USER CODE END PendSV_IRQn 0 */
 182:Core/Src/stm32f4xx_it.c ****   /* USER CODE BEGIN PendSV_IRQn 1 */
 183:Core/Src/stm32f4xx_it.c **** 
 184:Core/Src/stm32f4xx_it.c ****   /* USER CODE END PendSV_IRQn 1 */
 185:Core/Src/stm32f4xx_it.c **** }
 194              		.loc 1 185 1 view .LVU25
 195 0000 7047     		bx	lr
 196              		.cfi_endproc
 197              	.LFE140:
 199              		.section	.text.SysTick_Handler,"ax",%progbits
 200              		.align	1
 201              		.global	SysTick_Handler
 202              		.syntax unified
 203              		.thumb
 204              		.thumb_func
 205              		.fpu fpv4-sp-d16
 207              	SysTick_Handler:
 208              	.LFB141:
 186:Core/Src/stm32f4xx_it.c **** 
 187:Core/Src/stm32f4xx_it.c **** /**
 188:Core/Src/stm32f4xx_it.c ****   * @brief This function handles System tick timer.
 189:Core/Src/stm32f4xx_it.c ****   */
 190:Core/Src/stm32f4xx_it.c **** void SysTick_Handler(void)
 191:Core/Src/stm32f4xx_it.c **** {
 209              		.loc 1 191 1 view -0
 210              		.cfi_startproc
 211              		@ args = 0, pretend = 0, frame = 0
 212              		@ frame_needed = 0, uses_anonymous_args = 0
 213 0000 08B5     		push	{r3, lr}
 214              	.LCFI0:
 215              		.cfi_def_cfa_offset 8
 216              		.cfi_offset 3, -8
 217              		.cfi_offset 14, -4
 192:Core/Src/stm32f4xx_it.c ****   /* USER CODE BEGIN SysTick_IRQn 0 */
 193:Core/Src/stm32f4xx_it.c **** 
 194:Core/Src/stm32f4xx_it.c ****   /* USER CODE END SysTick_IRQn 0 */
ARM GAS  C:\Users\20614\AppData\Local\Temp\ccWvIzsZ.s 			page 8


 195:Core/Src/stm32f4xx_it.c ****   HAL_IncTick();
 218              		.loc 1 195 3 view .LVU27
 219 0002 FFF7FEFF 		bl	HAL_IncTick
 220              	.LVL0:
 196:Core/Src/stm32f4xx_it.c ****   /* USER CODE BEGIN SysTick_IRQn 1 */
 197:Core/Src/stm32f4xx_it.c **** 
 198:Core/Src/stm32f4xx_it.c ****   /* USER CODE END SysTick_IRQn 1 */
 199:Core/Src/stm32f4xx_it.c **** }
 221              		.loc 1 199 1 is_stmt 0 view .LVU28
 222 0006 08BD     		pop	{r3, pc}
 223              		.cfi_endproc
 224              	.LFE141:
 226              		.section	.text.TIM2_IRQHandler,"ax",%progbits
 227              		.align	1
 228              		.global	TIM2_IRQHandler
 229              		.syntax unified
 230              		.thumb
 231              		.thumb_func
 232              		.fpu fpv4-sp-d16
 234              	TIM2_IRQHandler:
 235              	.LFB142:
 200:Core/Src/stm32f4xx_it.c **** 
 201:Core/Src/stm32f4xx_it.c **** /******************************************************************************/
 202:Core/Src/stm32f4xx_it.c **** /* STM32F4xx Peripheral Interrupt Handlers                                    */
 203:Core/Src/stm32f4xx_it.c **** /* Add here the Interrupt Handlers for the used peripherals.                  */
 204:Core/Src/stm32f4xx_it.c **** /* For the available peripheral interrupt handler names,                      */
 205:Core/Src/stm32f4xx_it.c **** /* please refer to the startup file (startup_stm32f4xx.s).                    */
 206:Core/Src/stm32f4xx_it.c **** /******************************************************************************/
 207:Core/Src/stm32f4xx_it.c **** 
 208:Core/Src/stm32f4xx_it.c **** /**
 209:Core/Src/stm32f4xx_it.c ****   * @brief This function handles TIM2 global interrupt.
 210:Core/Src/stm32f4xx_it.c ****   */
 211:Core/Src/stm32f4xx_it.c **** void TIM2_IRQHandler(void)
 212:Core/Src/stm32f4xx_it.c **** {
 236              		.loc 1 212 1 is_stmt 1 view -0
 237              		.cfi_startproc
 238              		@ args = 0, pretend = 0, frame = 0
 239              		@ frame_needed = 0, uses_anonymous_args = 0
 240 0000 08B5     		push	{r3, lr}
 241              	.LCFI1:
 242              		.cfi_def_cfa_offset 8
 243              		.cfi_offset 3, -8
 244              		.cfi_offset 14, -4
 213:Core/Src/stm32f4xx_it.c ****   /* USER CODE BEGIN TIM2_IRQn 0 */
 214:Core/Src/stm32f4xx_it.c **** 
 215:Core/Src/stm32f4xx_it.c ****   /* USER CODE END TIM2_IRQn 0 */
 216:Core/Src/stm32f4xx_it.c ****   HAL_TIM_IRQHandler(&htim2);
 245              		.loc 1 216 3 view .LVU30
 246 0002 0248     		ldr	r0, .L18
 247 0004 FFF7FEFF 		bl	HAL_TIM_IRQHandler
 248              	.LVL1:
 217:Core/Src/stm32f4xx_it.c ****   /* USER CODE BEGIN TIM2_IRQn 1 */
 218:Core/Src/stm32f4xx_it.c **** 
 219:Core/Src/stm32f4xx_it.c ****   /* USER CODE END TIM2_IRQn 1 */
 220:Core/Src/stm32f4xx_it.c **** }
 249              		.loc 1 220 1 is_stmt 0 view .LVU31
 250 0008 08BD     		pop	{r3, pc}
ARM GAS  C:\Users\20614\AppData\Local\Temp\ccWvIzsZ.s 			page 9


 251              	.L19:
 252 000a 00BF     		.align	2
 253              	.L18:
 254 000c 00000000 		.word	htim2
 255              		.cfi_endproc
 256              	.LFE142:
 258              		.section	.text.TIM3_IRQHandler,"ax",%progbits
 259              		.align	1
 260              		.global	TIM3_IRQHandler
 261              		.syntax unified
 262              		.thumb
 263              		.thumb_func
 264              		.fpu fpv4-sp-d16
 266              	TIM3_IRQHandler:
 267              	.LFB143:
 221:Core/Src/stm32f4xx_it.c **** 
 222:Core/Src/stm32f4xx_it.c **** /**
 223:Core/Src/stm32f4xx_it.c ****   * @brief This function handles TIM3 global interrupt.
 224:Core/Src/stm32f4xx_it.c ****   */
 225:Core/Src/stm32f4xx_it.c **** void TIM3_IRQHandler(void)
 226:Core/Src/stm32f4xx_it.c **** {
 268              		.loc 1 226 1 is_stmt 1 view -0
 269              		.cfi_startproc
 270              		@ args = 0, pretend = 0, frame = 0
 271              		@ frame_needed = 0, uses_anonymous_args = 0
 272 0000 08B5     		push	{r3, lr}
 273              	.LCFI2:
 274              		.cfi_def_cfa_offset 8
 275              		.cfi_offset 3, -8
 276              		.cfi_offset 14, -4
 227:Core/Src/stm32f4xx_it.c ****   /* USER CODE BEGIN TIM3_IRQn 0 */
 228:Core/Src/stm32f4xx_it.c **** 
 229:Core/Src/stm32f4xx_it.c ****   /* USER CODE END TIM3_IRQn 0 */
 230:Core/Src/stm32f4xx_it.c ****   HAL_TIM_IRQHandler(&htim3);
 277              		.loc 1 230 3 view .LVU33
 278 0002 0248     		ldr	r0, .L22
 279 0004 FFF7FEFF 		bl	HAL_TIM_IRQHandler
 280              	.LVL2:
 231:Core/Src/stm32f4xx_it.c ****   /* USER CODE BEGIN TIM3_IRQn 1 */
 232:Core/Src/stm32f4xx_it.c **** 
 233:Core/Src/stm32f4xx_it.c ****   /* USER CODE END TIM3_IRQn 1 */
 234:Core/Src/stm32f4xx_it.c **** }
 281              		.loc 1 234 1 is_stmt 0 view .LVU34
 282 0008 08BD     		pop	{r3, pc}
 283              	.L23:
 284 000a 00BF     		.align	2
 285              	.L22:
 286 000c 00000000 		.word	htim3
 287              		.cfi_endproc
 288              	.LFE143:
 290              		.section	.text.TIM4_IRQHandler,"ax",%progbits
 291              		.align	1
 292              		.global	TIM4_IRQHandler
 293              		.syntax unified
 294              		.thumb
 295              		.thumb_func
 296              		.fpu fpv4-sp-d16
ARM GAS  C:\Users\20614\AppData\Local\Temp\ccWvIzsZ.s 			page 10


 298              	TIM4_IRQHandler:
 299              	.LFB144:
 235:Core/Src/stm32f4xx_it.c **** 
 236:Core/Src/stm32f4xx_it.c **** /**
 237:Core/Src/stm32f4xx_it.c ****   * @brief This function handles TIM4 global interrupt.
 238:Core/Src/stm32f4xx_it.c ****   */
 239:Core/Src/stm32f4xx_it.c **** void TIM4_IRQHandler(void)
 240:Core/Src/stm32f4xx_it.c **** {
 300              		.loc 1 240 1 is_stmt 1 view -0
 301              		.cfi_startproc
 302              		@ args = 0, pretend = 0, frame = 0
 303              		@ frame_needed = 0, uses_anonymous_args = 0
 304 0000 08B5     		push	{r3, lr}
 305              	.LCFI3:
 306              		.cfi_def_cfa_offset 8
 307              		.cfi_offset 3, -8
 308              		.cfi_offset 14, -4
 241:Core/Src/stm32f4xx_it.c ****   /* USER CODE BEGIN TIM4_IRQn 0 */
 242:Core/Src/stm32f4xx_it.c **** 
 243:Core/Src/stm32f4xx_it.c ****   /* USER CODE END TIM4_IRQn 0 */
 244:Core/Src/stm32f4xx_it.c ****   HAL_TIM_IRQHandler(&htim4);
 309              		.loc 1 244 3 view .LVU36
 310 0002 0248     		ldr	r0, .L26
 311 0004 FFF7FEFF 		bl	HAL_TIM_IRQHandler
 312              	.LVL3:
 245:Core/Src/stm32f4xx_it.c ****   /* USER CODE BEGIN TIM4_IRQn 1 */
 246:Core/Src/stm32f4xx_it.c **** 
 247:Core/Src/stm32f4xx_it.c ****   /* USER CODE END TIM4_IRQn 1 */
 248:Core/Src/stm32f4xx_it.c **** }
 313              		.loc 1 248 1 is_stmt 0 view .LVU37
 314 0008 08BD     		pop	{r3, pc}
 315              	.L27:
 316 000a 00BF     		.align	2
 317              	.L26:
 318 000c 00000000 		.word	htim4
 319              		.cfi_endproc
 320              	.LFE144:
 322              		.section	.text.USART1_IRQHandler,"ax",%progbits
 323              		.align	1
 324              		.global	USART1_IRQHandler
 325              		.syntax unified
 326              		.thumb
 327              		.thumb_func
 328              		.fpu fpv4-sp-d16
 330              	USART1_IRQHandler:
 331              	.LFB145:
 249:Core/Src/stm32f4xx_it.c **** 
 250:Core/Src/stm32f4xx_it.c **** /**
 251:Core/Src/stm32f4xx_it.c ****   * @brief This function handles USART1 global interrupt.
 252:Core/Src/stm32f4xx_it.c ****   */
 253:Core/Src/stm32f4xx_it.c **** void USART1_IRQHandler(void)
 254:Core/Src/stm32f4xx_it.c **** {
 332              		.loc 1 254 1 is_stmt 1 view -0
 333              		.cfi_startproc
 334              		@ args = 0, pretend = 0, frame = 0
 335              		@ frame_needed = 0, uses_anonymous_args = 0
 336 0000 08B5     		push	{r3, lr}
ARM GAS  C:\Users\20614\AppData\Local\Temp\ccWvIzsZ.s 			page 11


 337              	.LCFI4:
 338              		.cfi_def_cfa_offset 8
 339              		.cfi_offset 3, -8
 340              		.cfi_offset 14, -4
 255:Core/Src/stm32f4xx_it.c ****   /* USER CODE BEGIN USART1_IRQn 0 */
 256:Core/Src/stm32f4xx_it.c **** 
 257:Core/Src/stm32f4xx_it.c ****   /* USER CODE END USART1_IRQn 0 */
 258:Core/Src/stm32f4xx_it.c ****   HAL_UART_IRQHandler(&huart1);
 341              		.loc 1 258 3 view .LVU39
 342 0002 0248     		ldr	r0, .L30
 343 0004 FFF7FEFF 		bl	HAL_UART_IRQHandler
 344              	.LVL4:
 259:Core/Src/stm32f4xx_it.c ****   /* USER CODE BEGIN USART1_IRQn 1 */
 260:Core/Src/stm32f4xx_it.c **** 
 261:Core/Src/stm32f4xx_it.c ****   /* USER CODE END USART1_IRQn 1 */
 262:Core/Src/stm32f4xx_it.c **** }
 345              		.loc 1 262 1 is_stmt 0 view .LVU40
 346 0008 08BD     		pop	{r3, pc}
 347              	.L31:
 348 000a 00BF     		.align	2
 349              	.L30:
 350 000c 00000000 		.word	huart1
 351              		.cfi_endproc
 352              	.LFE145:
 354              		.section	.text.TIM5_IRQHandler,"ax",%progbits
 355              		.align	1
 356              		.global	TIM5_IRQHandler
 357              		.syntax unified
 358              		.thumb
 359              		.thumb_func
 360              		.fpu fpv4-sp-d16
 362              	TIM5_IRQHandler:
 363              	.LFB146:
 263:Core/Src/stm32f4xx_it.c **** 
 264:Core/Src/stm32f4xx_it.c **** /**
 265:Core/Src/stm32f4xx_it.c ****   * @brief This function handles TIM5 global interrupt.
 266:Core/Src/stm32f4xx_it.c ****   */
 267:Core/Src/stm32f4xx_it.c **** void TIM5_IRQHandler(void)
 268:Core/Src/stm32f4xx_it.c **** {
 364              		.loc 1 268 1 is_stmt 1 view -0
 365              		.cfi_startproc
 366              		@ args = 0, pretend = 0, frame = 0
 367              		@ frame_needed = 0, uses_anonymous_args = 0
 368 0000 08B5     		push	{r3, lr}
 369              	.LCFI5:
 370              		.cfi_def_cfa_offset 8
 371              		.cfi_offset 3, -8
 372              		.cfi_offset 14, -4
 269:Core/Src/stm32f4xx_it.c ****   /* USER CODE BEGIN TIM5_IRQn 0 */
 270:Core/Src/stm32f4xx_it.c **** 
 271:Core/Src/stm32f4xx_it.c ****   /* USER CODE END TIM5_IRQn 0 */
 272:Core/Src/stm32f4xx_it.c ****   HAL_TIM_IRQHandler(&htim5);
 373              		.loc 1 272 3 view .LVU42
 374 0002 0248     		ldr	r0, .L34
 375 0004 FFF7FEFF 		bl	HAL_TIM_IRQHandler
 376              	.LVL5:
 273:Core/Src/stm32f4xx_it.c ****   /* USER CODE BEGIN TIM5_IRQn 1 */
ARM GAS  C:\Users\20614\AppData\Local\Temp\ccWvIzsZ.s 			page 12


 274:Core/Src/stm32f4xx_it.c **** 
 275:Core/Src/stm32f4xx_it.c ****   /* USER CODE END TIM5_IRQn 1 */
 276:Core/Src/stm32f4xx_it.c **** }
 377              		.loc 1 276 1 is_stmt 0 view .LVU43
 378 0008 08BD     		pop	{r3, pc}
 379              	.L35:
 380 000a 00BF     		.align	2
 381              	.L34:
 382 000c 00000000 		.word	htim5
 383              		.cfi_endproc
 384              	.LFE146:
 386              		.section	.rodata.TIM6_DAC_IRQHandler.str1.4,"aMS",%progbits,1
 387              		.align	2
 388              	.LC0:
 389 0000 25640A00 		.ascii	"%d\012\000"
 390              		.section	.text.TIM6_DAC_IRQHandler,"ax",%progbits
 391              		.align	1
 392              		.global	TIM6_DAC_IRQHandler
 393              		.syntax unified
 394              		.thumb
 395              		.thumb_func
 396              		.fpu fpv4-sp-d16
 398              	TIM6_DAC_IRQHandler:
 399              	.LFB147:
 277:Core/Src/stm32f4xx_it.c **** 
 278:Core/Src/stm32f4xx_it.c **** /**
 279:Core/Src/stm32f4xx_it.c ****   * @brief This function handles TIM6 global interrupt, DAC1 and DAC2 underrun error interrupts.
 280:Core/Src/stm32f4xx_it.c ****   */
 281:Core/Src/stm32f4xx_it.c **** void TIM6_DAC_IRQHandler(void)
 282:Core/Src/stm32f4xx_it.c **** {
 400              		.loc 1 282 1 is_stmt 1 view -0
 401              		.cfi_startproc
 402              		@ args = 0, pretend = 0, frame = 0
 403              		@ frame_needed = 0, uses_anonymous_args = 0
 404 0000 08B5     		push	{r3, lr}
 405              	.LCFI6:
 406              		.cfi_def_cfa_offset 8
 407              		.cfi_offset 3, -8
 408              		.cfi_offset 14, -4
 283:Core/Src/stm32f4xx_it.c ****   /* USER CODE BEGIN TIM6_DAC_IRQn 0 */
 284:Core/Src/stm32f4xx_it.c ****   uint32_t Encoder_date=0;
 409              		.loc 1 284 3 view .LVU45
 410              	.LVL6:
 285:Core/Src/stm32f4xx_it.c ****   Encoder_date=TIM2->CNT-6720;
 411              		.loc 1 285 3 view .LVU46
 412              		.loc 1 285 20 is_stmt 0 view .LVU47
 413 0002 4FF08043 		mov	r3, #1073741824
 414 0006 596A     		ldr	r1, [r3, #36]
 415              	.LVL7:
 286:Core/Src/stm32f4xx_it.c ****   TIM2->CNT=6720;
 416              		.loc 1 286 3 is_stmt 1 view .LVU48
 417              		.loc 1 286 12 is_stmt 0 view .LVU49
 418 0008 4FF4D252 		mov	r2, #6720
 419 000c 5A62     		str	r2, [r3, #36]
 287:Core/Src/stm32f4xx_it.c ****   printf("%d\n",Encoder_date);
 420              		.loc 1 287 3 is_stmt 1 view .LVU50
 421 000e A1F5D251 		sub	r1, r1, #6720
ARM GAS  C:\Users\20614\AppData\Local\Temp\ccWvIzsZ.s 			page 13


 422              	.LVL8:
 423              		.loc 1 287 3 is_stmt 0 view .LVU51
 424 0012 0348     		ldr	r0, .L38
 425 0014 FFF7FEFF 		bl	printf
 426              	.LVL9:
 288:Core/Src/stm32f4xx_it.c ****   /* USER CODE END TIM6_DAC_IRQn 0 */
 289:Core/Src/stm32f4xx_it.c ****   HAL_TIM_IRQHandler(&htim6);
 427              		.loc 1 289 3 is_stmt 1 view .LVU52
 428 0018 0248     		ldr	r0, .L38+4
 429 001a FFF7FEFF 		bl	HAL_TIM_IRQHandler
 430              	.LVL10:
 290:Core/Src/stm32f4xx_it.c ****   /* USER CODE BEGIN TIM6_DAC_IRQn 1 */
 291:Core/Src/stm32f4xx_it.c **** 
 292:Core/Src/stm32f4xx_it.c ****   /* USER CODE END TIM6_DAC_IRQn 1 */
 293:Core/Src/stm32f4xx_it.c **** }
 431              		.loc 1 293 1 is_stmt 0 view .LVU53
 432 001e 08BD     		pop	{r3, pc}
 433              	.L39:
 434              		.align	2
 435              	.L38:
 436 0020 00000000 		.word	.LC0
 437 0024 00000000 		.word	htim6
 438              		.cfi_endproc
 439              	.LFE147:
 441              		.text
 442              	.Letext0:
 443              		.file 2 "d:\\10 2021.07\\arm-none-eabi\\include\\machine\\_default_types.h"
 444              		.file 3 "d:\\10 2021.07\\arm-none-eabi\\include\\sys\\_stdint.h"
 445              		.file 4 "Drivers/CMSIS/Device/ST/STM32F4xx/Include/stm32f407xx.h"
 446              		.file 5 "Drivers/STM32F4xx_HAL_Driver/Inc/stm32f4xx_hal_def.h"
 447              		.file 6 "Drivers/STM32F4xx_HAL_Driver/Inc/stm32f4xx_hal_dma.h"
 448              		.file 7 "Drivers/STM32F4xx_HAL_Driver/Inc/stm32f4xx_hal_tim.h"
 449              		.file 8 "Drivers/STM32F4xx_HAL_Driver/Inc/stm32f4xx_hal_uart.h"
 450              		.file 9 "d:\\10 2021.07\\arm-none-eabi\\include\\stdio.h"
 451              		.file 10 "Drivers/STM32F4xx_HAL_Driver/Inc/stm32f4xx_hal.h"
ARM GAS  C:\Users\20614\AppData\Local\Temp\ccWvIzsZ.s 			page 14


DEFINED SYMBOLS
                            *ABS*:00000000 stm32f4xx_it.c
C:\Users\20614\AppData\Local\Temp\ccWvIzsZ.s:18     .text.NMI_Handler:00000000 $t
C:\Users\20614\AppData\Local\Temp\ccWvIzsZ.s:26     .text.NMI_Handler:00000000 NMI_Handler
C:\Users\20614\AppData\Local\Temp\ccWvIzsZ.s:44     .text.HardFault_Handler:00000000 $t
C:\Users\20614\AppData\Local\Temp\ccWvIzsZ.s:51     .text.HardFault_Handler:00000000 HardFault_Handler
C:\Users\20614\AppData\Local\Temp\ccWvIzsZ.s:68     .text.MemManage_Handler:00000000 $t
C:\Users\20614\AppData\Local\Temp\ccWvIzsZ.s:75     .text.MemManage_Handler:00000000 MemManage_Handler
C:\Users\20614\AppData\Local\Temp\ccWvIzsZ.s:92     .text.BusFault_Handler:00000000 $t
C:\Users\20614\AppData\Local\Temp\ccWvIzsZ.s:99     .text.BusFault_Handler:00000000 BusFault_Handler
C:\Users\20614\AppData\Local\Temp\ccWvIzsZ.s:116    .text.UsageFault_Handler:00000000 $t
C:\Users\20614\AppData\Local\Temp\ccWvIzsZ.s:123    .text.UsageFault_Handler:00000000 UsageFault_Handler
C:\Users\20614\AppData\Local\Temp\ccWvIzsZ.s:140    .text.SVC_Handler:00000000 $t
C:\Users\20614\AppData\Local\Temp\ccWvIzsZ.s:147    .text.SVC_Handler:00000000 SVC_Handler
C:\Users\20614\AppData\Local\Temp\ccWvIzsZ.s:160    .text.DebugMon_Handler:00000000 $t
C:\Users\20614\AppData\Local\Temp\ccWvIzsZ.s:167    .text.DebugMon_Handler:00000000 DebugMon_Handler
C:\Users\20614\AppData\Local\Temp\ccWvIzsZ.s:180    .text.PendSV_Handler:00000000 $t
C:\Users\20614\AppData\Local\Temp\ccWvIzsZ.s:187    .text.PendSV_Handler:00000000 PendSV_Handler
C:\Users\20614\AppData\Local\Temp\ccWvIzsZ.s:200    .text.SysTick_Handler:00000000 $t
C:\Users\20614\AppData\Local\Temp\ccWvIzsZ.s:207    .text.SysTick_Handler:00000000 SysTick_Handler
C:\Users\20614\AppData\Local\Temp\ccWvIzsZ.s:227    .text.TIM2_IRQHandler:00000000 $t
C:\Users\20614\AppData\Local\Temp\ccWvIzsZ.s:234    .text.TIM2_IRQHandler:00000000 TIM2_IRQHandler
C:\Users\20614\AppData\Local\Temp\ccWvIzsZ.s:254    .text.TIM2_IRQHandler:0000000c $d
C:\Users\20614\AppData\Local\Temp\ccWvIzsZ.s:259    .text.TIM3_IRQHandler:00000000 $t
C:\Users\20614\AppData\Local\Temp\ccWvIzsZ.s:266    .text.TIM3_IRQHandler:00000000 TIM3_IRQHandler
C:\Users\20614\AppData\Local\Temp\ccWvIzsZ.s:286    .text.TIM3_IRQHandler:0000000c $d
C:\Users\20614\AppData\Local\Temp\ccWvIzsZ.s:291    .text.TIM4_IRQHandler:00000000 $t
C:\Users\20614\AppData\Local\Temp\ccWvIzsZ.s:298    .text.TIM4_IRQHandler:00000000 TIM4_IRQHandler
C:\Users\20614\AppData\Local\Temp\ccWvIzsZ.s:318    .text.TIM4_IRQHandler:0000000c $d
C:\Users\20614\AppData\Local\Temp\ccWvIzsZ.s:323    .text.USART1_IRQHandler:00000000 $t
C:\Users\20614\AppData\Local\Temp\ccWvIzsZ.s:330    .text.USART1_IRQHandler:00000000 USART1_IRQHandler
C:\Users\20614\AppData\Local\Temp\ccWvIzsZ.s:350    .text.USART1_IRQHandler:0000000c $d
C:\Users\20614\AppData\Local\Temp\ccWvIzsZ.s:355    .text.TIM5_IRQHandler:00000000 $t
C:\Users\20614\AppData\Local\Temp\ccWvIzsZ.s:362    .text.TIM5_IRQHandler:00000000 TIM5_IRQHandler
C:\Users\20614\AppData\Local\Temp\ccWvIzsZ.s:382    .text.TIM5_IRQHandler:0000000c $d
C:\Users\20614\AppData\Local\Temp\ccWvIzsZ.s:387    .rodata.TIM6_DAC_IRQHandler.str1.4:00000000 $d
C:\Users\20614\AppData\Local\Temp\ccWvIzsZ.s:391    .text.TIM6_DAC_IRQHandler:00000000 $t
C:\Users\20614\AppData\Local\Temp\ccWvIzsZ.s:398    .text.TIM6_DAC_IRQHandler:00000000 TIM6_DAC_IRQHandler
C:\Users\20614\AppData\Local\Temp\ccWvIzsZ.s:436    .text.TIM6_DAC_IRQHandler:00000020 $d

UNDEFINED SYMBOLS
HAL_IncTick
HAL_TIM_IRQHandler
htim2
htim3
htim4
HAL_UART_IRQHandler
huart1
htim5
printf
htim6
